2025-06-07 15:16:47,981 - n_users=78578, n_items=77801	n_interactions=2880201	n_train=2240156, n_test=640045, sparsity=0.00037
2025-06-07 15:16:47,982 - Namespace(data_path='data/', seed=2024, dataset='amazon', verbose=1, save_model=False, epoch=200, n_batch=40, batch_size=10240, train_num=10000, sample_num=40, lr=0.001, embed_size=64, t_size=1, emb_reg=1e-05, int_reg=1e-05, ssl_reg=0.4, kl_reg=0.01, n_layers=2, n_intents=512, temp=0.2, show_step=1, Ks='[20, 40]')
2025-06-07 15:17:22,969 - Epoch  0 [13.2s + 14.0s]: train==[8.49638=1.12372 + 7.36927 + 0.00122 + 0.00217 ], test-recall=[0.0183, 0.0291], test-ndcg=[0.0137, 0.0173]
2025-06-07 15:17:54,613 - Epoch  1 [12.1s + 19.5s]: train==[8.34752=1.01784 + 7.32316 + 0.00434 + 0.00218 ], test-recall=[0.0192, 0.0312], test-ndcg=[0.0146, 0.0185]
2025-06-07 15:18:37,669 - Epoch  2 [23.0s + 20.0s]: train==[7.90378=0.88082 + 7.00677 + 0.01396 + 0.00223 ], test-recall=[0.0220, 0.0351], test-ndcg=[0.0166, 0.0210]
2025-06-07 15:19:21,181 - Epoch  3 [24.5s + 19.0s]: train==[7.27133=0.71418 + 6.52122 + 0.03366 + 0.00227 ], test-recall=[0.0264, 0.0419], test-ndcg=[0.0199, 0.0251]
2025-06-07 15:20:04,746 - Epoch  4 [21.7s + 21.8s]: train==[6.69915=0.57458 + 6.06406 + 0.05822 + 0.00228 ], test-recall=[0.0304, 0.0483], test-ndcg=[0.0229, 0.0288]
2025-06-07 15:20:42,474 - Epoch  5 [24.7s + 13.0s]: train==[6.19907=0.46497 + 5.64633 + 0.08548 + 0.00229 ], test-recall=[0.0340, 0.0545], test-ndcg=[0.0254, 0.0322]
2025-06-07 15:21:09,418 - Epoch  6 [12.5s + 14.5s]: train==[5.76972=0.38656 + 5.26881 + 0.11206 + 0.00229 ], test-recall=[0.0378, 0.0607], test-ndcg=[0.0281, 0.0357]
2025-06-07 15:21:35,591 - Epoch  7 [12.4s + 13.8s]: train==[5.41413=0.33282 + 4.94369 + 0.13532 + 0.00230 ], test-recall=[0.0414, 0.0663], test-ndcg=[0.0308, 0.0391]
2025-06-07 15:22:01,527 - Epoch  8 [13.2s + 12.8s]: train==[5.13384=0.29907 + 4.67851 + 0.15396 + 0.00230 ], test-recall=[0.0450, 0.0717], test-ndcg=[0.0335, 0.0423]
2025-06-07 15:22:31,252 - Epoch  9 [15.6s + 14.1s]: train==[4.92047=0.27842 + 4.47173 + 0.16802 + 0.00231 ], test-recall=[0.0487, 0.0771], test-ndcg=[0.0362, 0.0456]
2025-06-07 15:22:57,038 - Epoch 10 [12.9s + 12.9s]: train==[4.76182=0.26749 + 4.31347 + 0.17855 + 0.00231 ], test-recall=[0.0526, 0.0826], test-ndcg=[0.0390, 0.0490]
2025-06-07 15:23:25,445 - Epoch 11 [12.8s + 15.6s]: train==[4.64295=0.26145 + 4.19286 + 0.18632 + 0.00232 ], test-recall=[0.0561, 0.0879], test-ndcg=[0.0417, 0.0523]
2025-06-07 15:23:54,481 - Epoch 12 [14.9s + 14.2s]: train==[4.55174=0.25980 + 4.09706 + 0.19256 + 0.00232 ], test-recall=[0.0595, 0.0933], test-ndcg=[0.0444, 0.0556]
2025-06-07 15:24:22,805 - Epoch 13 [14.1s + 14.3s]: train==[4.47814=0.25814 + 4.01980 + 0.19787 + 0.00233 ], test-recall=[0.0630, 0.0980], test-ndcg=[0.0470, 0.0586]
2025-06-07 15:24:53,925 - Epoch 14 [16.2s + 14.9s]: train==[4.42104=0.25839 + 3.95804 + 0.20227 + 0.00233 ], test-recall=[0.0661, 0.1025], test-ndcg=[0.0495, 0.0615]
2025-06-07 15:25:18,533 - Epoch 15 [12.2s + 12.4s]: train==[4.37465=0.25822 + 3.90785 + 0.20624 + 0.00234 ], test-recall=[0.0689, 0.1066], test-ndcg=[0.0517, 0.0642]
2025-06-07 15:25:42,559 - Epoch 16 [11.9s + 12.1s]: train==[4.33692=0.25851 + 3.86655 + 0.20953 + 0.00234 ], test-recall=[0.0717, 0.1104], test-ndcg=[0.0539, 0.0667]
2025-06-07 15:26:09,073 - Epoch 17 [12.6s + 13.9s]: train==[4.30565=0.25875 + 3.83225 + 0.21231 + 0.00234 ], test-recall=[0.0741, 0.1134], test-ndcg=[0.0558, 0.0689]
2025-06-07 15:26:56,046 - Epoch 18 [27.9s + 19.0s]: train==[4.27945=0.25897 + 3.80348 + 0.21465 + 0.00235 ], test-recall=[0.0765, 0.1160], test-ndcg=[0.0577, 0.0708]
2025-06-07 15:27:48,916 - Epoch 19 [32.8s + 20.1s]: train==[4.25804=0.25864 + 3.78030 + 0.21675 + 0.00235 ], test-recall=[0.0784, 0.1186], test-ndcg=[0.0593, 0.0726]
2025-06-07 15:28:31,143 - Epoch 20 [24.1s + 18.1s]: train==[4.24034=0.25880 + 3.76077 + 0.21842 + 0.00236 ], test-recall=[0.0800, 0.1206], test-ndcg=[0.0607, 0.0741]
2025-06-07 15:29:12,546 - Epoch 21 [21.4s + 20.0s]: train==[4.22309=0.25813 + 3.74280 + 0.21980 + 0.00236 ], test-recall=[0.0817, 0.1225], test-ndcg=[0.0620, 0.0755]
2025-06-07 15:29:56,763 - Epoch 22 [30.2s + 14.0s]: train==[4.21032=0.25800 + 3.72900 + 0.22096 + 0.00236 ], test-recall=[0.0832, 0.1244], test-ndcg=[0.0632, 0.0768]
2025-06-07 15:30:23,281 - Epoch 23 [13.5s + 13.1s]: train==[4.19907=0.25726 + 3.71750 + 0.22194 + 0.00237 ], test-recall=[0.0842, 0.1261], test-ndcg=[0.0642, 0.0780]
2025-06-07 15:30:50,587 - Epoch 24 [12.8s + 14.5s]: train==[4.18887=0.25692 + 3.70677 + 0.22281 + 0.00237 ], test-recall=[0.0854, 0.1274], test-ndcg=[0.0652, 0.0790]
2025-06-07 15:31:15,849 - Epoch 25 [12.7s + 12.5s]: train==[4.17944=0.25640 + 3.69705 + 0.22361 + 0.00237 ], test-recall=[0.0865, 0.1287], test-ndcg=[0.0661, 0.0800]
2025-06-07 15:31:44,865 - Epoch 26 [16.0s + 13.0s]: train==[4.17149=0.25535 + 3.68952 + 0.22424 + 0.00238 ], test-recall=[0.0873, 0.1299], test-ndcg=[0.0669, 0.0809]
2025-06-07 15:32:10,981 - Epoch 27 [12.8s + 13.3s]: train==[4.16427=0.25490 + 3.68223 + 0.22476 + 0.00238 ], test-recall=[0.0882, 0.1311], test-ndcg=[0.0676, 0.0818]
2025-06-07 15:32:36,828 - Epoch 28 [12.9s + 12.9s]: train==[4.15797=0.25428 + 3.67604 + 0.22527 + 0.00238 ], test-recall=[0.0891, 0.1320], test-ndcg=[0.0684, 0.0826]
2025-06-07 15:33:02,172 - Epoch 29 [12.1s + 13.2s]: train==[4.15253=0.25392 + 3.67043 + 0.22579 + 0.00239 ], test-recall=[0.0898, 0.1328], test-ndcg=[0.0690, 0.0832]
2025-06-07 15:33:30,931 - Epoch 30 [13.4s + 15.4s]: train==[4.14680=0.25302 + 3.66518 + 0.22621 + 0.00239 ], test-recall=[0.0905, 0.1339], test-ndcg=[0.0696, 0.0839]
2025-06-07 15:34:02,875 - Epoch 31 [17.7s + 14.2s]: train==[4.14288=0.25232 + 3.66160 + 0.22657 + 0.00239 ], test-recall=[0.0912, 0.1348], test-ndcg=[0.0700, 0.0844]
2025-06-07 15:34:30,431 - Epoch 32 [14.6s + 13.0s]: train==[4.13738=0.25079 + 3.65718 + 0.22702 + 0.00240 ], test-recall=[0.0916, 0.1355], test-ndcg=[0.0705, 0.0850]
2025-06-07 15:34:58,735 - Epoch 33 [14.0s + 14.3s]: train==[4.13418=0.25048 + 3.65386 + 0.22744 + 0.00240 ], test-recall=[0.0924, 0.1363], test-ndcg=[0.0710, 0.0856]
2025-06-07 15:35:27,223 - Epoch 34 [14.8s + 13.7s]: train==[4.12992=0.24945 + 3.65019 + 0.22788 + 0.00240 ], test-recall=[0.0929, 0.1368], test-ndcg=[0.0715, 0.0860]
2025-06-07 15:35:54,733 - Epoch 35 [14.4s + 13.1s]: train==[4.12608=0.24891 + 3.64654 + 0.22822 + 0.00241 ], test-recall=[0.0933, 0.1378], test-ndcg=[0.0719, 0.0865]
2025-06-07 15:36:26,498 - Epoch 36 [17.8s + 13.9s]: train==[4.12279=0.24858 + 3.64334 + 0.22846 + 0.00241 ], test-recall=[0.0937, 0.1385], test-ndcg=[0.0722, 0.0870]
2025-06-07 15:36:54,817 - Epoch 37 [14.4s + 13.9s]: train==[4.12007=0.24748 + 3.64133 + 0.22885 + 0.00241 ], test-recall=[0.0944, 0.1392], test-ndcg=[0.0727, 0.0875]
2025-06-07 15:37:22,164 - Epoch 38 [14.5s + 12.9s]: train==[4.11770=0.24657 + 3.63948 + 0.22924 + 0.00241 ], test-recall=[0.0949, 0.1400], test-ndcg=[0.0731, 0.0880]
2025-06-07 15:37:48,648 - Epoch 39 [13.4s + 13.1s]: train==[4.11379=0.24533 + 3.63639 + 0.22965 + 0.00242 ], test-recall=[0.0952, 0.1406], test-ndcg=[0.0735, 0.0884]
2025-06-07 15:38:14,717 - Epoch 40 [13.1s + 13.0s]: train==[4.11195=0.24507 + 3.63454 + 0.22992 + 0.00242 ], test-recall=[0.0955, 0.1413], test-ndcg=[0.0737, 0.0888]
2025-06-07 15:38:43,545 - Epoch 41 [16.7s + 12.2s]: train==[4.10938=0.24396 + 3.63269 + 0.23030 + 0.00242 ], test-recall=[0.0961, 0.1417], test-ndcg=[0.0742, 0.0892]
2025-06-07 15:39:08,049 - Epoch 42 [12.0s + 12.5s]: train==[4.10701=0.24335 + 3.63057 + 0.23065 + 0.00243 ], test-recall=[0.0967, 0.1423], test-ndcg=[0.0746, 0.0896]
2025-06-07 15:39:32,624 - Epoch 43 [12.1s + 12.5s]: train==[4.10479=0.24264 + 3.62880 + 0.23091 + 0.00243 ], test-recall=[0.0971, 0.1427], test-ndcg=[0.0749, 0.0899]
2025-06-07 15:39:57,755 - Epoch 44 [12.6s + 12.5s]: train==[4.10331=0.24218 + 3.62746 + 0.23123 + 0.00243 ], test-recall=[0.0975, 0.1432], test-ndcg=[0.0752, 0.0902]
2025-06-07 15:40:23,058 - Epoch 45 [12.8s + 12.5s]: train==[4.10127=0.24125 + 3.62597 + 0.23162 + 0.00243 ], test-recall=[0.0979, 0.1436], test-ndcg=[0.0755, 0.0906]
2025-06-07 15:40:51,650 - Epoch 46 [16.3s + 12.3s]: train==[4.09916=0.24062 + 3.62421 + 0.23190 + 0.00244 ], test-recall=[0.0983, 0.1444], test-ndcg=[0.0758, 0.0910]
2025-06-07 15:41:17,412 - Epoch 47 [12.4s + 13.3s]: train==[4.09725=0.24001 + 3.62266 + 0.23213 + 0.00244 ], test-recall=[0.0986, 0.1450], test-ndcg=[0.0761, 0.0914]
2025-06-07 15:41:43,115 - Epoch 48 [13.1s + 12.6s]: train==[4.09629=0.23948 + 3.62195 + 0.23241 + 0.00244 ], test-recall=[0.0989, 0.1455], test-ndcg=[0.0763, 0.0917]
2025-06-07 15:42:19,060 - Epoch 49 [17.2s + 18.7s]: train==[4.09409=0.23838 + 3.62051 + 0.23276 + 0.00245 ], test-recall=[0.0992, 0.1459], test-ndcg=[0.0766, 0.0920]
2025-06-07 15:43:00,993 - Epoch 50 [24.1s + 17.8s]: train==[4.09337=0.23826 + 3.61961 + 0.23306 + 0.00245 ], test-recall=[0.0995, 0.1461], test-ndcg=[0.0769, 0.0922]
2025-06-07 15:43:49,279 - Epoch 51 [28.8s + 19.4s]: train==[4.09166=0.23715 + 3.61869 + 0.23337 + 0.00245 ], test-recall=[0.0997, 0.1467], test-ndcg=[0.0771, 0.0925]
2025-06-07 15:44:30,056 - Epoch 52 [24.4s + 16.4s]: train==[4.09045=0.23685 + 3.61751 + 0.23364 + 0.00245 ], test-recall=[0.1002, 0.1471], test-ndcg=[0.0774, 0.0929]
2025-06-07 15:44:56,390 - Epoch 53 [12.9s + 13.4s]: train==[4.08856=0.23601 + 3.61619 + 0.23390 + 0.00246 ], test-recall=[0.1004, 0.1476], test-ndcg=[0.0776, 0.0931]
2025-06-07 15:45:23,542 - Epoch 54 [13.9s + 13.2s]: train==[4.08711=0.23562 + 3.61493 + 0.23411 + 0.00246 ], test-recall=[0.1007, 0.1480], test-ndcg=[0.0778, 0.0934]
2025-06-07 15:45:59,349 - Epoch 55 [16.7s + 19.1s]: train==[4.08639=0.23509 + 3.61451 + 0.23433 + 0.00246 ], test-recall=[0.1008, 0.1484], test-ndcg=[0.0780, 0.0937]
2025-06-07 15:46:42,032 - Epoch 56 [26.2s + 16.5s]: train==[4.08525=0.23468 + 3.61345 + 0.23467 + 0.00246 ], test-recall=[0.1009, 0.1487], test-ndcg=[0.0782, 0.0939]
2025-06-07 15:47:28,823 - Epoch 57 [27.3s + 19.5s]: train==[4.08371=0.23402 + 3.61242 + 0.23479 + 0.00247 ], test-recall=[0.1012, 0.1492], test-ndcg=[0.0783, 0.0941]
2025-06-07 15:48:09,699 - Epoch 58 [26.0s + 14.9s]: train==[4.08377=0.23390 + 3.61236 + 0.23504 + 0.00247 ], test-recall=[0.1016, 0.1496], test-ndcg=[0.0787, 0.0945]
2025-06-07 15:48:43,344 - Epoch 59 [15.7s + 18.0s]: train==[4.08169=0.23305 + 3.61084 + 0.23532 + 0.00247 ], test-recall=[0.1018, 0.1500], test-ndcg=[0.0789, 0.0947]
2025-06-07 15:49:19,447 - Epoch 60 [23.9s + 12.2s]: train==[4.08071=0.23256 + 3.61023 + 0.23544 + 0.00248 ], test-recall=[0.1021, 0.1504], test-ndcg=[0.0790, 0.0949]
2025-06-07 15:49:43,737 - Epoch 61 [11.9s + 12.4s]: train==[4.07979=0.23211 + 3.60956 + 0.23564 + 0.00248 ], test-recall=[0.1024, 0.1508], test-ndcg=[0.0792, 0.0952]
2025-06-07 15:50:10,093 - Epoch 62 [13.6s + 12.7s]: train==[4.07908=0.23198 + 3.60881 + 0.23581 + 0.00248 ], test-recall=[0.1025, 0.1513], test-ndcg=[0.0794, 0.0954]
2025-06-07 15:50:37,976 - Epoch 63 [15.6s + 12.2s]: train==[4.07808=0.23145 + 3.60820 + 0.23596 + 0.00248 ], test-recall=[0.1027, 0.1516], test-ndcg=[0.0796, 0.0957]
2025-06-07 15:51:03,170 - Epoch 64 [12.9s + 12.3s]: train==[4.07737=0.23124 + 3.60750 + 0.23615 + 0.00249 ], test-recall=[0.1029, 0.1518], test-ndcg=[0.0798, 0.0958]
2025-06-07 15:51:28,509 - Epoch 65 [12.4s + 13.0s]: train==[4.07617=0.23047 + 3.60693 + 0.23629 + 0.00249 ], test-recall=[0.1032, 0.1521], test-ndcg=[0.0800, 0.0960]
2025-06-07 15:51:53,962 - Epoch 66 [12.5s + 12.9s]: train==[4.07545=0.23012 + 3.60644 + 0.23640 + 0.00249 ], test-recall=[0.1034, 0.1524], test-ndcg=[0.0802, 0.0963]
2025-06-07 15:52:21,867 - Epoch 67 [13.8s + 14.1s]: train==[4.07482=0.22985 + 3.60593 + 0.23655 + 0.00249 ], test-recall=[0.1035, 0.1524], test-ndcg=[0.0804, 0.0964]
2025-06-07 15:52:57,278 - Epoch 68 [21.9s + 13.5s]: train==[4.07390=0.22925 + 3.60546 + 0.23669 + 0.00250 ], test-recall=[0.1037, 0.1528], test-ndcg=[0.0805, 0.0967]
2025-06-07 15:53:23,393 - Epoch 69 [12.8s + 13.3s]: train==[4.07285=0.22896 + 3.60452 + 0.23687 + 0.00250 ], test-recall=[0.1041, 0.1531], test-ndcg=[0.0808, 0.0968]
2025-06-07 15:53:50,048 - Epoch 70 [13.4s + 13.2s]: train==[4.07228=0.22883 + 3.60408 + 0.23687 + 0.00250 ], test-recall=[0.1042, 0.1534], test-ndcg=[0.0808, 0.0969]
2025-06-07 15:54:16,290 - Epoch 71 [13.6s + 12.7s]: train==[4.07143=0.22838 + 3.60348 + 0.23707 + 0.00250 ], test-recall=[0.1045, 0.1536], test-ndcg=[0.0811, 0.0972]
2025-06-07 15:54:48,303 - Epoch 72 [13.1s + 18.9s]: train==[4.07104=0.22818 + 3.60326 + 0.23709 + 0.00251 ], test-recall=[0.1045, 0.1537], test-ndcg=[0.0811, 0.0972]
2025-06-07 15:55:17,570 - Epoch 73 [16.4s + 12.9s]: train==[4.06974=0.22747 + 3.60253 + 0.23724 + 0.00251 ], test-recall=[0.1047, 0.1541], test-ndcg=[0.0813, 0.0975]
2025-06-07 15:55:44,788 - Epoch 74 [13.0s + 14.3s]: train==[4.06933=0.22739 + 3.60203 + 0.23739 + 0.00251 ], test-recall=[0.1049, 0.1542], test-ndcg=[0.0815, 0.0977]
2025-06-07 15:56:14,580 - Epoch 75 [14.7s + 15.1s]: train==[4.06892=0.22699 + 3.60202 + 0.23740 + 0.00251 ], test-recall=[0.1050, 0.1546], test-ndcg=[0.0815, 0.0977]
2025-06-07 15:56:42,388 - Epoch 76 [14.3s + 13.5s]: train==[4.06891=0.22722 + 3.60166 + 0.23752 + 0.00252 ], test-recall=[0.1052, 0.1550], test-ndcg=[0.0817, 0.0980]
2025-06-07 15:57:09,733 - Epoch 77 [13.3s + 14.0s]: train==[4.06740=0.22670 + 3.60060 + 0.23757 + 0.00252 ], test-recall=[0.1055, 0.1550], test-ndcg=[0.0819, 0.0980]
2025-06-07 15:57:40,615 - Epoch 78 [16.8s + 14.1s]: train==[4.06693=0.22664 + 3.60016 + 0.23760 + 0.00252 ], test-recall=[0.1055, 0.1551], test-ndcg=[0.0820, 0.0982]
2025-06-07 15:58:07,702 - Epoch 79 [14.0s + 13.1s]: train==[4.06625=0.22602 + 3.60006 + 0.23765 + 0.00252 ], test-recall=[0.1056, 0.1556], test-ndcg=[0.0820, 0.0984]
2025-06-07 15:58:38,763 - Epoch 80 [13.3s + 17.7s]: train==[4.06535=0.22583 + 3.59925 + 0.23774 + 0.00252 ], test-recall=[0.1058, 0.1561], test-ndcg=[0.0821, 0.0986]
2025-06-07 15:59:24,234 - Epoch 81 [26.0s + 19.5s]: train==[4.06521=0.22588 + 3.59900 + 0.23780 + 0.00253 ], test-recall=[0.1061, 0.1562], test-ndcg=[0.0823, 0.0987]
2025-06-07 16:00:10,847 - Epoch 82 [28.4s + 18.2s]: train==[4.06436=0.22538 + 3.59870 + 0.23775 + 0.00253 ], test-recall=[0.1062, 0.1565], test-ndcg=[0.0824, 0.0989]
2025-06-07 16:00:53,418 - Epoch 83 [24.8s + 17.8s]: train==[4.06475=0.22552 + 3.59890 + 0.23779 + 0.00253 ], test-recall=[0.1066, 0.1566], test-ndcg=[0.0827, 0.0990]
2025-06-07 16:01:36,427 - Epoch 84 [24.4s + 18.6s]: train==[4.06382=0.22512 + 3.59830 + 0.23786 + 0.00253 ], test-recall=[0.1065, 0.1566], test-ndcg=[0.0828, 0.0991]
2025-06-07 16:02:22,347 - Epoch 85 [27.2s + 18.7s]: train==[4.06312=0.22484 + 3.59773 + 0.23801 + 0.00254 ], test-recall=[0.1069, 0.1570], test-ndcg=[0.0829, 0.0993]
2025-06-07 16:03:04,962 - Epoch 86 [24.9s + 17.7s]: train==[4.06267=0.22459 + 3.59755 + 0.23799 + 0.00254 ], test-recall=[0.1071, 0.1572], test-ndcg=[0.0830, 0.0995]
2025-06-07 16:03:48,274 - Epoch 87 [24.7s + 18.6s]: train==[4.06217=0.22468 + 3.59694 + 0.23801 + 0.00254 ], test-recall=[0.1071, 0.1573], test-ndcg=[0.0832, 0.0996]
2025-06-07 16:04:34,665 - Epoch 88 [28.1s + 18.3s]: train==[4.06194=0.22435 + 3.59696 + 0.23809 + 0.00254 ], test-recall=[0.1072, 0.1574], test-ndcg=[0.0833, 0.0997]
2025-06-07 16:05:16,009 - Epoch 89 [22.8s + 18.5s]: train==[4.06120=0.22423 + 3.59632 + 0.23811 + 0.00255 ], test-recall=[0.1075, 0.1575], test-ndcg=[0.0833, 0.0997]
2025-06-07 16:05:59,815 - Epoch 90 [25.2s + 18.6s]: train==[4.06093=0.22406 + 3.59622 + 0.23810 + 0.00255 ], test-recall=[0.1075, 0.1576], test-ndcg=[0.0834, 0.0998]
2025-06-07 16:06:45,603 - Epoch 91 [27.8s + 18.0s]: train==[4.06060=0.22362 + 3.59641 + 0.23803 + 0.00255 ], test-recall=[0.1077, 0.1579], test-ndcg=[0.0836, 0.1000]
2025-06-07 16:07:28,554 - Epoch 92 [24.7s + 18.2s]: train==[4.05991=0.22345 + 3.59583 + 0.23808 + 0.00255 ], test-recall=[0.1080, 0.1580], test-ndcg=[0.0838, 0.1001]
2025-06-07 16:08:10,176 - Epoch 93 [25.6s + 16.0s]: train==[4.06030=0.22359 + 3.59606 + 0.23811 + 0.00255 ], test-recall=[0.1076, 0.1583], test-ndcg=[0.0837, 0.1002]
2025-06-07 16:08:53,922 - Epoch 94 [26.4s + 17.4s]: train==[4.06028=0.22326 + 3.59639 + 0.23808 + 0.00256 ], test-recall=[0.1077, 0.1583], test-ndcg=[0.0838, 0.1003]
2025-06-07 16:09:34,936 - Epoch 95 [23.5s + 17.5s]: train==[4.05992=0.22334 + 3.59583 + 0.23819 + 0.00256 ], test-recall=[0.1079, 0.1586], test-ndcg=[0.0838, 0.1004]
2025-06-07 16:10:16,075 - Epoch 96 [23.9s + 17.2s]: train==[4.05999=0.22306 + 3.59612 + 0.23824 + 0.00256 ], test-recall=[0.1080, 0.1586], test-ndcg=[0.0840, 0.1005]
2025-06-07 16:11:00,965 - Epoch 97 [27.7s + 17.2s]: train==[4.05906=0.22273 + 3.59554 + 0.23822 + 0.00256 ], test-recall=[0.1081, 0.1587], test-ndcg=[0.0841, 0.1006]
2025-06-07 16:11:29,913 - Epoch 98 [15.1s + 13.9s]: train==[4.05859=0.22263 + 3.59518 + 0.23821 + 0.00257 ], test-recall=[0.1083, 0.1587], test-ndcg=[0.0842, 0.1007]
2025-06-07 16:12:00,495 - Epoch 99 [14.4s + 16.2s]: train==[4.05816=0.22265 + 3.59482 + 0.23812 + 0.00257 ], test-recall=[0.1086, 0.1588], test-ndcg=[0.0843, 0.1008]
2025-06-07 16:12:28,954 - Epoch 100 [15.2s + 13.2s]: train==[4.05853=0.22230 + 3.59554 + 0.23812 + 0.00257 ], test-recall=[0.1087, 0.1590], test-ndcg=[0.0845, 0.1009]
2025-06-07 16:13:00,988 - Epoch 101 [17.3s + 14.8s]: train==[4.05848=0.22207 + 3.59564 + 0.23819 + 0.00257 ], test-recall=[0.1087, 0.1589], test-ndcg=[0.0845, 0.1009]
2025-06-07 16:13:28,791 - Epoch 102 [13.8s + 14.0s]: train==[4.05823=0.22229 + 3.59515 + 0.23822 + 0.00258 ], test-recall=[0.1088, 0.1591], test-ndcg=[0.0846, 0.1011]
2025-06-07 16:13:56,487 - Epoch 103 [13.3s + 14.4s]: train==[4.05764=0.22188 + 3.59500 + 0.23818 + 0.00258 ], test-recall=[0.1088, 0.1590], test-ndcg=[0.0846, 0.1010]
2025-06-07 16:14:23,954 - Epoch 104 [14.0s + 13.5s]: train==[4.05772=0.22206 + 3.59494 + 0.23813 + 0.00258 ], test-recall=[0.1089, 0.1591], test-ndcg=[0.0846, 0.1011]
2025-06-07 16:14:51,778 - Epoch 105 [13.2s + 14.6s]: train==[4.05715=0.22161 + 3.59482 + 0.23814 + 0.00258 ], test-recall=[0.1088, 0.1594], test-ndcg=[0.0846, 0.1012]
2025-06-07 16:15:23,295 - Epoch 106 [16.9s + 14.6s]: train==[4.05719=0.22181 + 3.59472 + 0.23808 + 0.00258 ], test-recall=[0.1091, 0.1595], test-ndcg=[0.0847, 0.1013]
2025-06-07 16:15:50,183 - Epoch 107 [13.6s + 13.2s]: train==[4.05697=0.22139 + 3.59484 + 0.23816 + 0.00259 ], test-recall=[0.1094, 0.1597], test-ndcg=[0.0849, 0.1014]
2025-06-07 16:16:16,270 - Epoch 108 [13.2s + 12.9s]: train==[4.05672=0.22120 + 3.59485 + 0.23808 + 0.00259 ], test-recall=[0.1093, 0.1600], test-ndcg=[0.0849, 0.1015]
2025-06-07 16:16:43,238 - Epoch 109 [13.9s + 13.1s]: train==[4.05699=0.22142 + 3.59483 + 0.23815 + 0.00259 ], test-recall=[0.1094, 0.1602], test-ndcg=[0.0849, 0.1016]
2025-06-07 16:17:09,883 - Epoch 110 [13.4s + 13.2s]: train==[4.05694=0.22121 + 3.59495 + 0.23819 + 0.00259 ], test-recall=[0.1093, 0.1604], test-ndcg=[0.0849, 0.1017]
2025-06-07 16:17:43,438 - Epoch 111 [18.2s + 15.3s]: train==[4.05699=0.22121 + 3.59498 + 0.23820 + 0.00260 ], test-recall=[0.1095, 0.1606], test-ndcg=[0.0851, 0.1018]
2025-06-07 16:18:13,606 - Epoch 112 [15.9s + 14.3s]: train==[4.05676=0.22086 + 3.59515 + 0.23815 + 0.00260 ], test-recall=[0.1094, 0.1605], test-ndcg=[0.0850, 0.1017]
2025-06-07 16:18:41,161 - Epoch 113 [14.3s + 13.3s]: train==[4.05664=0.22096 + 3.59483 + 0.23825 + 0.00260 ], test-recall=[0.1095, 0.1605], test-ndcg=[0.0852, 0.1018]
2025-06-07 16:19:07,811 - Epoch 114 [13.4s + 13.3s]: train==[4.05649=0.22082 + 3.59487 + 0.23819 + 0.00260 ], test-recall=[0.1096, 0.1609], test-ndcg=[0.0852, 0.1019]
2025-06-07 16:19:33,122 - Epoch 115 [12.2s + 13.2s]: train==[4.05547=0.22023 + 3.59443 + 0.23820 + 0.00261 ], test-recall=[0.1099, 0.1606], test-ndcg=[0.0853, 0.1019]
2025-06-07 16:20:02,315 - Epoch 116 [16.9s + 12.3s]: train==[4.05601=0.22017 + 3.59502 + 0.23821 + 0.00261 ], test-recall=[0.1102, 0.1609], test-ndcg=[0.0854, 0.1020]
2025-06-07 16:20:30,413 - Epoch 117 [12.9s + 15.2s]: train==[4.05493=0.21992 + 3.59421 + 0.23819 + 0.00261 ], test-recall=[0.1101, 0.1609], test-ndcg=[0.0855, 0.1021]
2025-06-07 16:20:57,380 - Epoch 118 [13.4s + 13.5s]: train==[4.05492=0.22000 + 3.59420 + 0.23810 + 0.00261 ], test-recall=[0.1103, 0.1610], test-ndcg=[0.0855, 0.1021]
2025-06-07 16:21:22,722 - Epoch 119 [12.7s + 12.6s]: train==[4.05528=0.22023 + 3.59431 + 0.23812 + 0.00262 ], test-recall=[0.1106, 0.1607], test-ndcg=[0.0857, 0.1021]
2025-06-07 16:21:55,620 - Epoch 120 [12.9s + 20.0s]: train==[4.05527=0.21988 + 3.59466 + 0.23811 + 0.00262 ], test-recall=[0.1104, 0.1610], test-ndcg=[0.0857, 0.1022]
2025-06-07 16:22:44,407 - Epoch 121 [30.4s + 18.4s]: train==[4.05512=0.22002 + 3.59439 + 0.23809 + 0.00262 ], test-recall=[0.1104, 0.1610], test-ndcg=[0.0857, 0.1023]
2025-06-07 16:23:28,956 - Epoch 122 [25.2s + 19.4s]: train==[4.05508=0.21992 + 3.59446 + 0.23807 + 0.00262 ], test-recall=[0.1104, 0.1613], test-ndcg=[0.0857, 0.1024]
2025-06-07 16:24:15,056 - Epoch 123 [28.7s + 17.4s]: train==[4.05473=0.21980 + 3.59422 + 0.23809 + 0.00263 ], test-recall=[0.1105, 0.1615], test-ndcg=[0.0858, 0.1025]
2025-06-07 16:24:57,093 - Epoch 124 [26.2s + 15.8s]: train==[4.05473=0.21954 + 3.59446 + 0.23810 + 0.00263 ], test-recall=[0.1105, 0.1613], test-ndcg=[0.0858, 0.1025]
2025-06-07 16:25:45,263 - Epoch 125 [28.6s + 19.5s]: train==[4.05415=0.21918 + 3.59428 + 0.23806 + 0.00263 ], test-recall=[0.1106, 0.1616], test-ndcg=[0.0859, 0.1026]
2025-06-07 16:26:16,924 - Epoch 126 [18.7s + 13.0s]: train==[4.05461=0.21943 + 3.59447 + 0.23807 + 0.00263 ], test-recall=[0.1107, 0.1618], test-ndcg=[0.0860, 0.1027]
2025-06-07 16:26:45,180 - Epoch 127 [14.4s + 13.8s]: train==[4.05423=0.21927 + 3.59425 + 0.23808 + 0.00263 ], test-recall=[0.1107, 0.1616], test-ndcg=[0.0860, 0.1027]
2025-06-07 16:27:09,792 - Epoch 128 [12.7s + 11.9s]: train==[4.05445=0.21929 + 3.59442 + 0.23810 + 0.00264 ], test-recall=[0.1108, 0.1615], test-ndcg=[0.0861, 0.1027]
2025-06-07 16:27:34,640 - Epoch 129 [12.9s + 11.9s]: train==[4.05371=0.21895 + 3.59411 + 0.23801 + 0.00264 ], test-recall=[0.1107, 0.1616], test-ndcg=[0.0861, 0.1028]
2025-06-07 16:27:59,561 - Epoch 130 [12.3s + 12.6s]: train==[4.05408=0.21903 + 3.59437 + 0.23804 + 0.00264 ], test-recall=[0.1109, 0.1619], test-ndcg=[0.0862, 0.1029]
2025-06-07 16:28:25,967 - Epoch 131 [13.2s + 13.2s]: train==[4.05353=0.21895 + 3.59395 + 0.23798 + 0.00264 ], test-recall=[0.1110, 0.1623], test-ndcg=[0.0862, 0.1030]
2025-06-07 16:28:56,351 - Epoch 132 [16.1s + 14.3s]: train==[4.05344=0.21880 + 3.59402 + 0.23797 + 0.00265 ], test-recall=[0.1110, 0.1624], test-ndcg=[0.0862, 0.1030]
2025-06-07 16:29:25,946 - Epoch 133 [13.1s + 16.5s]: train==[4.05356=0.21898 + 3.59394 + 0.23798 + 0.00265 ], test-recall=[0.1111, 0.1624], test-ndcg=[0.0863, 0.1031]
2025-06-07 16:29:56,868 - Epoch 134 [15.4s + 15.5s]: train==[4.05336=0.21904 + 3.59375 + 0.23792 + 0.00265 ], test-recall=[0.1111, 0.1622], test-ndcg=[0.0863, 0.1030]
2025-06-07 16:30:24,446 - Epoch 135 [13.9s + 13.6s]: train==[4.05328=0.21883 + 3.59389 + 0.23790 + 0.00265 ], test-recall=[0.1111, 0.1623], test-ndcg=[0.0863, 0.1031]
2025-06-07 16:30:50,600 - Epoch 136 [13.4s + 12.7s]: train==[4.05323=0.21865 + 3.59407 + 0.23786 + 0.00265 ], test-recall=[0.1112, 0.1625], test-ndcg=[0.0864, 0.1031]
2025-06-07 16:31:21,411 - Epoch 137 [16.9s + 13.9s]: train==[4.05373=0.21886 + 3.59433 + 0.23788 + 0.00266 ], test-recall=[0.1113, 0.1627], test-ndcg=[0.0864, 0.1032]
2025-06-07 16:31:47,374 - Epoch 138 [13.2s + 12.8s]: train==[4.05315=0.21851 + 3.59409 + 0.23788 + 0.00266 ], test-recall=[0.1113, 0.1626], test-ndcg=[0.0864, 0.1032]
2025-06-07 16:32:15,357 - Epoch 139 [14.7s + 13.3s]: train==[4.05320=0.21808 + 3.59455 + 0.23791 + 0.00266 ], test-recall=[0.1114, 0.1626], test-ndcg=[0.0864, 0.1032]
2025-06-07 16:32:40,873 - Epoch 140 [12.5s + 13.0s]: train==[4.05261=0.21856 + 3.59343 + 0.23796 + 0.00266 ], test-recall=[0.1112, 0.1625], test-ndcg=[0.0864, 0.1032]
2025-06-07 16:33:07,053 - Epoch 141 [14.0s + 12.2s]: train==[4.05272=0.21846 + 3.59376 + 0.23783 + 0.00267 ], test-recall=[0.1111, 0.1627], test-ndcg=[0.0864, 0.1033]
2025-06-07 16:33:36,943 - Epoch 142 [15.7s + 14.2s]: train==[4.05262=0.21814 + 3.59396 + 0.23786 + 0.00267 ], test-recall=[0.1112, 0.1627], test-ndcg=[0.0865, 0.1033]
2025-06-07 16:34:04,066 - Epoch 143 [13.2s + 14.0s]: train==[4.05288=0.21840 + 3.59391 + 0.23790 + 0.00267 ], test-recall=[0.1115, 0.1626], test-ndcg=[0.0865, 0.1032]
2025-06-07 16:34:30,874 - Epoch 144 [13.3s + 13.5s]: train==[4.05271=0.21855 + 3.59360 + 0.23788 + 0.00267 ], test-recall=[0.1116, 0.1627], test-ndcg=[0.0866, 0.1033]
2025-06-07 16:34:56,790 - Epoch 145 [12.3s + 13.7s]: train==[4.05278=0.21829 + 3.59402 + 0.23779 + 0.00268 ], test-recall=[0.1117, 0.1629], test-ndcg=[0.0866, 0.1034]
2025-06-07 16:35:24,402 - Epoch 146 [12.6s + 15.0s]: train==[4.05260=0.21822 + 3.59388 + 0.23783 + 0.00268 ], test-recall=[0.1117, 0.1630], test-ndcg=[0.0866, 0.1034]
2025-06-07 16:35:59,434 - Epoch 147 [19.8s + 15.3s]: train==[4.05220=0.21826 + 3.59343 + 0.23784 + 0.00268 ], test-recall=[0.1118, 0.1629], test-ndcg=[0.0867, 0.1034]
2025-06-07 16:36:25,588 - Epoch 148 [13.2s + 13.0s]: train==[4.05235=0.21808 + 3.59374 + 0.23785 + 0.00268 ], test-recall=[0.1117, 0.1630], test-ndcg=[0.0867, 0.1034]
2025-06-07 16:36:51,810 - Epoch 149 [13.0s + 13.2s]: train==[4.05194=0.21795 + 3.59350 + 0.23782 + 0.00268 ], test-recall=[0.1119, 0.1628], test-ndcg=[0.0868, 0.1034]
2025-06-07 16:37:18,254 - Epoch 150 [13.5s + 12.9s]: train==[4.05200=0.21796 + 3.59363 + 0.23773 + 0.00269 ], test-recall=[0.1119, 0.1630], test-ndcg=[0.0868, 0.1035]
2025-06-07 16:37:43,595 - Epoch 151 [12.5s + 12.8s]: train==[4.05271=0.21797 + 3.59432 + 0.23773 + 0.00269 ], test-recall=[0.1119, 0.1629], test-ndcg=[0.0869, 0.1035]
2025-06-07 16:38:12,569 - Epoch 152 [16.4s + 12.5s]: train==[4.05234=0.21768 + 3.59415 + 0.23781 + 0.00269 ], test-recall=[0.1120, 0.1631], test-ndcg=[0.0870, 0.1037]
2025-06-07 16:38:39,222 - Epoch 153 [13.3s + 13.3s]: train==[4.05140=0.21750 + 3.59343 + 0.23778 + 0.00269 ], test-recall=[0.1116, 0.1630], test-ndcg=[0.0868, 0.1036]
2025-06-07 16:39:05,898 - Epoch 154 [13.1s + 13.6s]: train==[4.05183=0.21756 + 3.59373 + 0.23784 + 0.00270 ], test-recall=[0.1118, 0.1630], test-ndcg=[0.0869, 0.1037]
2025-06-07 16:39:30,309 - Epoch 155 [12.6s + 11.9s]: train==[4.05222=0.21780 + 3.59391 + 0.23781 + 0.00270 ], test-recall=[0.1119, 0.1629], test-ndcg=[0.0870, 0.1037]
2025-06-07 16:39:54,087 - Epoch 156 [12.3s + 11.5s]: train==[4.05175=0.21769 + 3.59355 + 0.23781 + 0.00270 ], test-recall=[0.1120, 0.1632], test-ndcg=[0.0870, 0.1037]
2025-06-07 16:40:20,984 - Epoch 157 [14.4s + 12.5s]: train==[4.05177=0.21773 + 3.59357 + 0.23777 + 0.00270 ], test-recall=[0.1121, 0.1633], test-ndcg=[0.0870, 0.1038]
2025-06-07 16:40:45,354 - Epoch 158 [12.2s + 12.2s]: train==[4.05121=0.21734 + 3.59335 + 0.23782 + 0.00271 ], test-recall=[0.1121, 0.1634], test-ndcg=[0.0870, 0.1039]
2025-06-07 16:41:11,983 - Epoch 159 [12.2s + 14.4s]: train==[4.05116=0.21735 + 3.59339 + 0.23772 + 0.00271 ], test-recall=[0.1122, 0.1634], test-ndcg=[0.0871, 0.1039]
2025-06-07 16:41:40,531 - Epoch 160 [13.8s + 14.7s]: train==[4.05207=0.21738 + 3.59425 + 0.23772 + 0.00271 ], test-recall=[0.1121, 0.1634], test-ndcg=[0.0871, 0.1039]
2025-06-07 16:42:09,376 - Epoch 161 [15.1s + 13.8s]: train==[4.05114=0.21713 + 3.59351 + 0.23778 + 0.00271 ], test-recall=[0.1120, 0.1633], test-ndcg=[0.0870, 0.1038]
2025-06-07 16:42:38,517 - Epoch 162 [16.3s + 12.9s]: train==[4.05152=0.21733 + 3.59377 + 0.23771 + 0.00271 ], test-recall=[0.1121, 0.1635], test-ndcg=[0.0870, 0.1039]
2025-06-07 16:43:04,434 - Epoch 163 [12.6s + 13.3s]: train==[4.05137=0.21755 + 3.59340 + 0.23770 + 0.00272 ], test-recall=[0.1121, 0.1637], test-ndcg=[0.0870, 0.1039]
2025-06-07 16:43:36,197 - Epoch 164 [13.1s + 18.7s]: train==[4.05130=0.21741 + 3.59339 + 0.23778 + 0.00272 ], test-recall=[0.1124, 0.1637], test-ndcg=[0.0872, 0.1040]
2025-06-07 16:44:18,245 - Epoch 165 [23.9s + 18.1s]: train==[4.05124=0.21725 + 3.59363 + 0.23763 + 0.00272 ], test-recall=[0.1124, 0.1637], test-ndcg=[0.0872, 0.1041]
2025-06-07 16:45:03,397 - Epoch 166 [25.9s + 19.3s]: train==[4.05122=0.21698 + 3.59380 + 0.23772 + 0.00272 ], test-recall=[0.1125, 0.1640], test-ndcg=[0.0872, 0.1041]
2025-06-07 16:45:43,554 - Epoch 167 [21.9s + 18.3s]: train==[4.05124=0.21732 + 3.59354 + 0.23766 + 0.00273 ], test-recall=[0.1123, 0.1642], test-ndcg=[0.0872, 0.1042]
2025-06-07 16:46:28,534 - Epoch 168 [25.4s + 19.6s]: train==[4.05118=0.21711 + 3.59365 + 0.23768 + 0.00273 ], test-recall=[0.1125, 0.1643], test-ndcg=[0.0872, 0.1043]
2025-06-07 16:47:18,264 - Epoch 169 [29.0s + 20.8s]: train==[4.05128=0.21740 + 3.59350 + 0.23764 + 0.00273 ], test-recall=[0.1128, 0.1641], test-ndcg=[0.0873, 0.1041]
2025-06-07 16:48:04,287 - Epoch 170 [26.5s + 19.6s]: train==[4.05067=0.21686 + 3.59342 + 0.23766 + 0.00273 ], test-recall=[0.1127, 0.1641], test-ndcg=[0.0873, 0.1042]
2025-06-07 16:48:48,835 - Epoch 171 [25.7s + 18.8s]: train==[4.05083=0.21724 + 3.59320 + 0.23766 + 0.00273 ], test-recall=[0.1128, 0.1641], test-ndcg=[0.0873, 0.1042]
2025-06-07 16:49:36,377 - Epoch 172 [28.2s + 19.4s]: train==[4.05073=0.21688 + 3.59350 + 0.23760 + 0.00274 ], test-recall=[0.1127, 0.1640], test-ndcg=[0.0872, 0.1041]
2025-06-07 16:50:21,808 - Epoch 173 [27.3s + 18.1s]: train==[4.05069=0.21726 + 3.59300 + 0.23769 + 0.00274 ], test-recall=[0.1127, 0.1640], test-ndcg=[0.0873, 0.1042]
2025-06-07 16:51:01,184 - Epoch 174 [23.3s + 16.0s]: train==[4.05066=0.21702 + 3.59333 + 0.23757 + 0.00274 ], test-recall=[0.1125, 0.1645], test-ndcg=[0.0873, 0.1043]
2025-06-07 16:51:45,814 - Epoch 175 [25.4s + 19.2s]: train==[4.05060=0.21679 + 3.59352 + 0.23755 + 0.00274 ], test-recall=[0.1126, 0.1644], test-ndcg=[0.0873, 0.1043]
2025-06-07 16:52:26,043 - Epoch 176 [21.8s + 18.4s]: train==[4.05105=0.21675 + 3.59389 + 0.23766 + 0.00275 ], test-recall=[0.1127, 0.1645], test-ndcg=[0.0873, 0.1043]
2025-06-07 16:53:11,329 - Epoch 177 [25.6s + 19.7s]: train==[4.05038=0.21695 + 3.59306 + 0.23762 + 0.00275 ], test-recall=[0.1127, 0.1645], test-ndcg=[0.0874, 0.1044]
2025-06-07 16:53:56,784 - Epoch 178 [28.8s + 16.7s]: train==[4.05055=0.21692 + 3.59327 + 0.23762 + 0.00275 ], test-recall=[0.1126, 0.1642], test-ndcg=[0.0873, 0.1043]
2025-06-07 16:54:43,855 - Epoch 179 [27.7s + 19.4s]: train==[4.05021=0.21659 + 3.59328 + 0.23759 + 0.00275 ], test-recall=[0.1129, 0.1643], test-ndcg=[0.0874, 0.1042]
2025-06-07 16:55:28,979 - Epoch 180 [25.4s + 19.7s]: train==[4.04987=0.21667 + 3.59286 + 0.23758 + 0.00275 ], test-recall=[0.1128, 0.1644], test-ndcg=[0.0874, 0.1043]
2025-06-07 16:56:13,995 - Epoch 181 [31.2s + 13.8s]: train==[4.05038=0.21672 + 3.59345 + 0.23745 + 0.00276 ], test-recall=[0.1129, 0.1644], test-ndcg=[0.0874, 0.1043]
2025-06-07 16:56:38,205 - Epoch 182 [12.3s + 11.9s]: train==[4.05018=0.21690 + 3.59298 + 0.23754 + 0.00276 ], test-recall=[0.1128, 0.1644], test-ndcg=[0.0875, 0.1043]
2025-06-07 16:57:03,924 - Epoch 183 [12.5s + 13.2s]: train==[4.05045=0.21664 + 3.59355 + 0.23750 + 0.00276 ], test-recall=[0.1129, 0.1644], test-ndcg=[0.0875, 0.1044]
2025-06-07 16:57:44,576 - Epoch 184 [21.2s + 19.4s]: train==[4.04987=0.21648 + 3.59317 + 0.23746 + 0.00276 ], test-recall=[0.1129, 0.1647], test-ndcg=[0.0876, 0.1045]
2025-06-07 16:58:33,122 - Epoch 185 [30.2s + 18.3s]: train==[4.05022=0.21656 + 3.59338 + 0.23751 + 0.00276 ], test-recall=[0.1128, 0.1648], test-ndcg=[0.0875, 0.1045]
2025-06-07 16:59:14,302 - Epoch 186 [22.4s + 18.8s]: train==[4.05031=0.21692 + 3.59314 + 0.23748 + 0.00277 ], test-recall=[0.1131, 0.1647], test-ndcg=[0.0876, 0.1045]
2025-06-07 16:59:50,661 - Epoch 187 [19.8s + 16.6s]: train==[4.05015=0.21673 + 3.59317 + 0.23749 + 0.00277 ], test-recall=[0.1132, 0.1648], test-ndcg=[0.0877, 0.1046]
2025-06-07 17:00:38,223 - Epoch 188 [29.5s + 18.0s]: train==[4.05021=0.21645 + 3.59353 + 0.23746 + 0.00277 ], test-recall=[0.1129, 0.1649], test-ndcg=[0.0876, 0.1046]
2025-06-07 17:01:22,918 - Epoch 189 [25.1s + 19.6s]: train==[4.04947=0.21624 + 3.59291 + 0.23755 + 0.00277 ], test-recall=[0.1130, 0.1648], test-ndcg=[0.0877, 0.1046]
2025-06-07 17:02:09,615 - Epoch 190 [27.3s + 19.4s]: train==[4.04994=0.21634 + 3.59331 + 0.23751 + 0.00278 ], test-recall=[0.1130, 0.1651], test-ndcg=[0.0876, 0.1047]
2025-06-07 17:02:54,493 - Epoch 191 [26.0s + 18.9s]: train==[4.05061=0.21665 + 3.59363 + 0.23755 + 0.00278 ], test-recall=[0.1130, 0.1649], test-ndcg=[0.0876, 0.1046]
2025-06-07 17:03:42,480 - Epoch 192 [28.5s + 19.5s]: train==[4.04953=0.21594 + 3.59333 + 0.23748 + 0.00278 ], test-recall=[0.1129, 0.1650], test-ndcg=[0.0876, 0.1047]
2025-06-07 17:04:26,669 - Epoch 193 [26.1s + 18.0s]: train==[4.05021=0.21627 + 3.59360 + 0.23755 + 0.00278 ], test-recall=[0.1131, 0.1650], test-ndcg=[0.0878, 0.1047]
2025-06-07 17:05:14,480 - Epoch 194 [27.8s + 20.0s]: train==[4.04990=0.21596 + 3.59356 + 0.23759 + 0.00279 ], test-recall=[0.1132, 0.1648], test-ndcg=[0.0879, 0.1048]
2025-06-07 17:05:58,798 - Epoch 195 [23.8s + 20.5s]: train==[4.05008=0.21608 + 3.59357 + 0.23764 + 0.00279 ], test-recall=[0.1132, 0.1647], test-ndcg=[0.0878, 0.1047]
2025-06-07 17:06:42,620 - Epoch 196 [24.9s + 18.9s]: train==[4.04919=0.21595 + 3.59285 + 0.23760 + 0.00279 ], test-recall=[0.1132, 0.1648], test-ndcg=[0.0878, 0.1047]
2025-06-07 17:07:24,910 - Epoch 197 [23.5s + 18.8s]: train==[4.04978=0.21619 + 3.59325 + 0.23755 + 0.00279 ], test-recall=[0.1132, 0.1649], test-ndcg=[0.0878, 0.1048]
2025-06-07 17:08:08,892 - Epoch 198 [25.2s + 18.8s]: train==[4.04981=0.21622 + 3.59320 + 0.23760 + 0.00279 ], test-recall=[0.1132, 0.1650], test-ndcg=[0.0878, 0.1048]
2025-06-07 17:08:51,532 - Epoch 199 [23.9s + 18.8s]: train==[4.04977=0.21617 + 3.59325 + 0.23754 + 0.00280 ], test-recall=[0.1132, 0.1649], test-ndcg=[0.0878, 0.1048]
2025-06-07 17:08:51,532 - Best Test Set Result: Epoch 190 test-recall=[0.1132, 0.1651], test-ndcg=[0.0877, 0.1047]


2025-06-08 11:55:18,981 - n_users=78578, n_items=77801	n_interactions=2880201	n_train=2240156, n_test=640045, sparsity=0.00037
2025-06-08 11:55:18,981 - Namespace(data_path='data/', seed=2024, dataset='amazon', verbose=1, save_model=False, epoch=200, n_batch=40, batch_size=10240, train_num=10000, sample_num=40, lr=0.001, embed_size=64, t_size=1, emb_reg=1e-05, int_reg=1e-05, ssl_reg=0.4, kl_reg=0.01, n_layers=2, n_intents=512, temp=0.2, show_step=1, Ks='[20, 40]')
2025-06-08 11:55:55,829 - Epoch  0 [14.0s + 12.8s]: train==[8.49565=1.12373 + 7.36854 + 0.00122 + 0.00217 ], test-recall=[0.0183, 0.0292], test-ndcg=[0.0137, 0.0173]
2025-06-08 11:56:21,734 - Epoch  1 [13.1s + 12.8s]: train==[8.36400=1.02030 + 7.33746 + 0.00406 + 0.00218 ], test-recall=[0.0189, 0.0308], test-ndcg=[0.0144, 0.0183]
2025-06-08 11:56:51,420 - Epoch  2 [12.6s + 17.1s]: train==[7.98380=0.89099 + 7.07802 + 0.01255 + 0.00224 ], test-recall=[0.0211, 0.0336], test-ndcg=[0.0160, 0.0202]
2025-06-08 11:57:33,405 - Epoch  3 [22.2s + 19.8s]: train==[7.34485=0.72455 + 6.58632 + 0.03168 + 0.00229 ], test-recall=[0.0252, 0.0403], test-ndcg=[0.0191, 0.0241]
2025-06-08 11:58:13,652 - Epoch  4 [23.3s + 17.0s]: train==[6.75178=0.58088 + 6.11199 + 0.05659 + 0.00232 ], test-recall=[0.0295, 0.0468], test-ndcg=[0.0222, 0.0279]
2025-06-08 11:59:03,022 - Epoch  5 [29.8s + 19.6s]: train==[6.23726=0.46830 + 5.68223 + 0.08441 + 0.00232 ], test-recall=[0.0333, 0.0531], test-ndcg=[0.0249, 0.0314]
2025-06-08 11:59:41,805 - Epoch  6 [26.1s + 12.7s]: train==[5.79868=0.38779 + 5.29686 + 0.11170 + 0.00233 ], test-recall=[0.0373, 0.0595], test-ndcg=[0.0277, 0.0350]
2025-06-08 12:00:08,568 - Epoch  7 [12.8s + 14.0s]: train==[5.43654=0.33293 + 4.96572 + 0.13556 + 0.00233 ], test-recall=[0.0409, 0.0654], test-ndcg=[0.0304, 0.0385]
2025-06-08 12:00:36,045 - Epoch  8 [13.9s + 13.5s]: train==[5.15148=0.29858 + 4.69596 + 0.15459 + 0.00234 ], test-recall=[0.0447, 0.0712], test-ndcg=[0.0332, 0.0420]
2025-06-08 12:01:08,017 - Epoch  9 [16.7s + 15.2s]: train==[4.93472=0.27769 + 4.48585 + 0.16884 + 0.00235 ], test-recall=[0.0485, 0.0767], test-ndcg=[0.0361, 0.0454]
2025-06-08 12:01:31,830 - Epoch 10 [12.4s + 11.4s]: train==[4.77340=0.26674 + 4.32488 + 0.17942 + 0.00235 ], test-recall=[0.0526, 0.0824], test-ndcg=[0.0390, 0.0489]
2025-06-08 12:01:55,057 - Epoch 11 [12.3s + 10.9s]: train==[4.65192=0.26070 + 4.20165 + 0.18721 + 0.00236 ], test-recall=[0.0563, 0.0879], test-ndcg=[0.0419, 0.0524]
2025-06-08 12:02:19,015 - Epoch 12 [12.1s + 11.9s]: train==[4.55822=0.25899 + 4.10340 + 0.19347 + 0.00237 ], test-recall=[0.0598, 0.0934], test-ndcg=[0.0446, 0.0558]
2025-06-08 12:02:46,354 - Epoch 13 [13.1s + 14.3s]: train==[4.48300=0.25749 + 4.02433 + 0.19881 + 0.00237 ], test-recall=[0.0632, 0.0983], test-ndcg=[0.0473, 0.0589]
2025-06-08 12:03:14,928 - Epoch 14 [15.4s + 13.2s]: train==[4.42446=0.25773 + 3.96114 + 0.20321 + 0.00237 ], test-recall=[0.0665, 0.1030], test-ndcg=[0.0498, 0.0619]
2025-06-08 12:03:40,003 - Epoch 15 [12.2s + 12.9s]: train==[4.37689=0.25759 + 3.90975 + 0.20717 + 0.00238 ], test-recall=[0.0694, 0.1074], test-ndcg=[0.0521, 0.0647]
2025-06-08 12:04:04,801 - Epoch 16 [12.7s + 12.1s]: train==[4.33850=0.25796 + 3.86770 + 0.21046 + 0.00238 ], test-recall=[0.0721, 0.1109], test-ndcg=[0.0543, 0.0671]
2025-06-08 12:04:30,895 - Epoch 17 [12.9s + 13.2s]: train==[4.30671=0.25824 + 3.83289 + 0.21319 + 0.00239 ], test-recall=[0.0746, 0.1139], test-ndcg=[0.0563, 0.0692]
2025-06-08 12:04:54,369 - Epoch 18 [13.1s + 10.3s]: train==[4.27994=0.25855 + 3.80353 + 0.21547 + 0.00239 ], test-recall=[0.0770, 0.1166], test-ndcg=[0.0581, 0.0712]
2025-06-08 12:05:19,852 - Epoch 19 [14.0s + 11.5s]: train==[4.25823=0.25826 + 3.78009 + 0.21748 + 0.00239 ], test-recall=[0.0787, 0.1192], test-ndcg=[0.0597, 0.0730]
2025-06-08 12:05:44,656 - Epoch 20 [13.3s + 11.5s]: train==[4.24074=0.25849 + 3.76078 + 0.21908 + 0.00240 ], test-recall=[0.0804, 0.1214], test-ndcg=[0.0611, 0.0746]
2025-06-08 12:06:11,095 - Epoch 21 [13.6s + 12.8s]: train==[4.22334=0.25784 + 3.74270 + 0.22040 + 0.00240 ], test-recall=[0.0818, 0.1233], test-ndcg=[0.0623, 0.0760]
2025-06-08 12:06:35,459 - Epoch 22 [12.9s + 11.5s]: train==[4.21076=0.25774 + 3.72910 + 0.22152 + 0.00240 ], test-recall=[0.0832, 0.1250], test-ndcg=[0.0635, 0.0773]
2025-06-08 12:06:59,351 - Epoch 23 [12.3s + 11.6s]: train==[4.19913=0.25708 + 3.71721 + 0.22243 + 0.00241 ], test-recall=[0.0845, 0.1268], test-ndcg=[0.0645, 0.0784]
2025-06-08 12:07:25,356 - Epoch 24 [15.3s + 10.7s]: train==[4.18900=0.25675 + 3.70660 + 0.22325 + 0.00241 ], test-recall=[0.0855, 0.1282], test-ndcg=[0.0654, 0.0795]
2025-06-08 12:07:48,794 - Epoch 25 [12.6s + 10.8s]: train==[4.17948=0.25625 + 3.69683 + 0.22399 + 0.00242 ], test-recall=[0.0865, 0.1294], test-ndcg=[0.0663, 0.0805]
2025-06-08 12:08:11,527 - Epoch 26 [12.4s + 10.4s]: train==[4.17134=0.25518 + 3.68919 + 0.22456 + 0.00242 ], test-recall=[0.0872, 0.1305], test-ndcg=[0.0670, 0.0813]
2025-06-08 12:08:35,409 - Epoch 27 [12.6s + 11.3s]: train==[4.16420=0.25476 + 3.68197 + 0.22505 + 0.00242 ], test-recall=[0.0882, 0.1317], test-ndcg=[0.0678, 0.0822]
2025-06-08 12:08:57,975 - Epoch 28 [12.1s + 10.4s]: train==[4.15800=0.25424 + 3.67583 + 0.22550 + 0.00243 ], test-recall=[0.0890, 0.1325], test-ndcg=[0.0685, 0.0829]
2025-06-08 12:09:20,358 - Epoch 29 [12.0s + 10.4s]: train==[4.15255=0.25378 + 3.67034 + 0.22601 + 0.00243 ], test-recall=[0.0898, 0.1333], test-ndcg=[0.0692, 0.0835]
2025-06-08 12:09:46,628 - Epoch 30 [14.9s + 11.4s]: train==[4.14680=0.25287 + 3.66509 + 0.22641 + 0.00243 ], test-recall=[0.0907, 0.1345], test-ndcg=[0.0699, 0.0843]
2025-06-08 12:10:11,982 - Epoch 31 [12.4s + 13.0s]: train==[4.14261=0.25219 + 3.66124 + 0.22674 + 0.00244 ], test-recall=[0.0914, 0.1352], test-ndcg=[0.0704, 0.0848]
2025-06-08 12:10:37,231 - Epoch 32 [12.8s + 12.4s]: train==[4.13734=0.25067 + 3.65708 + 0.22716 + 0.00244 ], test-recall=[0.0921, 0.1358], test-ndcg=[0.0710, 0.0854]
2025-06-08 12:11:04,701 - Epoch 33 [13.7s + 13.8s]: train==[4.13409=0.25039 + 3.65369 + 0.22756 + 0.00244 ], test-recall=[0.0926, 0.1367], test-ndcg=[0.0714, 0.0860]
2025-06-08 12:11:33,215 - Epoch 34 [14.8s + 13.7s]: train==[4.12975=0.24935 + 3.64998 + 0.22798 + 0.00245 ], test-recall=[0.0931, 0.1373], test-ndcg=[0.0718, 0.0864]
2025-06-08 12:12:04,991 - Epoch 35 [18.4s + 13.4s]: train==[4.12595=0.24886 + 3.64634 + 0.22830 + 0.00245 ], test-recall=[0.0934, 0.1379], test-ndcg=[0.0721, 0.0868]
2025-06-08 12:12:31,108 - Epoch 36 [13.3s + 12.8s]: train==[4.12277=0.24851 + 3.64328 + 0.22852 + 0.00245 ], test-recall=[0.0942, 0.1384], test-ndcg=[0.0726, 0.0872]
2025-06-08 12:12:57,093 - Epoch 37 [13.1s + 12.9s]: train==[4.11993=0.24739 + 3.64118 + 0.22891 + 0.00245 ], test-recall=[0.0946, 0.1393], test-ndcg=[0.0730, 0.0877]
2025-06-08 12:13:22,177 - Epoch 38 [13.2s + 11.9s]: train==[4.11756=0.24649 + 3.63934 + 0.22928 + 0.00246 ], test-recall=[0.0950, 0.1401], test-ndcg=[0.0734, 0.0882]
2025-06-08 12:13:46,557 - Epoch 39 [13.0s + 11.3s]: train==[4.11368=0.24526 + 3.63627 + 0.22968 + 0.00246 ], test-recall=[0.0954, 0.1407], test-ndcg=[0.0737, 0.0886]
2025-06-08 12:14:13,498 - Epoch 40 [15.4s + 11.5s]: train==[4.11193=0.24501 + 3.63452 + 0.22994 + 0.00246 ], test-recall=[0.0958, 0.1415], test-ndcg=[0.0741, 0.0891]
2025-06-08 12:14:37,676 - Epoch 41 [12.4s + 11.8s]: train==[4.10923=0.24387 + 3.63259 + 0.23031 + 0.00247 ], test-recall=[0.0961, 0.1421], test-ndcg=[0.0744, 0.0896]
2025-06-08 12:15:03,884 - Epoch 42 [12.6s + 13.6s]: train==[4.10698=0.24327 + 3.63058 + 0.23065 + 0.00247 ], test-recall=[0.0965, 0.1424], test-ndcg=[0.0747, 0.0898]
2025-06-08 12:15:30,878 - Epoch 43 [12.9s + 14.1s]: train==[4.10484=0.24257 + 3.62888 + 0.23092 + 0.00247 ], test-recall=[0.0971, 0.1430], test-ndcg=[0.0751, 0.0902]
2025-06-08 12:15:54,329 - Epoch 44 [12.1s + 11.3s]: train==[4.10323=0.24211 + 3.62741 + 0.23124 + 0.00247 ], test-recall=[0.0977, 0.1434], test-ndcg=[0.0755, 0.0905]
2025-06-08 12:16:24,659 - Epoch 45 [15.8s + 14.5s]: train==[4.10096=0.24113 + 3.62574 + 0.23161 + 0.00248 ], test-recall=[0.0978, 0.1440], test-ndcg=[0.0757, 0.0909]
2025-06-08 12:16:49,639 - Epoch 46 [12.6s + 12.4s]: train==[4.09895=0.24058 + 3.62402 + 0.23186 + 0.00248 ], test-recall=[0.0983, 0.1446], test-ndcg=[0.0760, 0.0913]
2025-06-08 12:17:16,846 - Epoch 47 [13.0s + 14.2s]: train==[4.09707=0.23995 + 3.62255 + 0.23209 + 0.00248 ], test-recall=[0.0987, 0.1451], test-ndcg=[0.0763, 0.0916]
2025-06-08 12:17:43,184 - Epoch 48 [14.0s + 12.4s]: train==[4.09601=0.23946 + 3.62173 + 0.23234 + 0.00248 ], test-recall=[0.0992, 0.1456], test-ndcg=[0.0767, 0.0920]
2025-06-08 12:18:06,981 - Epoch 49 [12.3s + 11.5s]: train==[4.09398=0.23835 + 3.62046 + 0.23268 + 0.00249 ], test-recall=[0.0996, 0.1461], test-ndcg=[0.0769, 0.0922]
2025-06-08 12:18:34,019 - Epoch 50 [16.1s + 11.0s]: train==[4.09336=0.23822 + 3.61968 + 0.23296 + 0.00249 ], test-recall=[0.0996, 0.1464], test-ndcg=[0.0771, 0.0925]
2025-06-08 12:18:58,028 - Epoch 51 [12.7s + 11.3s]: train==[4.09161=0.23711 + 3.61871 + 0.23329 + 0.00249 ], test-recall=[0.0998, 0.1470], test-ndcg=[0.0773, 0.0928]
2025-06-08 12:19:23,371 - Epoch 52 [12.3s + 13.0s]: train==[4.09052=0.23677 + 3.61770 + 0.23356 + 0.00250 ], test-recall=[0.1002, 0.1471], test-ndcg=[0.0776, 0.0930]
2025-06-08 12:19:48,647 - Epoch 53 [12.8s + 12.5s]: train==[4.08860=0.23591 + 3.61636 + 0.23383 + 0.00250 ], test-recall=[0.1004, 0.1477], test-ndcg=[0.0777, 0.0932]
2025-06-08 12:20:13,022 - Epoch 54 [12.5s + 11.9s]: train==[4.08723=0.23554 + 3.61515 + 0.23404 + 0.00250 ], test-recall=[0.1006, 0.1482], test-ndcg=[0.0779, 0.0935]
2025-06-08 12:20:39,323 - Epoch 55 [15.4s + 10.9s]: train==[4.08651=0.23498 + 3.61475 + 0.23427 + 0.00250 ], test-recall=[0.1008, 0.1487], test-ndcg=[0.0782, 0.0939]
2025-06-08 12:21:04,630 - Epoch 56 [13.7s + 11.6s]: train==[4.08528=0.23458 + 3.61360 + 0.23459 + 0.00251 ], test-recall=[0.1010, 0.1491], test-ndcg=[0.0784, 0.0942]
2025-06-08 12:21:28,965 - Epoch 57 [12.3s + 12.0s]: train==[4.08384=0.23396 + 3.61266 + 0.23472 + 0.00251 ], test-recall=[0.1015, 0.1497], test-ndcg=[0.0787, 0.0945]
2025-06-08 12:21:54,836 - Epoch 58 [12.5s + 13.4s]: train==[4.08391=0.23381 + 3.61263 + 0.23495 + 0.00251 ], test-recall=[0.1019, 0.1501], test-ndcg=[0.0789, 0.0947]
2025-06-08 12:22:20,454 - Epoch 59 [13.9s + 11.7s]: train==[4.08193=0.23289 + 3.61129 + 0.23524 + 0.00251 ], test-recall=[0.1021, 0.1502], test-ndcg=[0.0792, 0.0949]
2025-06-08 12:22:49,249 - Epoch 60 [16.7s + 12.1s]: train==[4.08101=0.23248 + 3.61067 + 0.23534 + 0.00252 ], test-recall=[0.1023, 0.1505], test-ndcg=[0.0793, 0.0951]
2025-06-08 12:23:14,271 - Epoch 61 [12.3s + 12.7s]: train==[4.08014=0.23200 + 3.61007 + 0.23555 + 0.00252 ], test-recall=[0.1026, 0.1509], test-ndcg=[0.0795, 0.0953]
2025-06-08 12:23:40,693 - Epoch 62 [12.6s + 13.8s]: train==[4.07935=0.23185 + 3.60927 + 0.23570 + 0.00252 ], test-recall=[0.1027, 0.1514], test-ndcg=[0.0797, 0.0956]
2025-06-08 12:24:08,264 - Epoch 63 [14.7s + 12.8s]: train==[4.07837=0.23134 + 3.60866 + 0.23585 + 0.00252 ], test-recall=[0.1030, 0.1515], test-ndcg=[0.0799, 0.0958]
2025-06-08 12:24:33,459 - Epoch 64 [13.5s + 11.7s]: train==[4.07770=0.23111 + 3.60804 + 0.23602 + 0.00253 ], test-recall=[0.1033, 0.1518], test-ndcg=[0.0801, 0.0960]
2025-06-08 12:25:02,802 - Epoch 65 [17.4s + 11.9s]: train==[4.07669=0.23036 + 3.60765 + 0.23615 + 0.00253 ], test-recall=[0.1034, 0.1520], test-ndcg=[0.0803, 0.0962]
2025-06-08 12:25:29,555 - Epoch 66 [13.5s + 13.3s]: train==[4.07591=0.22998 + 3.60714 + 0.23626 + 0.00253 ], test-recall=[0.1038, 0.1523], test-ndcg=[0.0806, 0.0965]
2025-06-08 12:25:54,350 - Epoch 67 [12.2s + 12.6s]: train==[4.07526=0.22973 + 3.60660 + 0.23640 + 0.00253 ], test-recall=[0.1041, 0.1526], test-ndcg=[0.0808, 0.0967]
2025-06-08 12:26:20,209 - Epoch 68 [13.3s + 12.5s]: train==[4.07446=0.22917 + 3.60623 + 0.23653 + 0.00254 ], test-recall=[0.1042, 0.1529], test-ndcg=[0.0809, 0.0968]
2025-06-08 12:26:44,829 - Epoch 69 [13.3s + 11.3s]: train==[4.07338=0.22882 + 3.60532 + 0.23670 + 0.00254 ], test-recall=[0.1043, 0.1533], test-ndcg=[0.0810, 0.0971]
2025-06-08 12:27:13,587 - Epoch 70 [15.5s + 13.2s]: train==[4.07288=0.22877 + 3.60489 + 0.23669 + 0.00254 ], test-recall=[0.1047, 0.1533], test-ndcg=[0.0811, 0.0970]
2025-06-08 12:27:38,941 - Epoch 71 [12.4s + 13.0s]: train==[4.07210=0.22828 + 3.60439 + 0.23688 + 0.00254 ], test-recall=[0.1049, 0.1536], test-ndcg=[0.0813, 0.0973]
2025-06-08 12:28:05,687 - Epoch 72 [14.0s + 12.8s]: train==[4.07173=0.22808 + 3.60421 + 0.23689 + 0.00255 ], test-recall=[0.1049, 0.1537], test-ndcg=[0.0814, 0.0974]
2025-06-08 12:28:32,878 - Epoch 73 [13.6s + 13.6s]: train==[4.07048=0.22738 + 3.60352 + 0.23702 + 0.00255 ], test-recall=[0.1050, 0.1540], test-ndcg=[0.0816, 0.0977]
2025-06-08 12:28:58,143 - Epoch 74 [12.9s + 12.4s]: train==[4.07025=0.22730 + 3.60322 + 0.23718 + 0.00255 ], test-recall=[0.1050, 0.1543], test-ndcg=[0.0816, 0.0978]
2025-06-08 12:29:28,986 - Epoch 75 [17.2s + 13.7s]: train==[4.06979=0.22691 + 3.60313 + 0.23719 + 0.00255 ], test-recall=[0.1052, 0.1546], test-ndcg=[0.0818, 0.0980]
2025-06-08 12:29:54,860 - Epoch 76 [12.4s + 13.5s]: train==[4.06992=0.22713 + 3.60292 + 0.23731 + 0.00256 ], test-recall=[0.1052, 0.1549], test-ndcg=[0.0818, 0.0981]
2025-06-08 12:30:21,861 - Epoch 77 [13.9s + 13.1s]: train==[4.06821=0.22656 + 3.60172 + 0.23737 + 0.00256 ], test-recall=[0.1053, 0.1550], test-ndcg=[0.0819, 0.0981]
2025-06-08 12:30:47,060 - Epoch 78 [14.3s + 10.9s]: train==[4.06792=0.22648 + 3.60148 + 0.23740 + 0.00256 ], test-recall=[0.1054, 0.1552], test-ndcg=[0.0820, 0.0983]
2025-06-08 12:31:09,215 - Epoch 79 [12.0s + 10.1s]: train==[4.06727=0.22590 + 3.60135 + 0.23745 + 0.00256 ], test-recall=[0.1057, 0.1554], test-ndcg=[0.0821, 0.0984]
2025-06-08 12:31:35,301 - Epoch 80 [14.9s + 11.2s]: train==[4.06638=0.22568 + 3.60059 + 0.23754 + 0.00257 ], test-recall=[0.1060, 0.1559], test-ndcg=[0.0823, 0.0987]
2025-06-08 12:31:58,484 - Epoch 81 [12.0s + 11.2s]: train==[4.06614=0.22573 + 3.60025 + 0.23760 + 0.00257 ], test-recall=[0.1062, 0.1561], test-ndcg=[0.0824, 0.0988]
2025-06-08 12:32:20,990 - Epoch 82 [12.0s + 10.5s]: train==[4.06533=0.22525 + 3.59997 + 0.23754 + 0.00257 ], test-recall=[0.1063, 0.1563], test-ndcg=[0.0826, 0.0989]
2025-06-08 12:32:43,912 - Epoch 83 [11.9s + 11.0s]: train==[4.06579=0.22538 + 3.60024 + 0.23759 + 0.00257 ], test-recall=[0.1064, 0.1564], test-ndcg=[0.0827, 0.0991]
2025-06-08 12:33:08,430 - Epoch 84 [12.2s + 12.3s]: train==[4.06515=0.22499 + 3.59993 + 0.23766 + 0.00257 ], test-recall=[0.1066, 0.1567], test-ndcg=[0.0828, 0.0992]
2025-06-08 12:33:39,057 - Epoch 85 [12.4s + 18.2s]: train==[4.06409=0.22465 + 3.59903 + 0.23784 + 0.00258 ], test-recall=[0.1069, 0.1570], test-ndcg=[0.0830, 0.0994]
2025-06-08 12:34:23,161 - Epoch 86 [25.4s + 18.7s]: train==[4.06372=0.22444 + 3.59887 + 0.23782 + 0.00258 ], test-recall=[0.1071, 0.1570], test-ndcg=[0.0831, 0.0994]
2025-06-08 12:34:59,848 - Epoch 87 [21.5s + 15.2s]: train==[4.06307=0.22453 + 3.59812 + 0.23784 + 0.00258 ], test-recall=[0.1072, 0.1572], test-ndcg=[0.0831, 0.0995]
2025-06-08 12:35:37,089 - Epoch 88 [22.0s + 15.2s]: train==[4.06282=0.22420 + 3.59812 + 0.23791 + 0.00258 ], test-recall=[0.1075, 0.1573], test-ndcg=[0.0833, 0.0996]
2025-06-08 12:36:19,413 - Epoch 89 [25.7s + 16.7s]: train==[4.06212=0.22404 + 3.59756 + 0.23794 + 0.00259 ], test-recall=[0.1076, 0.1575], test-ndcg=[0.0834, 0.0997]
2025-06-08 12:37:07,260 - Epoch 90 [30.2s + 17.7s]: train==[4.06163=0.22391 + 3.59719 + 0.23794 + 0.00259 ], test-recall=[0.1077, 0.1578], test-ndcg=[0.0835, 0.0999]
2025-06-08 12:37:50,454 - Epoch 91 [23.9s + 19.3s]: train==[4.06133=0.22351 + 3.59737 + 0.23786 + 0.00259 ], test-recall=[0.1078, 0.1578], test-ndcg=[0.0837, 0.1000]
2025-06-08 12:38:29,633 - Epoch 92 [21.6s + 17.6s]: train==[4.06056=0.22334 + 3.59671 + 0.23791 + 0.00259 ], test-recall=[0.1078, 0.1579], test-ndcg=[0.0838, 0.1001]
2025-06-08 12:38:57,187 - Epoch 93 [15.2s + 12.4s]: train==[4.06096=0.22352 + 3.59689 + 0.23795 + 0.00260 ], test-recall=[0.1079, 0.1579], test-ndcg=[0.0839, 0.1002]
2025-06-08 12:39:21,303 - Epoch 94 [12.1s + 12.0s]: train==[4.06081=0.22314 + 3.59713 + 0.23794 + 0.00260 ], test-recall=[0.1080, 0.1582], test-ndcg=[0.0839, 0.1003]
2025-06-08 12:39:46,406 - Epoch 95 [12.5s + 12.6s]: train==[4.06040=0.22320 + 3.59654 + 0.23806 + 0.00260 ], test-recall=[0.1081, 0.1585], test-ndcg=[0.0840, 0.1005]
2025-06-08 12:40:12,597 - Epoch 96 [13.0s + 13.2s]: train==[4.06036=0.22293 + 3.59670 + 0.23813 + 0.00260 ], test-recall=[0.1084, 0.1585], test-ndcg=[0.0841, 0.1006]
2025-06-08 12:40:36,140 - Epoch 97 [12.1s + 11.4s]: train==[4.05936=0.22262 + 3.59602 + 0.23812 + 0.00261 ], test-recall=[0.1087, 0.1587], test-ndcg=[0.0843, 0.1007]
2025-06-08 12:40:59,870 - Epoch 98 [12.3s + 11.4s]: train==[4.05895=0.22254 + 3.59569 + 0.23811 + 0.00261 ], test-recall=[0.1087, 0.1586], test-ndcg=[0.0844, 0.1007]
2025-06-08 12:41:26,309 - Epoch 99 [13.0s + 13.4s]: train==[4.05852=0.22254 + 3.59532 + 0.23805 + 0.00261 ], test-recall=[0.1087, 0.1590], test-ndcg=[0.0844, 0.1009]
2025-06-08 12:41:52,431 - Epoch 100 [13.3s + 12.9s]: train==[4.05868=0.22220 + 3.59581 + 0.23805 + 0.00261 ], test-recall=[0.1087, 0.1592], test-ndcg=[0.0845, 0.1010]
2025-06-08 12:42:19,233 - Epoch 101 [14.1s + 12.7s]: train==[4.05875=0.22201 + 3.59600 + 0.23812 + 0.00261 ], test-recall=[0.1088, 0.1595], test-ndcg=[0.0845, 0.1011]
2025-06-08 12:42:44,871 - Epoch 102 [13.3s + 12.3s]: train==[4.05835=0.22221 + 3.59537 + 0.23816 + 0.00262 ], test-recall=[0.1089, 0.1595], test-ndcg=[0.0846, 0.1011]
2025-06-08 12:43:15,220 - Epoch 103 [17.6s + 12.7s]: train==[4.05780=0.22181 + 3.59525 + 0.23811 + 0.00262 ], test-recall=[0.1089, 0.1596], test-ndcg=[0.0846, 0.1011]
2025-06-08 12:43:40,367 - Epoch 104 [13.0s + 12.2s]: train==[4.05791=0.22201 + 3.59521 + 0.23808 + 0.00262 ], test-recall=[0.1092, 0.1595], test-ndcg=[0.0848, 0.1012]
2025-06-08 12:44:06,096 - Epoch 105 [13.3s + 12.5s]: train==[4.05723=0.22156 + 3.59495 + 0.23809 + 0.00262 ], test-recall=[0.1089, 0.1595], test-ndcg=[0.0847, 0.1012]
2025-06-08 12:44:31,134 - Epoch 106 [12.4s + 12.6s]: train==[4.05713=0.22180 + 3.59469 + 0.23801 + 0.00263 ], test-recall=[0.1091, 0.1598], test-ndcg=[0.0848, 0.1014]
2025-06-08 12:44:56,281 - Epoch 107 [12.1s + 13.1s]: train==[4.05711=0.22138 + 3.59501 + 0.23808 + 0.00263 ], test-recall=[0.1092, 0.1598], test-ndcg=[0.0848, 0.1014]
2025-06-08 12:45:21,205 - Epoch 108 [12.6s + 12.3s]: train==[4.05672=0.22112 + 3.59494 + 0.23802 + 0.00263 ], test-recall=[0.1093, 0.1599], test-ndcg=[0.0849, 0.1015]
2025-06-08 12:45:46,887 - Epoch 109 [13.7s + 12.0s]: train==[4.05698=0.22143 + 3.59484 + 0.23807 + 0.00263 ], test-recall=[0.1096, 0.1600], test-ndcg=[0.0851, 0.1016]
2025-06-08 12:46:11,983 - Epoch 110 [13.1s + 12.0s]: train==[4.05693=0.22120 + 3.59497 + 0.23812 + 0.00264 ], test-recall=[0.1095, 0.1603], test-ndcg=[0.0851, 0.1017]
2025-06-08 12:46:38,297 - Epoch 111 [13.7s + 12.6s]: train==[4.05707=0.22124 + 3.59506 + 0.23813 + 0.00264 ], test-recall=[0.1096, 0.1603], test-ndcg=[0.0852, 0.1018]
2025-06-08 12:47:02,573 - Epoch 112 [12.7s + 11.6s]: train==[4.05681=0.22086 + 3.59523 + 0.23808 + 0.00264 ], test-recall=[0.1097, 0.1604], test-ndcg=[0.0853, 0.1018]
2025-06-08 12:47:31,784 - Epoch 113 [16.9s + 12.3s]: train==[4.05661=0.22098 + 3.59480 + 0.23819 + 0.00264 ], test-recall=[0.1098, 0.1604], test-ndcg=[0.0853, 0.1019]
2025-06-08 12:47:56,822 - Epoch 114 [12.2s + 12.8s]: train==[4.05631=0.22084 + 3.59472 + 0.23810 + 0.00265 ], test-recall=[0.1100, 0.1603], test-ndcg=[0.0854, 0.1019]
2025-06-08 12:48:24,136 - Epoch 115 [13.6s + 13.7s]: train==[4.05555=0.22029 + 3.59450 + 0.23811 + 0.00265 ], test-recall=[0.1102, 0.1602], test-ndcg=[0.0855, 0.1019]
2025-06-08 12:48:49,594 - Epoch 116 [13.2s + 12.3s]: train==[4.05613=0.22020 + 3.59515 + 0.23813 + 0.00265 ], test-recall=[0.1104, 0.1604], test-ndcg=[0.0856, 0.1020]
2025-06-08 12:49:14,901 - Epoch 117 [14.0s + 11.3s]: train==[4.05490=0.21991 + 3.59421 + 0.23812 + 0.00265 ], test-recall=[0.1104, 0.1605], test-ndcg=[0.0857, 0.1021]
2025-06-08 12:49:37,750 - Epoch 118 [12.2s + 10.7s]: train==[4.05502=0.22003 + 3.59430 + 0.23803 + 0.00265 ], test-recall=[0.1107, 0.1607], test-ndcg=[0.0858, 0.1022]
2025-06-08 12:50:00,640 - Epoch 119 [12.0s + 10.9s]: train==[4.05532=0.22026 + 3.59434 + 0.23806 + 0.00266 ], test-recall=[0.1106, 0.1607], test-ndcg=[0.0858, 0.1022]
2025-06-08 12:50:24,724 - Epoch 120 [12.0s + 12.0s]: train==[4.05511=0.21984 + 3.59456 + 0.23805 + 0.00266 ], test-recall=[0.1108, 0.1609], test-ndcg=[0.0859, 0.1023]
2025-06-08 12:50:48,146 - Epoch 121 [11.9s + 11.5s]: train==[4.05517=0.22007 + 3.59442 + 0.23802 + 0.00266 ], test-recall=[0.1106, 0.1609], test-ndcg=[0.0859, 0.1024]
2025-06-08 12:51:11,295 - Epoch 122 [12.1s + 11.0s]: train==[4.05501=0.21996 + 3.59439 + 0.23799 + 0.00266 ], test-recall=[0.1107, 0.1611], test-ndcg=[0.0859, 0.1024]
2025-06-08 12:51:35,761 - Epoch 123 [12.3s + 12.2s]: train==[4.05463=0.21987 + 3.59409 + 0.23801 + 0.00267 ], test-recall=[0.1109, 0.1612], test-ndcg=[0.0860, 0.1025]
2025-06-08 12:52:02,522 - Epoch 124 [15.2s + 11.5s]: train==[4.05478=0.21962 + 3.59448 + 0.23802 + 0.00267 ], test-recall=[0.1107, 0.1613], test-ndcg=[0.0859, 0.1025]
2025-06-08 12:52:28,122 - Epoch 125 [12.6s + 13.0s]: train==[4.05415=0.21928 + 3.59422 + 0.23798 + 0.00267 ], test-recall=[0.1108, 0.1615], test-ndcg=[0.0861, 0.1027]
2025-06-08 12:52:55,736 - Epoch 126 [14.0s + 13.6s]: train==[4.05462=0.21949 + 3.59447 + 0.23799 + 0.00267 ], test-recall=[0.1110, 0.1616], test-ndcg=[0.0862, 0.1028]
2025-06-08 12:53:22,760 - Epoch 127 [13.1s + 13.9s]: train==[4.05425=0.21932 + 3.59425 + 0.23800 + 0.00268 ], test-recall=[0.1109, 0.1617], test-ndcg=[0.0862, 0.1029]
2025-06-08 12:53:50,364 - Epoch 128 [14.7s + 12.9s]: train==[4.05446=0.21930 + 3.59445 + 0.23803 + 0.00268 ], test-recall=[0.1111, 0.1616], test-ndcg=[0.0862, 0.1029]
2025-06-08 12:54:21,775 - Epoch 129 [18.3s + 13.2s]: train==[4.05365=0.21900 + 3.59402 + 0.23794 + 0.00268 ], test-recall=[0.1111, 0.1616], test-ndcg=[0.0863, 0.1029]
2025-06-08 12:54:47,238 - Epoch 130 [13.0s + 12.5s]: train==[4.05406=0.21904 + 3.59437 + 0.23797 + 0.00268 ], test-recall=[0.1114, 0.1617], test-ndcg=[0.0864, 0.1029]
2025-06-08 12:55:12,423 - Epoch 131 [13.8s + 11.4s]: train==[4.05353=0.21898 + 3.59394 + 0.23792 + 0.00269 ], test-recall=[0.1115, 0.1619], test-ndcg=[0.0864, 0.1030]
2025-06-08 12:55:36,858 - Epoch 132 [12.3s + 12.1s]: train==[4.05331=0.21887 + 3.59386 + 0.23789 + 0.00269 ], test-recall=[0.1115, 0.1621], test-ndcg=[0.0864, 0.1031]
2025-06-08 12:56:00,627 - Epoch 133 [12.5s + 11.3s]: train==[4.05348=0.21909 + 3.59380 + 0.23789 + 0.00269 ], test-recall=[0.1115, 0.1621], test-ndcg=[0.0865, 0.1031]
2025-06-08 12:56:28,416 - Epoch 134 [16.2s + 11.6s]: train==[4.05329=0.21912 + 3.59366 + 0.23782 + 0.00269 ], test-recall=[0.1114, 0.1622], test-ndcg=[0.0864, 0.1031]
2025-06-08 12:56:52,032 - Epoch 135 [12.4s + 11.2s]: train==[4.05318=0.21887 + 3.59382 + 0.23780 + 0.00269 ], test-recall=[0.1115, 0.1621], test-ndcg=[0.0865, 0.1031]
2025-06-08 12:57:15,603 - Epoch 136 [12.4s + 11.2s]: train==[4.05328=0.21871 + 3.59409 + 0.23777 + 0.00270 ], test-recall=[0.1116, 0.1620], test-ndcg=[0.0865, 0.1031]
2025-06-08 12:57:40,386 - Epoch 137 [12.5s + 12.3s]: train==[4.05372=0.21889 + 3.59433 + 0.23780 + 0.00270 ], test-recall=[0.1116, 0.1622], test-ndcg=[0.0866, 0.1032]
2025-06-08 12:58:03,575 - Epoch 138 [12.4s + 10.8s]: train==[4.05309=0.21853 + 3.59406 + 0.23781 + 0.00270 ], test-recall=[0.1117, 0.1622], test-ndcg=[0.0866, 0.1032]
2025-06-08 12:58:29,125 - Epoch 139 [14.7s + 10.9s]: train==[4.05304=0.21815 + 3.59436 + 0.23783 + 0.00270 ], test-recall=[0.1117, 0.1626], test-ndcg=[0.0866, 0.1032]
2025-06-08 12:58:55,174 - Epoch 140 [13.2s + 12.8s]: train==[4.05268=0.21864 + 3.59346 + 0.23787 + 0.00270 ], test-recall=[0.1117, 0.1627], test-ndcg=[0.0866, 0.1033]
2025-06-08 12:59:21,825 - Epoch 141 [12.2s + 14.4s]: train==[4.05272=0.21852 + 3.59374 + 0.23775 + 0.00271 ], test-recall=[0.1116, 0.1628], test-ndcg=[0.0866, 0.1034]
2025-06-08 12:59:47,804 - Epoch 142 [12.4s + 13.6s]: train==[4.05272=0.21819 + 3.59403 + 0.23778 + 0.00271 ], test-recall=[0.1117, 0.1626], test-ndcg=[0.0866, 0.1033]
2025-06-08 13:00:13,927 - Epoch 143 [13.6s + 12.5s]: train==[4.05302=0.21847 + 3.59400 + 0.23784 + 0.00271 ], test-recall=[0.1118, 0.1629], test-ndcg=[0.0867, 0.1034]
2025-06-08 13:00:40,972 - Epoch 144 [15.5s + 11.6s]: train==[4.05258=0.21856 + 3.59348 + 0.23783 + 0.00271 ], test-recall=[0.1119, 0.1628], test-ndcg=[0.0868, 0.1034]
2025-06-08 13:01:04,695 - Epoch 145 [12.4s + 11.3s]: train==[4.05268=0.21831 + 3.59393 + 0.23773 + 0.00272 ], test-recall=[0.1119, 0.1631], test-ndcg=[0.0867, 0.1034]
2025-06-08 13:01:27,773 - Epoch 146 [12.2s + 10.9s]: train==[4.05244=0.21828 + 3.59370 + 0.23775 + 0.00272 ], test-recall=[0.1118, 0.1631], test-ndcg=[0.0867, 0.1035]
2025-06-08 13:01:51,197 - Epoch 147 [12.2s + 11.3s]: train==[4.05223=0.21834 + 3.59342 + 0.23775 + 0.00272 ], test-recall=[0.1121, 0.1631], test-ndcg=[0.0868, 0.1035]
2025-06-08 13:02:14,613 - Epoch 148 [12.5s + 10.9s]: train==[4.05236=0.21816 + 3.59371 + 0.23777 + 0.00272 ], test-recall=[0.1119, 0.1631], test-ndcg=[0.0867, 0.1035]
2025-06-08 13:02:41,592 - Epoch 149 [15.9s + 11.1s]: train==[4.05186=0.21799 + 3.59341 + 0.23774 + 0.00272 ], test-recall=[0.1122, 0.1630], test-ndcg=[0.0869, 0.1035]
2025-06-08 13:03:05,013 - Epoch 150 [12.3s + 11.2s]: train==[4.05200=0.21800 + 3.59362 + 0.23765 + 0.00273 ], test-recall=[0.1122, 0.1631], test-ndcg=[0.0869, 0.1035]
2025-06-08 13:03:28,683 - Epoch 151 [11.9s + 11.8s]: train==[4.05259=0.21805 + 3.59417 + 0.23765 + 0.00273 ], test-recall=[0.1122, 0.1633], test-ndcg=[0.0869, 0.1036]
2025-06-08 13:03:52,430 - Epoch 152 [12.4s + 11.3s]: train==[4.05229=0.21778 + 3.59406 + 0.23772 + 0.00273 ], test-recall=[0.1123, 0.1631], test-ndcg=[0.0870, 0.1036]
2025-06-08 13:04:15,053 - Epoch 153 [12.1s + 10.5s]: train==[4.05139=0.21757 + 3.59341 + 0.23769 + 0.00273 ], test-recall=[0.1124, 0.1631], test-ndcg=[0.0870, 0.1036]
2025-06-08 13:04:41,079 - Epoch 154 [14.4s + 11.6s]: train==[4.05178=0.21763 + 3.59365 + 0.23776 + 0.00274 ], test-recall=[0.1124, 0.1629], test-ndcg=[0.0870, 0.1036]
2025-06-08 13:05:04,306 - Epoch 155 [12.0s + 11.3s]: train==[4.05223=0.21787 + 3.59389 + 0.23773 + 0.00274 ], test-recall=[0.1122, 0.1631], test-ndcg=[0.0870, 0.1037]
2025-06-08 13:05:28,583 - Epoch 156 [12.5s + 11.7s]: train==[4.05172=0.21774 + 3.59350 + 0.23774 + 0.00274 ], test-recall=[0.1124, 0.1634], test-ndcg=[0.0872, 0.1038]
2025-06-08 13:05:56,044 - Epoch 157 [14.7s + 12.8s]: train==[4.05182=0.21777 + 3.59360 + 0.23770 + 0.00274 ], test-recall=[0.1122, 0.1633], test-ndcg=[0.0870, 0.1037]
2025-06-08 13:06:20,442 - Epoch 158 [14.0s + 10.4s]: train==[4.05131=0.21739 + 3.59342 + 0.23775 + 0.00274 ], test-recall=[0.1124, 0.1634], test-ndcg=[0.0871, 0.1038]
2025-06-08 13:06:48,745 - Epoch 159 [16.7s + 11.6s]: train==[4.05135=0.21742 + 3.59350 + 0.23767 + 0.00275 ], test-recall=[0.1123, 0.1636], test-ndcg=[0.0870, 0.1039]
2025-06-08 13:07:12,896 - Epoch 160 [13.0s + 11.1s]: train==[4.05190=0.21740 + 3.59408 + 0.23767 + 0.00275 ], test-recall=[0.1122, 0.1636], test-ndcg=[0.0871, 0.1039]
2025-06-08 13:07:36,161 - Epoch 161 [12.1s + 11.1s]: train==[4.05109=0.21719 + 3.59344 + 0.23771 + 0.00275 ], test-recall=[0.1122, 0.1636], test-ndcg=[0.0870, 0.1039]
2025-06-08 13:08:00,085 - Epoch 162 [12.7s + 11.3s]: train==[4.05130=0.21741 + 3.59351 + 0.23763 + 0.00275 ], test-recall=[0.1122, 0.1638], test-ndcg=[0.0871, 0.1040]
2025-06-08 13:08:24,354 - Epoch 163 [12.3s + 12.0s]: train==[4.05144=0.21763 + 3.59345 + 0.23761 + 0.00276 ], test-recall=[0.1120, 0.1636], test-ndcg=[0.0870, 0.1040]
2025-06-08 13:08:51,414 - Epoch 164 [16.1s + 11.0s]: train==[4.05121=0.21750 + 3.59326 + 0.23770 + 0.00276 ], test-recall=[0.1123, 0.1638], test-ndcg=[0.0872, 0.1040]
2025-06-08 13:09:14,808 - Epoch 165 [12.3s + 11.1s]: train==[4.05130=0.21733 + 3.59365 + 0.23756 + 0.00276 ], test-recall=[0.1126, 0.1637], test-ndcg=[0.0873, 0.1041]
2025-06-08 13:09:38,731 - Epoch 166 [12.2s + 11.8s]: train==[4.05126=0.21710 + 3.59376 + 0.23764 + 0.00276 ], test-recall=[0.1127, 0.1638], test-ndcg=[0.0873, 0.1041]
2025-06-08 13:10:02,014 - Epoch 167 [12.3s + 11.0s]: train==[4.05110=0.21736 + 3.59340 + 0.23758 + 0.00276 ], test-recall=[0.1126, 0.1638], test-ndcg=[0.0873, 0.1042]
2025-06-08 13:10:24,273 - Epoch 168 [12.1s + 10.1s]: train==[4.05104=0.21711 + 3.59356 + 0.23760 + 0.00277 ], test-recall=[0.1125, 0.1640], test-ndcg=[0.0873, 0.1042]
2025-06-08 13:10:51,827 - Epoch 169 [15.5s + 12.1s]: train==[4.05108=0.21749 + 3.59328 + 0.23754 + 0.00277 ], test-recall=[0.1126, 0.1639], test-ndcg=[0.0873, 0.1042]
2025-06-08 13:11:16,575 - Epoch 170 [12.3s + 12.5s]: train==[4.05077=0.21696 + 3.59347 + 0.23757 + 0.00277 ], test-recall=[0.1128, 0.1639], test-ndcg=[0.0874, 0.1042]
2025-06-08 13:11:43,581 - Epoch 171 [13.6s + 13.4s]: train==[4.05081=0.21734 + 3.59312 + 0.23757 + 0.00277 ], test-recall=[0.1129, 0.1640], test-ndcg=[0.0874, 0.1042]
2025-06-08 13:12:08,873 - Epoch 172 [12.8s + 12.5s]: train==[4.05084=0.21697 + 3.59357 + 0.23752 + 0.00278 ], test-recall=[0.1130, 0.1641], test-ndcg=[0.0874, 0.1042]
2025-06-08 13:12:32,520 - Epoch 173 [12.6s + 11.0s]: train==[4.05074=0.21730 + 3.59304 + 0.23762 + 0.00278 ], test-recall=[0.1129, 0.1640], test-ndcg=[0.0874, 0.1042]
2025-06-08 13:12:59,705 - Epoch 174 [15.7s + 11.5s]: train==[4.05067=0.21709 + 3.59330 + 0.23751 + 0.00278 ], test-recall=[0.1129, 0.1643], test-ndcg=[0.0874, 0.1043]
2025-06-08 13:13:23,634 - Epoch 175 [12.6s + 11.4s]: train==[4.05052=0.21686 + 3.59340 + 0.23748 + 0.00278 ], test-recall=[0.1131, 0.1645], test-ndcg=[0.0875, 0.1044]
2025-06-08 13:13:47,170 - Epoch 176 [12.3s + 11.3s]: train==[4.05090=0.21680 + 3.59374 + 0.23758 + 0.00278 ], test-recall=[0.1131, 0.1643], test-ndcg=[0.0875, 0.1043]
2025-06-08 13:14:10,080 - Epoch 177 [12.1s + 10.8s]: train==[4.05046=0.21701 + 3.59312 + 0.23754 + 0.00279 ], test-recall=[0.1131, 0.1644], test-ndcg=[0.0876, 0.1044]
2025-06-08 13:14:32,741 - Epoch 178 [12.2s + 10.5s]: train==[4.05057=0.21695 + 3.59327 + 0.23756 + 0.00279 ], test-recall=[0.1131, 0.1643], test-ndcg=[0.0875, 0.1043]
2025-06-08 13:14:59,555 - Epoch 179 [16.1s + 10.7s]: train==[4.05012=0.21663 + 3.59318 + 0.23753 + 0.00279 ], test-recall=[0.1131, 0.1644], test-ndcg=[0.0876, 0.1044]
2025-06-08 13:15:23,988 - Epoch 180 [12.5s + 11.9s]: train==[4.04986=0.21673 + 3.59283 + 0.23751 + 0.00279 ], test-recall=[0.1131, 0.1644], test-ndcg=[0.0875, 0.1044]
2025-06-08 13:15:46,699 - Epoch 181 [11.8s + 10.9s]: train==[4.05034=0.21678 + 3.59338 + 0.23739 + 0.00279 ], test-recall=[0.1130, 0.1644], test-ndcg=[0.0876, 0.1044]
2025-06-08 13:16:10,506 - Epoch 182 [12.4s + 11.4s]: train==[4.05025=0.21700 + 3.59298 + 0.23747 + 0.00280 ], test-recall=[0.1131, 0.1644], test-ndcg=[0.0876, 0.1044]
2025-06-08 13:16:35,297 - Epoch 183 [12.3s + 12.5s]: train==[4.05051=0.21668 + 3.59359 + 0.23744 + 0.00280 ], test-recall=[0.1130, 0.1645], test-ndcg=[0.0875, 0.1044]
2025-06-08 13:17:01,989 - Epoch 184 [15.6s + 11.1s]: train==[4.04991=0.21649 + 3.59322 + 0.23741 + 0.00280 ], test-recall=[0.1131, 0.1648], test-ndcg=[0.0876, 0.1046]
2025-06-08 13:17:29,002 - Epoch 185 [14.7s + 12.3s]: train==[4.05028=0.21662 + 3.59339 + 0.23747 + 0.00280 ], test-recall=[0.1133, 0.1645], test-ndcg=[0.0876, 0.1044]
2025-06-08 13:17:56,383 - Epoch 186 [13.6s + 13.8s]: train==[4.05046=0.21696 + 3.59325 + 0.23744 + 0.00281 ], test-recall=[0.1131, 0.1646], test-ndcg=[0.0876, 0.1045]
2025-06-08 13:18:21,379 - Epoch 187 [12.4s + 12.6s]: train==[4.05019=0.21671 + 3.59321 + 0.23746 + 0.00281 ], test-recall=[0.1132, 0.1647], test-ndcg=[0.0877, 0.1046]
2025-06-08 13:18:44,941 - Epoch 188 [12.4s + 11.1s]: train==[4.05011=0.21644 + 3.59343 + 0.23743 + 0.00281 ], test-recall=[0.1133, 0.1648], test-ndcg=[0.0877, 0.1046]
2025-06-08 13:19:11,946 - Epoch 189 [15.9s + 11.1s]: train==[4.04958=0.21626 + 3.59300 + 0.23751 + 0.00281 ], test-recall=[0.1133, 0.1648], test-ndcg=[0.0877, 0.1046]
2025-06-08 13:19:36,118 - Epoch 190 [12.4s + 11.8s]: train==[4.05006=0.21639 + 3.59337 + 0.23749 + 0.00281 ], test-recall=[0.1133, 0.1648], test-ndcg=[0.0878, 0.1046]
2025-06-08 13:19:59,995 - Epoch 191 [11.9s + 12.0s]: train==[4.05059=0.21666 + 3.59359 + 0.23752 + 0.00282 ], test-recall=[0.1131, 0.1648], test-ndcg=[0.0876, 0.1046]
2025-06-08 13:20:23,411 - Epoch 192 [12.1s + 11.3s]: train==[4.04943=0.21597 + 3.59319 + 0.23745 + 0.00282 ], test-recall=[0.1132, 0.1650], test-ndcg=[0.0877, 0.1046]
2025-06-08 13:20:46,434 - Epoch 193 [12.1s + 10.9s]: train==[4.05009=0.21627 + 3.59349 + 0.23750 + 0.00282 ], test-recall=[0.1131, 0.1651], test-ndcg=[0.0877, 0.1047]
2025-06-08 13:21:11,505 - Epoch 194 [14.3s + 10.8s]: train==[4.04988=0.21604 + 3.59349 + 0.23754 + 0.00282 ], test-recall=[0.1132, 0.1650], test-ndcg=[0.0878, 0.1048]
2025-06-08 13:21:34,980 - Epoch 195 [12.2s + 11.2s]: train==[4.05011=0.21614 + 3.59357 + 0.23758 + 0.00283 ], test-recall=[0.1131, 0.1649], test-ndcg=[0.0878, 0.1047]
2025-06-08 13:21:58,324 - Epoch 196 [12.2s + 11.1s]: train==[4.04932=0.21604 + 3.59291 + 0.23754 + 0.00283 ], test-recall=[0.1130, 0.1649], test-ndcg=[0.0878, 0.1047]
2025-06-08 13:22:21,594 - Epoch 197 [12.2s + 11.1s]: train==[4.04982=0.21623 + 3.59326 + 0.23750 + 0.00283 ], test-recall=[0.1133, 0.1648], test-ndcg=[0.0879, 0.1047]
2025-06-08 13:22:45,839 - Epoch 198 [12.5s + 11.7s]: train==[4.04979=0.21626 + 3.59314 + 0.23755 + 0.00283 ], test-recall=[0.1134, 0.1649], test-ndcg=[0.0879, 0.1047]
2025-06-08 13:23:11,503 - Epoch 199 [12.1s + 13.6s]: train==[4.04966=0.21624 + 3.59309 + 0.23749 + 0.00284 ], test-recall=[0.1132, 0.1647], test-ndcg=[0.0878, 0.1047]
2025-06-08 13:23:11,503 - Best Test Set Result: Epoch 198 test-recall=[0.1134, 0.1651], test-ndcg=[0.0879, 0.1047]
