2025-06-05 13:54:53,081 - n_users=50821, n_items=57440	n_interactions=1302695	n_train=1172425, n_test=130270, sparsity=0.00040
2025-06-05 13:54:53,081 - Namespace(data_path='data/', seed=2024, dataset='gowalla', verbose=1, save_model=False, epoch=200, n_batch=40, batch_size=10240, train_num=10000, sample_num=40, lr=0.001, embed_size=64, t_size=1, emb_reg=1e-05, int_reg=1e-05, ssl_reg=0.4, kl_reg=0.01, n_layers=2, n_intents=512, temp=0.2, show_step=1, Ks='[20, 40]')
2025-06-05 13:55:09,129 - Epoch  0 [10.0s + 1.6s]: train==[8.47516=1.11943 + 7.35174 + 0.00176 + 0.00223 ], test-recall=[0.0665, 0.0978], test-ndcg=[0.0388, 0.0470]
2025-06-05 13:55:20,402 - Epoch  1 [9.6s + 1.7s]: train==[8.06480=0.96468 + 7.08896 + 0.00890 + 0.00225 ], test-recall=[0.0736, 0.1073], test-ndcg=[0.0431, 0.0519]
2025-06-05 13:55:32,051 - Epoch  2 [10.1s + 1.6s]: train==[7.24702=0.73034 + 6.48411 + 0.03028 + 0.00229 ], test-recall=[0.0872, 0.1269], test-ndcg=[0.0512, 0.0617]
2025-06-05 13:55:43,542 - Epoch  3 [9.8s + 1.7s]: train==[6.50630=0.52170 + 5.92065 + 0.06164 + 0.00231 ], test-recall=[0.0975, 0.1424], test-ndcg=[0.0576, 0.0694]
2025-06-05 13:55:55,148 - Epoch  4 [9.8s + 1.8s]: train==[5.96406=0.38125 + 5.48537 + 0.09513 + 0.00231 ], test-recall=[0.1051, 0.1551], test-ndcg=[0.0624, 0.0755]
2025-06-05 13:56:06,543 - Epoch  5 [9.8s + 1.6s]: train==[5.56172=0.29602 + 5.13799 + 0.12540 + 0.00231 ], test-recall=[0.1124, 0.1660], test-ndcg=[0.0666, 0.0806]
2025-06-05 13:56:18,415 - Epoch  6 [10.4s + 1.5s]: train==[5.24975=0.24217 + 4.85502 + 0.15024 + 0.00231 ], test-recall=[0.1192, 0.1752], test-ndcg=[0.0704, 0.0850]
2025-06-05 13:56:29,988 - Epoch  7 [10.0s + 1.6s]: train==[5.01153=0.20990 + 4.63034 + 0.16897 + 0.00231 ], test-recall=[0.1259, 0.1854], test-ndcg=[0.0741, 0.0896]
2025-06-05 13:56:40,694 - Epoch  8 [9.3s + 1.4s]: train==[4.82533=0.18940 + 4.45127 + 0.18236 + 0.00231 ], test-recall=[0.1326, 0.1941], test-ndcg=[0.0778, 0.0939]
2025-06-05 13:56:51,520 - Epoch  9 [9.3s + 1.5s]: train==[4.67738=0.17671 + 4.30699 + 0.19137 + 0.00231 ], test-recall=[0.1395, 0.2039], test-ndcg=[0.0816, 0.0983]
2025-06-05 13:57:02,928 - Epoch 10 [9.7s + 1.7s]: train==[4.55894=0.16906 + 4.19045 + 0.19711 + 0.00231 ], test-recall=[0.1461, 0.2134], test-ndcg=[0.0855, 0.1030]
2025-06-05 13:57:13,969 - Epoch 11 [9.5s + 1.6s]: train==[4.46492=0.16548 + 4.09629 + 0.20083 + 0.00232 ], test-recall=[0.1525, 0.2219], test-ndcg=[0.0894, 0.1075]
2025-06-05 13:57:25,249 - Epoch 12 [9.7s + 1.6s]: train==[4.38969=0.16358 + 4.02036 + 0.20344 + 0.00232 ], test-recall=[0.1588, 0.2310], test-ndcg=[0.0932, 0.1120]
2025-06-05 13:57:36,670 - Epoch 13 [9.9s + 1.5s]: train==[4.32864=0.16243 + 3.95875 + 0.20514 + 0.00232 ], test-recall=[0.1652, 0.2383], test-ndcg=[0.0971, 0.1162]
2025-06-05 13:57:47,651 - Epoch 14 [9.4s + 1.6s]: train==[4.27920=0.16221 + 3.90822 + 0.20645 + 0.00233 ], test-recall=[0.1716, 0.2457], test-ndcg=[0.1009, 0.1203]
2025-06-05 13:57:59,234 - Epoch 15 [9.5s + 2.1s]: train==[4.23872=0.16216 + 3.86699 + 0.20724 + 0.00233 ], test-recall=[0.1769, 0.2521], test-ndcg=[0.1042, 0.1239]
2025-06-05 13:58:10,440 - Epoch 16 [9.4s + 1.8s]: train==[4.20507=0.16229 + 3.83247 + 0.20799 + 0.00233 ], test-recall=[0.1813, 0.2583], test-ndcg=[0.1073, 0.1274]
2025-06-05 13:58:21,714 - Epoch 17 [9.7s + 1.6s]: train==[4.17760=0.16259 + 3.80437 + 0.20831 + 0.00234 ], test-recall=[0.1860, 0.2636], test-ndcg=[0.1102, 0.1304]
2025-06-05 13:58:32,526 - Epoch 18 [9.3s + 1.6s]: train==[4.15505=0.16303 + 3.78107 + 0.20861 + 0.00234 ], test-recall=[0.1900, 0.2676], test-ndcg=[0.1128, 0.1331]
2025-06-05 13:58:44,963 - Epoch 19 [10.8s + 1.6s]: train==[4.13441=0.16357 + 3.75984 + 0.20865 + 0.00234 ], test-recall=[0.1932, 0.2709], test-ndcg=[0.1150, 0.1353]
2025-06-05 13:58:56,792 - Epoch 20 [10.2s + 1.6s]: train==[4.11799=0.16374 + 3.74334 + 0.20856 + 0.00235 ], test-recall=[0.1961, 0.2747], test-ndcg=[0.1169, 0.1375]
2025-06-05 13:59:08,268 - Epoch 21 [9.9s + 1.6s]: train==[4.10356=0.16414 + 3.72877 + 0.20830 + 0.00235 ], test-recall=[0.1979, 0.2770], test-ndcg=[0.1185, 0.1392]
2025-06-05 13:59:20,258 - Epoch 22 [10.0s + 2.0s]: train==[4.09031=0.16452 + 3.71527 + 0.20817 + 0.00235 ], test-recall=[0.2005, 0.2793], test-ndcg=[0.1201, 0.1407]
2025-06-05 13:59:31,701 - Epoch 23 [9.8s + 1.6s]: train==[4.07932=0.16452 + 3.70460 + 0.20785 + 0.00236 ], test-recall=[0.2023, 0.2815], test-ndcg=[0.1213, 0.1420]
2025-06-05 13:59:43,281 - Epoch 24 [9.6s + 2.0s]: train==[4.07011=0.16501 + 3.69507 + 0.20767 + 0.00236 ], test-recall=[0.2038, 0.2832], test-ndcg=[0.1223, 0.1431]
2025-06-05 13:59:54,511 - Epoch 25 [9.6s + 1.7s]: train==[4.06186=0.16526 + 3.68677 + 0.20748 + 0.00236 ], test-recall=[0.2055, 0.2852], test-ndcg=[0.1232, 0.1440]
2025-06-05 14:00:05,822 - Epoch 26 [9.8s + 1.5s]: train==[4.05399=0.16524 + 3.67917 + 0.20721 + 0.00236 ], test-recall=[0.2066, 0.2868], test-ndcg=[0.1242, 0.1451]
2025-06-05 14:00:17,066 - Epoch 27 [9.6s + 1.7s]: train==[4.04743=0.16537 + 3.67275 + 0.20695 + 0.00237 ], test-recall=[0.2082, 0.2883], test-ndcg=[0.1250, 0.1459]
2025-06-05 14:00:28,987 - Epoch 28 [10.1s + 1.8s]: train==[4.04107=0.16497 + 3.66701 + 0.20672 + 0.00237 ], test-recall=[0.2094, 0.2892], test-ndcg=[0.1258, 0.1467]
2025-06-05 14:00:40,230 - Epoch 29 [9.6s + 1.6s]: train==[4.03677=0.16569 + 3.66202 + 0.20668 + 0.00237 ], test-recall=[0.2102, 0.2900], test-ndcg=[0.1264, 0.1473]
2025-06-05 14:00:51,750 - Epoch 30 [9.8s + 1.7s]: train==[4.03187=0.16501 + 3.65788 + 0.20660 + 0.00238 ], test-recall=[0.2112, 0.2913], test-ndcg=[0.1270, 0.1479]
2025-06-05 14:01:03,101 - Epoch 31 [9.8s + 1.5s]: train==[4.02668=0.16482 + 3.65297 + 0.20651 + 0.00238 ], test-recall=[0.2120, 0.2922], test-ndcg=[0.1276, 0.1485]
2025-06-05 14:01:15,012 - Epoch 32 [10.4s + 1.5s]: train==[4.02314=0.16507 + 3.64925 + 0.20643 + 0.00238 ], test-recall=[0.2131, 0.2927], test-ndcg=[0.1282, 0.1490]
2025-06-05 14:01:26,273 - Epoch 33 [9.7s + 1.6s]: train==[4.01942=0.16487 + 3.64567 + 0.20648 + 0.00239 ], test-recall=[0.2138, 0.2943], test-ndcg=[0.1286, 0.1497]
2025-06-05 14:01:38,163 - Epoch 34 [10.1s + 1.8s]: train==[4.01624=0.16458 + 3.64285 + 0.20642 + 0.00239 ], test-recall=[0.2147, 0.2949], test-ndcg=[0.1291, 0.1502]
2025-06-05 14:01:49,717 - Epoch 35 [10.1s + 1.5s]: train==[4.01342=0.16443 + 3.64014 + 0.20646 + 0.00239 ], test-recall=[0.2150, 0.2957], test-ndcg=[0.1294, 0.1506]
2025-06-05 14:02:00,658 - Epoch 36 [9.2s + 1.7s]: train==[4.01018=0.16418 + 3.63713 + 0.20648 + 0.00240 ], test-recall=[0.2159, 0.2964], test-ndcg=[0.1300, 0.1511]
2025-06-05 14:02:11,908 - Epoch 37 [9.7s + 1.6s]: train==[4.00746=0.16374 + 3.63483 + 0.20649 + 0.00240 ], test-recall=[0.2162, 0.2975], test-ndcg=[0.1303, 0.1516]
2025-06-05 14:02:23,017 - Epoch 38 [9.4s + 1.7s]: train==[4.00473=0.16400 + 3.63166 + 0.20667 + 0.00240 ], test-recall=[0.2163, 0.2982], test-ndcg=[0.1305, 0.1520]
2025-06-05 14:02:34,264 - Epoch 39 [9.5s + 1.7s]: train==[4.00174=0.16323 + 3.62958 + 0.20652 + 0.00241 ], test-recall=[0.2171, 0.2993], test-ndcg=[0.1308, 0.1524]
2025-06-05 14:02:45,435 - Epoch 40 [9.5s + 1.7s]: train==[4.00021=0.16334 + 3.62784 + 0.20662 + 0.00241 ], test-recall=[0.2175, 0.2995], test-ndcg=[0.1311, 0.1526]
2025-06-05 14:02:56,209 - Epoch 41 [9.3s + 1.5s]: train==[3.99845=0.16277 + 3.62657 + 0.20670 + 0.00241 ], test-recall=[0.2178, 0.3000], test-ndcg=[0.1315, 0.1530]
2025-06-05 14:03:07,840 - Epoch 42 [9.9s + 1.8s]: train==[3.99686=0.16272 + 3.62483 + 0.20689 + 0.00242 ], test-recall=[0.2181, 0.3006], test-ndcg=[0.1316, 0.1531]
2025-06-05 14:03:19,437 - Epoch 43 [9.8s + 1.8s]: train==[3.99435=0.16212 + 3.62283 + 0.20697 + 0.00242 ], test-recall=[0.2181, 0.3009], test-ndcg=[0.1317, 0.1534]
2025-06-05 14:03:30,581 - Epoch 44 [9.6s + 1.5s]: train==[3.99324=0.16225 + 3.62144 + 0.20712 + 0.00242 ], test-recall=[0.2185, 0.3018], test-ndcg=[0.1320, 0.1539]
2025-06-05 14:03:41,566 - Epoch 45 [9.3s + 1.7s]: train==[3.99132=0.16204 + 3.61955 + 0.20731 + 0.00242 ], test-recall=[0.2190, 0.3019], test-ndcg=[0.1323, 0.1540]
2025-06-05 14:03:53,510 - Epoch 46 [10.2s + 1.8s]: train==[3.98900=0.16121 + 3.61806 + 0.20730 + 0.00243 ], test-recall=[0.2196, 0.3023], test-ndcg=[0.1327, 0.1543]
2025-06-05 14:04:04,581 - Epoch 47 [9.5s + 1.6s]: train==[3.98813=0.16109 + 3.61719 + 0.20742 + 0.00243 ], test-recall=[0.2200, 0.3026], test-ndcg=[0.1329, 0.1546]
2025-06-05 14:04:15,446 - Epoch 48 [9.3s + 1.6s]: train==[3.98635=0.16102 + 3.61536 + 0.20754 + 0.00243 ], test-recall=[0.2201, 0.3035], test-ndcg=[0.1330, 0.1549]
2025-06-05 14:04:27,497 - Epoch 49 [10.1s + 1.9s]: train==[3.98513=0.16076 + 3.61443 + 0.20751 + 0.00244 ], test-recall=[0.2205, 0.3043], test-ndcg=[0.1333, 0.1552]
2025-06-05 14:04:38,722 - Epoch 50 [9.8s + 1.5s]: train==[3.98453=0.16071 + 3.61370 + 0.20769 + 0.00244 ], test-recall=[0.2207, 0.3042], test-ndcg=[0.1335, 0.1554]
2025-06-05 14:04:49,762 - Epoch 51 [9.4s + 1.6s]: train==[3.98360=0.16036 + 3.61299 + 0.20781 + 0.00244 ], test-recall=[0.2210, 0.3044], test-ndcg=[0.1337, 0.1556]
2025-06-05 14:05:00,841 - Epoch 52 [9.4s + 1.7s]: train==[3.98188=0.16016 + 3.61145 + 0.20783 + 0.00244 ], test-recall=[0.2208, 0.3049], test-ndcg=[0.1337, 0.1557]
2025-06-05 14:05:12,227 - Epoch 53 [9.9s + 1.5s]: train==[3.98112=0.16041 + 3.61036 + 0.20791 + 0.00245 ], test-recall=[0.2208, 0.3057], test-ndcg=[0.1338, 0.1561]
2025-06-05 14:05:23,550 - Epoch 54 [9.4s + 1.9s]: train==[3.98005=0.15980 + 3.60993 + 0.20787 + 0.00245 ], test-recall=[0.2210, 0.3061], test-ndcg=[0.1340, 0.1563]
2025-06-05 14:05:35,153 - Epoch 55 [10.0s + 1.6s]: train==[3.97901=0.15958 + 3.60908 + 0.20790 + 0.00245 ], test-recall=[0.2212, 0.3061], test-ndcg=[0.1342, 0.1564]
2025-06-05 14:05:46,285 - Epoch 56 [9.5s + 1.6s]: train==[3.97881=0.15932 + 3.60906 + 0.20798 + 0.00245 ], test-recall=[0.2214, 0.3057], test-ndcg=[0.1344, 0.1565]
2025-06-05 14:05:57,405 - Epoch 57 [9.6s + 1.5s]: train==[3.97817=0.15936 + 3.60832 + 0.20804 + 0.00246 ], test-recall=[0.2218, 0.3064], test-ndcg=[0.1346, 0.1567]
2025-06-05 14:06:08,639 - Epoch 58 [9.6s + 1.6s]: train==[3.97719=0.15917 + 3.60750 + 0.20806 + 0.00246 ], test-recall=[0.2222, 0.3066], test-ndcg=[0.1348, 0.1569]
2025-06-05 14:06:19,927 - Epoch 59 [9.8s + 1.5s]: train==[3.97680=0.15873 + 3.60757 + 0.20804 + 0.00246 ], test-recall=[0.2222, 0.3075], test-ndcg=[0.1349, 0.1572]
2025-06-05 14:06:30,831 - Epoch 60 [9.3s + 1.6s]: train==[3.97638=0.15840 + 3.60727 + 0.20825 + 0.00246 ], test-recall=[0.2226, 0.3076], test-ndcg=[0.1350, 0.1572]
2025-06-05 14:06:42,014 - Epoch 61 [9.7s + 1.5s]: train==[3.97505=0.15826 + 3.60610 + 0.20823 + 0.00247 ], test-recall=[0.2228, 0.3084], test-ndcg=[0.1352, 0.1575]
2025-06-05 14:06:52,974 - Epoch 62 [9.4s + 1.5s]: train==[3.97560=0.15838 + 3.60649 + 0.20827 + 0.00247 ], test-recall=[0.2232, 0.3083], test-ndcg=[0.1353, 0.1575]
2025-06-05 14:07:04,184 - Epoch 63 [9.6s + 1.6s]: train==[3.97462=0.15781 + 3.60593 + 0.20840 + 0.00247 ], test-recall=[0.2227, 0.3088], test-ndcg=[0.1353, 0.1578]
2025-06-05 14:07:15,816 - Epoch 64 [9.9s + 1.7s]: train==[3.97421=0.15798 + 3.60532 + 0.20843 + 0.00247 ], test-recall=[0.2233, 0.3090], test-ndcg=[0.1354, 0.1579]
2025-06-05 14:07:27,561 - Epoch 65 [9.8s + 2.0s]: train==[3.97320=0.15776 + 3.60449 + 0.20847 + 0.00248 ], test-recall=[0.2232, 0.3092], test-ndcg=[0.1355, 0.1580]
2025-06-05 14:07:39,536 - Epoch 66 [10.2s + 1.8s]: train==[3.97332=0.15759 + 3.60484 + 0.20841 + 0.00248 ], test-recall=[0.2235, 0.3094], test-ndcg=[0.1356, 0.1581]
2025-06-05 14:07:51,778 - Epoch 67 [10.2s + 2.0s]: train==[3.97254=0.15756 + 3.60400 + 0.20850 + 0.00248 ], test-recall=[0.2230, 0.3097], test-ndcg=[0.1356, 0.1583]
2025-06-05 14:08:03,677 - Epoch 68 [9.7s + 2.2s]: train==[3.97179=0.15712 + 3.60366 + 0.20854 + 0.00248 ], test-recall=[0.2234, 0.3104], test-ndcg=[0.1358, 0.1585]
2025-06-05 14:08:15,614 - Epoch 69 [10.1s + 1.8s]: train==[3.97206=0.15695 + 3.60396 + 0.20866 + 0.00249 ], test-recall=[0.2238, 0.3108], test-ndcg=[0.1359, 0.1586]
2025-06-05 14:08:26,602 - Epoch 70 [9.3s + 1.7s]: train==[3.97109=0.15691 + 3.60307 + 0.20862 + 0.00249 ], test-recall=[0.2239, 0.3108], test-ndcg=[0.1361, 0.1588]
2025-06-05 14:08:38,309 - Epoch 71 [10.1s + 1.6s]: train==[3.97090=0.15684 + 3.60305 + 0.20852 + 0.00249 ], test-recall=[0.2239, 0.3113], test-ndcg=[0.1361, 0.1589]
2025-06-05 14:08:50,921 - Epoch 72 [11.1s + 1.5s]: train==[3.97084=0.15691 + 3.60274 + 0.20871 + 0.00249 ], test-recall=[0.2240, 0.3113], test-ndcg=[0.1362, 0.1590]
2025-06-05 14:09:02,288 - Epoch 73 [9.8s + 1.5s]: train==[3.97013=0.15661 + 3.60247 + 0.20856 + 0.00249 ], test-recall=[0.2244, 0.3115], test-ndcg=[0.1363, 0.1590]
2025-06-05 14:09:13,465 - Epoch 74 [9.6s + 1.5s]: train==[3.96884=0.15607 + 3.60177 + 0.20850 + 0.00250 ], test-recall=[0.2247, 0.3119], test-ndcg=[0.1364, 0.1591]
2025-06-05 14:09:24,682 - Epoch 75 [9.7s + 1.5s]: train==[3.97024=0.15686 + 3.60235 + 0.20853 + 0.00250 ], test-recall=[0.2250, 0.3116], test-ndcg=[0.1366, 0.1592]
2025-06-05 14:09:36,592 - Epoch 76 [9.7s + 2.2s]: train==[3.96979=0.15632 + 3.60241 + 0.20855 + 0.00250 ], test-recall=[0.2250, 0.3117], test-ndcg=[0.1366, 0.1592]
2025-06-05 14:09:48,208 - Epoch 77 [9.9s + 1.7s]: train==[3.96898=0.15610 + 3.60176 + 0.20862 + 0.00250 ], test-recall=[0.2251, 0.3122], test-ndcg=[0.1366, 0.1593]
2025-06-05 14:10:06,352 - Epoch 78 [14.7s + 3.4s]: train==[3.96943=0.15596 + 3.60230 + 0.20868 + 0.00251 ], test-recall=[0.2250, 0.3119], test-ndcg=[0.1366, 0.1593]
2025-06-05 14:10:27,951 - Epoch 79 [17.9s + 3.7s]: train==[3.96931=0.15617 + 3.60198 + 0.20865 + 0.00251 ], test-recall=[0.2250, 0.3120], test-ndcg=[0.1367, 0.1594]
2025-06-05 14:10:51,184 - Epoch 80 [19.7s + 3.6s]: train==[3.96805=0.15554 + 3.60136 + 0.20863 + 0.00251 ], test-recall=[0.2250, 0.3120], test-ndcg=[0.1368, 0.1594]
2025-06-05 14:11:14,090 - Epoch 81 [18.9s + 4.0s]: train==[3.96848=0.15602 + 3.60137 + 0.20857 + 0.00251 ], test-recall=[0.2255, 0.3121], test-ndcg=[0.1370, 0.1595]
2025-06-05 14:11:39,070 - Epoch 82 [20.3s + 4.7s]: train==[3.96821=0.15557 + 3.60157 + 0.20855 + 0.00252 ], test-recall=[0.2257, 0.3118], test-ndcg=[0.1370, 0.1595]
2025-06-05 14:12:05,992 - Epoch 83 [23.2s + 3.7s]: train==[3.96830=0.15573 + 3.60143 + 0.20862 + 0.00252 ], test-recall=[0.2259, 0.3120], test-ndcg=[0.1371, 0.1596]
2025-06-05 14:12:28,473 - Epoch 84 [18.4s + 4.0s]: train==[3.96819=0.15547 + 3.60153 + 0.20867 + 0.00252 ], test-recall=[0.2255, 0.3122], test-ndcg=[0.1371, 0.1598]
2025-06-05 14:12:53,051 - Epoch 85 [20.8s + 3.8s]: train==[3.96809=0.15541 + 3.60152 + 0.20864 + 0.00252 ], test-recall=[0.2254, 0.3134], test-ndcg=[0.1369, 0.1599]
2025-06-05 14:13:16,520 - Epoch 86 [18.9s + 4.6s]: train==[3.96740=0.15507 + 3.60117 + 0.20864 + 0.00253 ], test-recall=[0.2259, 0.3133], test-ndcg=[0.1372, 0.1600]
2025-06-05 14:13:38,347 - Epoch 87 [18.6s + 3.2s]: train==[3.96751=0.15509 + 3.60124 + 0.20865 + 0.00253 ], test-recall=[0.2259, 0.3127], test-ndcg=[0.1371, 0.1598]
2025-06-05 14:14:07,407 - Epoch 88 [24.9s + 4.1s]: train==[3.96713=0.15514 + 3.60081 + 0.20864 + 0.00253 ], test-recall=[0.2264, 0.3131], test-ndcg=[0.1373, 0.1600]
2025-06-05 14:14:29,540 - Epoch 89 [18.9s + 3.3s]: train==[3.96727=0.15512 + 3.60103 + 0.20858 + 0.00253 ], test-recall=[0.2266, 0.3134], test-ndcg=[0.1374, 0.1600]
2025-06-05 14:14:51,969 - Epoch 90 [18.4s + 4.1s]: train==[3.96665=0.15474 + 3.60078 + 0.20858 + 0.00254 ], test-recall=[0.2265, 0.3132], test-ndcg=[0.1373, 0.1599]
2025-06-05 14:15:14,889 - Epoch 91 [18.5s + 4.4s]: train==[3.96612=0.15470 + 3.60027 + 0.20861 + 0.00254 ], test-recall=[0.2264, 0.3139], test-ndcg=[0.1374, 0.1602]
2025-06-05 14:15:42,494 - Epoch 92 [23.0s + 4.6s]: train==[3.96661=0.15522 + 3.60035 + 0.20851 + 0.00254 ], test-recall=[0.2265, 0.3142], test-ndcg=[0.1374, 0.1603]
2025-06-05 14:16:05,717 - Epoch 93 [19.3s + 3.9s]: train==[3.96620=0.15468 + 3.60048 + 0.20849 + 0.00254 ], test-recall=[0.2270, 0.3135], test-ndcg=[0.1376, 0.1602]
2025-06-05 14:16:29,180 - Epoch 94 [18.8s + 4.7s]: train==[3.96672=0.15487 + 3.60081 + 0.20850 + 0.00255 ], test-recall=[0.2268, 0.3135], test-ndcg=[0.1376, 0.1603]
2025-06-05 14:16:54,380 - Epoch 95 [20.7s + 4.5s]: train==[3.96591=0.15439 + 3.60041 + 0.20856 + 0.00255 ], test-recall=[0.2266, 0.3141], test-ndcg=[0.1376, 0.1604]
2025-06-05 14:17:23,139 - Epoch 96 [24.3s + 4.4s]: train==[3.96594=0.15460 + 3.60023 + 0.20856 + 0.00255 ], test-recall=[0.2267, 0.3141], test-ndcg=[0.1378, 0.1606]
2025-06-05 14:17:46,444 - Epoch 97 [18.8s + 4.4s]: train==[3.96629=0.15478 + 3.60041 + 0.20855 + 0.00255 ], test-recall=[0.2268, 0.3146], test-ndcg=[0.1379, 0.1608]
2025-06-05 14:18:14,092 - Epoch 98 [23.6s + 4.1s]: train==[3.96528=0.15407 + 3.60027 + 0.20839 + 0.00256 ], test-recall=[0.2270, 0.3146], test-ndcg=[0.1378, 0.1607]
2025-06-05 14:18:35,244 - Epoch 99 [18.1s + 3.0s]: train==[3.96569=0.15439 + 3.60032 + 0.20842 + 0.00256 ], test-recall=[0.2272, 0.3146], test-ndcg=[0.1379, 0.1607]
2025-06-05 14:18:58,345 - Epoch 100 [18.5s + 4.6s]: train==[3.96501=0.15428 + 3.59972 + 0.20845 + 0.00256 ], test-recall=[0.2267, 0.3149], test-ndcg=[0.1378, 0.1608]
2025-06-05 14:19:22,413 - Epoch 101 [19.6s + 4.5s]: train==[3.96480=0.15442 + 3.59945 + 0.20837 + 0.00256 ], test-recall=[0.2270, 0.3157], test-ndcg=[0.1381, 0.1611]
2025-06-05 14:19:46,288 - Epoch 102 [19.3s + 4.5s]: train==[3.96531=0.15439 + 3.60009 + 0.20827 + 0.00256 ], test-recall=[0.2266, 0.3156], test-ndcg=[0.1380, 0.1611]
2025-06-05 14:20:09,525 - Epoch 103 [19.5s + 3.7s]: train==[3.96513=0.15427 + 3.59999 + 0.20831 + 0.00257 ], test-recall=[0.2266, 0.3153], test-ndcg=[0.1380, 0.1611]
2025-06-05 14:20:32,310 - Epoch 104 [18.4s + 4.4s]: train==[3.96465=0.15419 + 3.59956 + 0.20834 + 0.00257 ], test-recall=[0.2260, 0.3154], test-ndcg=[0.1378, 0.1610]
2025-06-05 14:20:55,079 - Epoch 105 [18.6s + 4.2s]: train==[3.96439=0.15433 + 3.59929 + 0.20819 + 0.00257 ], test-recall=[0.2265, 0.3154], test-ndcg=[0.1379, 0.1610]
2025-06-05 14:21:23,270 - Epoch 106 [23.5s + 4.7s]: train==[3.96427=0.15429 + 3.59921 + 0.20820 + 0.00257 ], test-recall=[0.2265, 0.3151], test-ndcg=[0.1379, 0.1609]
2025-06-05 14:21:46,693 - Epoch 107 [19.1s + 4.3s]: train==[3.96439=0.15421 + 3.59946 + 0.20814 + 0.00257 ], test-recall=[0.2269, 0.3157], test-ndcg=[0.1382, 0.1613]
2025-06-05 14:22:09,827 - Epoch 108 [18.9s + 4.3s]: train==[3.96409=0.15412 + 3.59936 + 0.20803 + 0.00258 ], test-recall=[0.2268, 0.3155], test-ndcg=[0.1382, 0.1613]
2025-06-05 14:22:31,306 - Epoch 109 [19.0s + 2.5s]: train==[3.96436=0.15407 + 3.59964 + 0.20808 + 0.00258 ], test-recall=[0.2268, 0.3154], test-ndcg=[0.1384, 0.1615]
2025-06-05 14:22:42,596 - Epoch 110 [9.7s + 1.6s]: train==[3.96467=0.15391 + 3.59997 + 0.20820 + 0.00258 ], test-recall=[0.2271, 0.3151], test-ndcg=[0.1384, 0.1614]
2025-06-05 14:22:56,178 - Epoch 111 [9.8s + 3.7s]: train==[3.96446=0.15393 + 3.59967 + 0.20827 + 0.00258 ], test-recall=[0.2273, 0.3153], test-ndcg=[0.1384, 0.1614]
2025-06-05 14:23:25,180 - Epoch 112 [24.4s + 4.6s]: train==[3.96387=0.15379 + 3.59931 + 0.20819 + 0.00259 ], test-recall=[0.2268, 0.3157], test-ndcg=[0.1383, 0.1615]
2025-06-05 14:23:49,323 - Epoch 113 [19.7s + 4.5s]: train==[3.96415=0.15397 + 3.59943 + 0.20815 + 0.00259 ], test-recall=[0.2271, 0.3158], test-ndcg=[0.1385, 0.1617]
2025-06-05 14:24:12,313 - Epoch 114 [18.8s + 4.2s]: train==[3.96367=0.15374 + 3.59917 + 0.20817 + 0.00259 ], test-recall=[0.2269, 0.3153], test-ndcg=[0.1385, 0.1616]
2025-06-05 14:24:34,964 - Epoch 115 [20.4s + 2.2s]: train==[3.96376=0.15374 + 3.59933 + 0.20810 + 0.00259 ], test-recall=[0.2275, 0.3147], test-ndcg=[0.1387, 0.1615]
2025-06-05 14:24:55,146 - Epoch 116 [16.7s + 3.5s]: train==[3.96435=0.15401 + 3.59956 + 0.20819 + 0.00260 ], test-recall=[0.2271, 0.3150], test-ndcg=[0.1387, 0.1617]
2025-06-05 14:25:16,422 - Epoch 117 [17.6s + 3.7s]: train==[3.96445=0.15354 + 3.60009 + 0.20822 + 0.00260 ], test-recall=[0.2275, 0.3160], test-ndcg=[0.1388, 0.1619]
2025-06-05 14:25:37,253 - Epoch 118 [17.2s + 3.6s]: train==[3.96393=0.15348 + 3.59954 + 0.20831 + 0.00260 ], test-recall=[0.2271, 0.3155], test-ndcg=[0.1388, 0.1619]
2025-06-05 14:25:58,219 - Epoch 119 [17.6s + 3.4s]: train==[3.96306=0.15329 + 3.59893 + 0.20823 + 0.00260 ], test-recall=[0.2280, 0.3158], test-ndcg=[0.1390, 0.1619]
2025-06-05 14:26:18,667 - Epoch 120 [17.3s + 3.1s]: train==[3.96408=0.15387 + 3.59937 + 0.20823 + 0.00261 ], test-recall=[0.2278, 0.3158], test-ndcg=[0.1390, 0.1620]
2025-06-05 14:26:39,836 - Epoch 121 [17.8s + 3.4s]: train==[3.96399=0.15365 + 3.59950 + 0.20823 + 0.00261 ], test-recall=[0.2279, 0.3156], test-ndcg=[0.1391, 0.1620]
2025-06-05 14:27:00,639 - Epoch 122 [17.6s + 3.2s]: train==[3.96323=0.15344 + 3.59904 + 0.20813 + 0.00261 ], test-recall=[0.2277, 0.3162], test-ndcg=[0.1390, 0.1621]
2025-06-05 14:27:20,604 - Epoch 123 [16.4s + 3.6s]: train==[3.96319=0.15345 + 3.59902 + 0.20811 + 0.00261 ], test-recall=[0.2278, 0.3160], test-ndcg=[0.1390, 0.1619]
2025-06-05 14:27:42,605 - Epoch 124 [18.3s + 3.7s]: train==[3.96316=0.15321 + 3.59925 + 0.20809 + 0.00261 ], test-recall=[0.2282, 0.3160], test-ndcg=[0.1391, 0.1620]
2025-06-05 14:27:56,220 - Epoch 125 [11.6s + 2.0s]: train==[3.96337=0.15369 + 3.59896 + 0.20811 + 0.00262 ], test-recall=[0.2280, 0.3162], test-ndcg=[0.1391, 0.1621]
2025-06-05 14:28:07,888 - Epoch 126 [9.9s + 1.7s]: train==[3.96289=0.15328 + 3.59894 + 0.20805 + 0.00262 ], test-recall=[0.2279, 0.3165], test-ndcg=[0.1392, 0.1623]
2025-06-05 14:28:19,877 - Epoch 127 [10.4s + 1.6s]: train==[3.96277=0.15339 + 3.59880 + 0.20796 + 0.00262 ], test-recall=[0.2279, 0.3162], test-ndcg=[0.1392, 0.1622]
2025-06-05 14:28:32,878 - Epoch 128 [11.0s + 2.0s]: train==[3.96254=0.15312 + 3.59887 + 0.20793 + 0.00262 ], test-recall=[0.2277, 0.3165], test-ndcg=[0.1389, 0.1620]
2025-06-05 14:28:44,024 - Epoch 129 [9.6s + 1.5s]: train==[3.96314=0.15342 + 3.59907 + 0.20803 + 0.00263 ], test-recall=[0.2282, 0.3158], test-ndcg=[0.1390, 0.1619]
2025-06-05 14:28:56,123 - Epoch 130 [9.6s + 2.5s]: train==[3.96285=0.15338 + 3.59879 + 0.20805 + 0.00263 ], test-recall=[0.2282, 0.3170], test-ndcg=[0.1389, 0.1620]
2025-06-05 14:29:08,533 - Epoch 131 [10.4s + 2.0s]: train==[3.96275=0.15321 + 3.59886 + 0.20805 + 0.00263 ], test-recall=[0.2278, 0.3170], test-ndcg=[0.1388, 0.1621]
2025-06-05 14:29:20,748 - Epoch 132 [10.0s + 2.2s]: train==[3.96217=0.15295 + 3.59863 + 0.20795 + 0.00263 ], test-recall=[0.2284, 0.3168], test-ndcg=[0.1390, 0.1621]
2025-06-05 14:29:33,825 - Epoch 133 [11.2s + 1.9s]: train==[3.96220=0.15297 + 3.59870 + 0.20789 + 0.00264 ], test-recall=[0.2280, 0.3173], test-ndcg=[0.1390, 0.1623]
2025-06-05 14:29:46,468 - Epoch 134 [10.2s + 2.5s]: train==[3.96243=0.15309 + 3.59879 + 0.20791 + 0.00264 ], test-recall=[0.2288, 0.3168], test-ndcg=[0.1393, 0.1623]
2025-06-05 14:29:58,377 - Epoch 135 [10.0s + 1.9s]: train==[3.96266=0.15321 + 3.59894 + 0.20788 + 0.00264 ], test-recall=[0.2290, 0.3166], test-ndcg=[0.1392, 0.1621]
2025-06-05 14:30:10,441 - Epoch 136 [10.1s + 1.9s]: train==[3.96263=0.15343 + 3.59860 + 0.20796 + 0.00264 ], test-recall=[0.2286, 0.3168], test-ndcg=[0.1392, 0.1622]
2025-06-05 14:30:23,301 - Epoch 137 [10.7s + 2.2s]: train==[3.96228=0.15312 + 3.59862 + 0.20789 + 0.00264 ], test-recall=[0.2291, 0.3172], test-ndcg=[0.1391, 0.1621]
2025-06-05 14:30:37,292 - Epoch 138 [12.3s + 1.7s]: train==[3.96194=0.15290 + 3.59851 + 0.20788 + 0.00265 ], test-recall=[0.2294, 0.3173], test-ndcg=[0.1392, 0.1622]
2025-06-05 14:30:49,267 - Epoch 139 [10.0s + 1.9s]: train==[3.96178=0.15318 + 3.59814 + 0.20782 + 0.00265 ], test-recall=[0.2288, 0.3177], test-ndcg=[0.1391, 0.1623]
2025-06-05 14:31:02,409 - Epoch 140 [11.6s + 1.6s]: train==[3.96230=0.15322 + 3.59862 + 0.20781 + 0.00265 ], test-recall=[0.2286, 0.3172], test-ndcg=[0.1392, 0.1623]
2025-06-05 14:31:13,980 - Epoch 141 [9.9s + 1.7s]: train==[3.96219=0.15320 + 3.59858 + 0.20776 + 0.00265 ], test-recall=[0.2295, 0.3170], test-ndcg=[0.1392, 0.1621]
2025-06-05 14:31:26,749 - Epoch 142 [10.7s + 2.1s]: train==[3.96199=0.15310 + 3.59839 + 0.20784 + 0.00266 ], test-recall=[0.2291, 0.3175], test-ndcg=[0.1391, 0.1623]
2025-06-05 14:31:38,604 - Epoch 143 [10.1s + 1.8s]: train==[3.96225=0.15318 + 3.59864 + 0.20778 + 0.00266 ], test-recall=[0.2289, 0.3177], test-ndcg=[0.1393, 0.1625]
2025-06-05 14:31:50,143 - Epoch 144 [9.6s + 2.0s]: train==[3.96181=0.15290 + 3.59846 + 0.20779 + 0.00266 ], test-recall=[0.2289, 0.3169], test-ndcg=[0.1392, 0.1623]
2025-06-05 14:32:01,760 - Epoch 145 [10.0s + 1.6s]: train==[3.96166=0.15294 + 3.59829 + 0.20777 + 0.00266 ], test-recall=[0.2286, 0.3174], test-ndcg=[0.1393, 0.1625]
2025-06-05 14:32:13,314 - Epoch 146 [10.0s + 1.5s]: train==[3.96190=0.15294 + 3.59848 + 0.20782 + 0.00266 ], test-recall=[0.2294, 0.3176], test-ndcg=[0.1394, 0.1625]
2025-06-05 14:32:24,613 - Epoch 147 [9.6s + 1.7s]: train==[3.96173=0.15289 + 3.59846 + 0.20771 + 0.00267 ], test-recall=[0.2290, 0.3181], test-ndcg=[0.1395, 0.1627]
2025-06-05 14:32:35,836 - Epoch 148 [9.6s + 1.7s]: train==[3.96186=0.15295 + 3.59850 + 0.20774 + 0.00267 ], test-recall=[0.2296, 0.3182], test-ndcg=[0.1394, 0.1626]
2025-06-05 14:32:47,048 - Epoch 149 [9.6s + 1.6s]: train==[3.96208=0.15285 + 3.59883 + 0.20773 + 0.00267 ], test-recall=[0.2292, 0.3178], test-ndcg=[0.1395, 0.1627]
2025-06-05 14:32:57,884 - Epoch 150 [9.3s + 1.6s]: train==[3.96171=0.15258 + 3.59860 + 0.20786 + 0.00267 ], test-recall=[0.2293, 0.3181], test-ndcg=[0.1396, 0.1627]
2025-06-05 14:33:09,200 - Epoch 151 [9.7s + 1.6s]: train==[3.96149=0.15251 + 3.59849 + 0.20781 + 0.00268 ], test-recall=[0.2293, 0.3179], test-ndcg=[0.1395, 0.1626]
2025-06-05 14:33:20,288 - Epoch 152 [9.6s + 1.5s]: train==[3.96142=0.15277 + 3.59816 + 0.20781 + 0.00268 ], test-recall=[0.2296, 0.3178], test-ndcg=[0.1396, 0.1626]
2025-06-05 14:33:31,568 - Epoch 153 [9.7s + 1.6s]: train==[3.96155=0.15265 + 3.59850 + 0.20772 + 0.00268 ], test-recall=[0.2294, 0.3182], test-ndcg=[0.1395, 0.1627]
2025-06-05 14:33:42,903 - Epoch 154 [9.6s + 1.7s]: train==[3.96141=0.15279 + 3.59816 + 0.20778 + 0.00268 ], test-recall=[0.2287, 0.3177], test-ndcg=[0.1394, 0.1627]
2025-06-05 14:33:54,592 - Epoch 155 [10.1s + 1.6s]: train==[3.96130=0.15255 + 3.59839 + 0.20767 + 0.00269 ], test-recall=[0.2292, 0.3173], test-ndcg=[0.1395, 0.1625]
2025-06-05 14:34:05,657 - Epoch 156 [9.5s + 1.5s]: train==[3.96189=0.15277 + 3.59865 + 0.20778 + 0.00269 ], test-recall=[0.2292, 0.3172], test-ndcg=[0.1396, 0.1626]
2025-06-05 14:34:17,200 - Epoch 157 [9.8s + 1.8s]: train==[3.96093=0.15272 + 3.59772 + 0.20780 + 0.00269 ], test-recall=[0.2300, 0.3170], test-ndcg=[0.1396, 0.1624]
2025-06-05 14:34:28,075 - Epoch 158 [9.4s + 1.5s]: train==[3.96072=0.15269 + 3.59769 + 0.20765 + 0.00269 ], test-recall=[0.2295, 0.3176], test-ndcg=[0.1397, 0.1627]
2025-06-05 14:34:38,900 - Epoch 159 [9.3s + 1.5s]: train==[3.96137=0.15294 + 3.59809 + 0.20764 + 0.00269 ], test-recall=[0.2297, 0.3173], test-ndcg=[0.1399, 0.1628]
2025-06-05 14:34:49,961 - Epoch 160 [9.5s + 1.6s]: train==[3.96125=0.15277 + 3.59819 + 0.20758 + 0.00270 ], test-recall=[0.2297, 0.3175], test-ndcg=[0.1399, 0.1629]
2025-06-05 14:35:01,404 - Epoch 161 [9.8s + 1.7s]: train==[3.96082=0.15246 + 3.59807 + 0.20760 + 0.00270 ], test-recall=[0.2297, 0.3176], test-ndcg=[0.1398, 0.1628]
2025-06-05 14:35:22,191 - Epoch 162 [17.1s + 3.7s]: train==[3.96095=0.15287 + 3.59781 + 0.20758 + 0.00270 ], test-recall=[0.2296, 0.3178], test-ndcg=[0.1398, 0.1628]
2025-06-05 14:35:46,080 - Epoch 163 [20.8s + 3.1s]: train==[3.96047=0.15246 + 3.59783 + 0.20748 + 0.00270 ], test-recall=[0.2297, 0.3169], test-ndcg=[0.1397, 0.1625]
2025-06-05 14:36:10,095 - Epoch 164 [20.7s + 3.4s]: train==[3.96156=0.15297 + 3.59824 + 0.20765 + 0.00270 ], test-recall=[0.2298, 0.3174], test-ndcg=[0.1399, 0.1629]
2025-06-05 14:36:29,751 - Epoch 165 [16.4s + 3.2s]: train==[3.96103=0.15246 + 3.59830 + 0.20757 + 0.00271 ], test-recall=[0.2301, 0.3175], test-ndcg=[0.1399, 0.1628]
2025-06-05 14:36:50,889 - Epoch 166 [17.4s + 3.7s]: train==[3.96083=0.15244 + 3.59806 + 0.20761 + 0.00271 ], test-recall=[0.2291, 0.3171], test-ndcg=[0.1397, 0.1627]
2025-06-05 14:37:12,010 - Epoch 167 [17.5s + 3.6s]: train==[3.96086=0.15234 + 3.59824 + 0.20757 + 0.00271 ], test-recall=[0.2303, 0.3170], test-ndcg=[0.1400, 0.1628]
2025-06-05 14:37:35,555 - Epoch 168 [22.0s + 1.5s]: train==[3.96068=0.15238 + 3.59802 + 0.20757 + 0.00271 ], test-recall=[0.2304, 0.3174], test-ndcg=[0.1400, 0.1628]
2025-06-05 14:37:46,466 - Epoch 169 [9.4s + 1.5s]: train==[3.96088=0.15236 + 3.59829 + 0.20752 + 0.00272 ], test-recall=[0.2303, 0.3176], test-ndcg=[0.1400, 0.1629]
2025-06-05 14:37:57,255 - Epoch 170 [9.3s + 1.5s]: train==[3.96085=0.15252 + 3.59805 + 0.20756 + 0.00272 ], test-recall=[0.2306, 0.3179], test-ndcg=[0.1400, 0.1629]
2025-06-05 14:38:08,435 - Epoch 171 [9.4s + 1.7s]: train==[3.96018=0.15235 + 3.59764 + 0.20747 + 0.00272 ], test-recall=[0.2295, 0.3178], test-ndcg=[0.1397, 0.1628]
2025-06-05 14:38:23,127 - Epoch 172 [10.6s + 4.1s]: train==[3.95946=0.15212 + 3.59722 + 0.20738 + 0.00272 ], test-recall=[0.2300, 0.3176], test-ndcg=[0.1398, 0.1627]
2025-06-05 14:38:44,286 - Epoch 173 [17.4s + 3.8s]: train==[3.96025=0.15233 + 3.59790 + 0.20728 + 0.00272 ], test-recall=[0.2306, 0.3179], test-ndcg=[0.1401, 0.1629]
2025-06-05 14:39:04,501 - Epoch 174 [16.9s + 3.3s]: train==[3.96107=0.15283 + 3.59809 + 0.20742 + 0.00273 ], test-recall=[0.2304, 0.3175], test-ndcg=[0.1399, 0.1627]
2025-06-05 14:39:26,881 - Epoch 175 [18.8s + 3.6s]: train==[3.96070=0.15261 + 3.59787 + 0.20750 + 0.00273 ], test-recall=[0.2301, 0.3181], test-ndcg=[0.1399, 0.1629]
2025-06-05 14:39:47,323 - Epoch 176 [16.9s + 3.6s]: train==[3.96054=0.15256 + 3.59778 + 0.20747 + 0.00273 ], test-recall=[0.2301, 0.3174], test-ndcg=[0.1397, 0.1626]
2025-06-05 14:40:07,883 - Epoch 177 [17.1s + 3.5s]: train==[3.96045=0.15236 + 3.59785 + 0.20751 + 0.00273 ], test-recall=[0.2308, 0.3173], test-ndcg=[0.1399, 0.1626]
2025-06-05 14:40:29,231 - Epoch 178 [17.7s + 3.7s]: train==[3.96073=0.15240 + 3.59812 + 0.20748 + 0.00274 ], test-recall=[0.2304, 0.3177], test-ndcg=[0.1398, 0.1626]
2025-06-05 14:40:50,402 - Epoch 179 [17.5s + 3.7s]: train==[3.96023=0.15234 + 3.59770 + 0.20746 + 0.00274 ], test-recall=[0.2309, 0.3177], test-ndcg=[0.1399, 0.1627]
2025-06-05 14:41:11,534 - Epoch 180 [17.5s + 3.7s]: train==[3.96029=0.15234 + 3.59772 + 0.20749 + 0.00274 ], test-recall=[0.2308, 0.3181], test-ndcg=[0.1398, 0.1627]
2025-06-05 14:41:31,790 - Epoch 181 [16.7s + 3.6s]: train==[3.96027=0.15235 + 3.59774 + 0.20744 + 0.00274 ], test-recall=[0.2309, 0.3177], test-ndcg=[0.1401, 0.1628]
2025-06-05 14:41:53,577 - Epoch 182 [18.1s + 3.7s]: train==[3.95991=0.15232 + 3.59749 + 0.20735 + 0.00274 ], test-recall=[0.2306, 0.3181], test-ndcg=[0.1400, 0.1630]
2025-06-05 14:42:14,947 - Epoch 183 [18.0s + 3.3s]: train==[3.96049=0.15271 + 3.59763 + 0.20740 + 0.00275 ], test-recall=[0.2306, 0.3183], test-ndcg=[0.1401, 0.1630]
2025-06-05 14:42:39,018 - Epoch 184 [20.5s + 3.5s]: train==[3.96059=0.15252 + 3.59790 + 0.20742 + 0.00275 ], test-recall=[0.2303, 0.3185], test-ndcg=[0.1399, 0.1630]
2025-06-05 14:43:01,404 - Epoch 185 [18.7s + 3.7s]: train==[3.96011=0.15225 + 3.59764 + 0.20746 + 0.00275 ], test-recall=[0.2302, 0.3181], test-ndcg=[0.1399, 0.1629]
2025-06-05 14:43:25,755 - Epoch 186 [20.9s + 3.5s]: train==[3.96024=0.15237 + 3.59770 + 0.20742 + 0.00275 ], test-recall=[0.2305, 0.3175], test-ndcg=[0.1399, 0.1627]
2025-06-05 14:43:48,499 - Epoch 187 [19.3s + 3.4s]: train==[3.96006=0.15207 + 3.59790 + 0.20733 + 0.00275 ], test-recall=[0.2310, 0.3181], test-ndcg=[0.1401, 0.1629]
2025-06-05 14:44:08,890 - Epoch 188 [16.9s + 3.5s]: train==[3.95932=0.15207 + 3.59717 + 0.20732 + 0.00276 ], test-recall=[0.2308, 0.3183], test-ndcg=[0.1401, 0.1630]
2025-06-05 14:44:33,025 - Epoch 189 [20.3s + 3.8s]: train==[3.96023=0.15235 + 3.59786 + 0.20725 + 0.00276 ], test-recall=[0.2309, 0.3181], test-ndcg=[0.1402, 0.1630]
2025-06-05 14:44:53,196 - Epoch 190 [17.2s + 2.9s]: train==[3.96006=0.15192 + 3.59801 + 0.20737 + 0.00276 ], test-recall=[0.2316, 0.3183], test-ndcg=[0.1404, 0.1631]
2025-06-05 14:45:17,927 - Epoch 191 [21.2s + 3.5s]: train==[3.95990=0.15229 + 3.59752 + 0.20732 + 0.00276 ], test-recall=[0.2315, 0.3182], test-ndcg=[0.1402, 0.1630]
2025-06-05 14:45:40,566 - Epoch 192 [19.8s + 2.9s]: train==[3.95990=0.15215 + 3.59767 + 0.20731 + 0.00277 ], test-recall=[0.2309, 0.3187], test-ndcg=[0.1400, 0.1630]
2025-06-05 14:46:06,278 - Epoch 193 [22.1s + 3.6s]: train==[3.96034=0.15226 + 3.59802 + 0.20730 + 0.00277 ], test-recall=[0.2309, 0.3181], test-ndcg=[0.1400, 0.1629]
2025-06-05 14:46:27,960 - Epoch 194 [18.0s + 3.7s]: train==[3.96002=0.15249 + 3.59745 + 0.20731 + 0.00277 ], test-recall=[0.2312, 0.3178], test-ndcg=[0.1400, 0.1627]
2025-06-05 14:46:48,521 - Epoch 195 [17.0s + 3.6s]: train==[3.95999=0.15216 + 3.59773 + 0.20733 + 0.00277 ], test-recall=[0.2310, 0.3176], test-ndcg=[0.1400, 0.1627]
2025-06-05 14:47:08,762 - Epoch 196 [17.4s + 2.8s]: train==[3.96019=0.15192 + 3.59815 + 0.20734 + 0.00277 ], test-recall=[0.2307, 0.3175], test-ndcg=[0.1399, 0.1627]
2025-06-05 14:47:29,436 - Epoch 197 [17.2s + 3.5s]: train==[3.95973=0.15239 + 3.59720 + 0.20737 + 0.00278 ], test-recall=[0.2310, 0.3178], test-ndcg=[0.1402, 0.1629]
2025-06-05 14:47:49,845 - Epoch 198 [17.1s + 3.4s]: train==[3.95982=0.15211 + 3.59759 + 0.20733 + 0.00278 ], test-recall=[0.2311, 0.3174], test-ndcg=[0.1402, 0.1628]
2025-06-05 14:48:12,460 - Epoch 199 [19.9s + 2.8s]: train==[3.95908=0.15214 + 3.59693 + 0.20723 + 0.00278 ], test-recall=[0.2310, 0.3176], test-ndcg=[0.1401, 0.1628]
2025-06-05 14:48:12,460 - Best Test Set Result: Epoch 190 test-recall=[0.2316, 0.3183], test-ndcg=[0.1404, 0.1630]

2025-06-07 17:16:20,741 - n_users=50821, n_items=57440	n_interactions=1302695	n_train=1172425, n_test=130270, sparsity=0.00040
2025-06-07 17:16:20,761 - Namespace(data_path='data/', seed=2024, dataset='gowalla', verbose=1, save_model=False, epoch=200, n_batch=40, batch_size=10240, train_num=10000, sample_num=40, lr=0.001, embed_size=64, t_size=1, emb_reg=1e-05, int_reg=1e-05, ssl_reg=0.4, kl_reg=0.01, n_layers=2, n_intents=512, temp=0.2, show_step=1, Ks='[20, 40]')
2025-06-07 17:16:37,319 - Epoch  0 [9.9s + 1.8s]: train==[8.47628=1.11939 + 7.35289 + 0.00176 + 0.00223 ], test-recall=[0.0668, 0.0981], test-ndcg=[0.0384, 0.0466]
2025-06-07 17:16:51,909 - Epoch  1 [10.6s + 4.0s]: train==[8.02027=0.95695 + 7.05150 + 0.00956 + 0.00226 ], test-recall=[0.0741, 0.1090], test-ndcg=[0.0431, 0.0522]
2025-06-07 17:17:15,405 - Epoch  2 [19.3s + 4.2s]: train==[7.19846=0.72120 + 6.44381 + 0.03116 + 0.00229 ], test-recall=[0.0868, 0.1264], test-ndcg=[0.0506, 0.0610]
2025-06-07 17:17:39,917 - Epoch  3 [20.1s + 4.4s]: train==[6.49841=0.51895 + 5.91563 + 0.06153 + 0.00230 ], test-recall=[0.0973, 0.1417], test-ndcg=[0.0567, 0.0684]
2025-06-07 17:18:08,018 - Epoch  4 [24.3s + 3.8s]: train==[5.96099=0.38129 + 5.48330 + 0.09409 + 0.00231 ], test-recall=[0.1053, 0.1553], test-ndcg=[0.0618, 0.0749]
2025-06-07 17:18:31,594 - Epoch  5 [19.6s + 3.9s]: train==[5.55407=0.29634 + 5.13146 + 0.12397 + 0.00231 ], test-recall=[0.1126, 0.1660], test-ndcg=[0.0664, 0.0803]
2025-06-07 17:18:54,512 - Epoch  6 [19.2s + 3.7s]: train==[5.23939=0.24236 + 4.84602 + 0.14872 + 0.00231 ], test-recall=[0.1184, 0.1759], test-ndcg=[0.0700, 0.0849]
2025-06-07 17:19:24,775 - Epoch  7 [25.8s + 4.5s]: train==[5.00237=0.20967 + 4.62299 + 0.16740 + 0.00231 ], test-recall=[0.1249, 0.1850], test-ndcg=[0.0737, 0.0893]
2025-06-07 17:19:49,838 - Epoch  8 [20.7s + 4.3s]: train==[4.81857=0.18935 + 4.44619 + 0.18073 + 0.00231 ], test-recall=[0.1316, 0.1945], test-ndcg=[0.0772, 0.0935]
2025-06-07 17:20:12,450 - Epoch  9 [19.5s + 3.1s]: train==[4.67199=0.17660 + 4.30333 + 0.18976 + 0.00231 ], test-recall=[0.1379, 0.2030], test-ndcg=[0.0809, 0.0978]
2025-06-07 17:20:35,943 - Epoch 10 [19.2s + 4.3s]: train==[4.55507=0.16930 + 4.18787 + 0.19560 + 0.00231 ], test-recall=[0.1446, 0.2109], test-ndcg=[0.0847, 0.1020]
2025-06-07 17:21:05,382 - Epoch 11 [24.9s + 4.6s]: train==[4.46129=0.16545 + 4.09407 + 0.19946 + 0.00231 ], test-recall=[0.1514, 0.2198], test-ndcg=[0.0886, 0.1064]
2025-06-07 17:21:30,349 - Epoch 12 [20.5s + 4.5s]: train==[4.38700=0.16365 + 4.01880 + 0.20223 + 0.00232 ], test-recall=[0.1580, 0.2290], test-ndcg=[0.0926, 0.1110]
2025-06-07 17:21:53,024 - Epoch 13 [19.3s + 3.4s]: train==[4.32614=0.16254 + 3.95714 + 0.20415 + 0.00232 ], test-recall=[0.1640, 0.2375], test-ndcg=[0.0964, 0.1154]
2025-06-07 17:22:21,127 - Epoch 14 [24.0s + 4.1s]: train==[4.27697=0.16211 + 3.90689 + 0.20564 + 0.00232 ], test-recall=[0.1703, 0.2442], test-ndcg=[0.1002, 0.1195]
2025-06-07 17:22:44,724 - Epoch 15 [19.7s + 3.9s]: train==[4.23648=0.16185 + 3.86570 + 0.20661 + 0.00233 ], test-recall=[0.1763, 0.2502], test-ndcg=[0.1040, 0.1233]
2025-06-07 17:23:09,777 - Epoch 16 [20.6s + 4.5s]: train==[4.20305=0.16205 + 3.83114 + 0.20752 + 0.00233 ], test-recall=[0.1815, 0.2566], test-ndcg=[0.1073, 0.1269]
2025-06-07 17:23:37,495 - Epoch 17 [23.4s + 4.3s]: train==[4.17537=0.16239 + 3.80263 + 0.20802 + 0.00233 ], test-recall=[0.1860, 0.2617], test-ndcg=[0.1102, 0.1300]
2025-06-07 17:24:01,081 - Epoch 18 [19.2s + 4.4s]: train==[4.15222=0.16260 + 3.77887 + 0.20841 + 0.00234 ], test-recall=[0.1896, 0.2657], test-ndcg=[0.1127, 0.1326]
2025-06-07 17:24:23,208 - Epoch 19 [18.1s + 4.0s]: train==[4.13248=0.16295 + 3.75866 + 0.20852 + 0.00234 ], test-recall=[0.1931, 0.2701], test-ndcg=[0.1149, 0.1351]
2025-06-07 17:24:50,817 - Epoch 20 [23.5s + 4.1s]: train==[4.11570=0.16334 + 3.74145 + 0.20856 + 0.00234 ], test-recall=[0.1958, 0.2730], test-ndcg=[0.1168, 0.1370]
2025-06-07 17:25:14,436 - Epoch 21 [19.3s + 4.4s]: train==[4.10202=0.16365 + 3.72769 + 0.20835 + 0.00235 ], test-recall=[0.1984, 0.2761], test-ndcg=[0.1187, 0.1390]
2025-06-07 17:25:45,214 - Epoch 22 [26.6s + 4.2s]: train==[4.08915=0.16392 + 3.71454 + 0.20834 + 0.00235 ], test-recall=[0.1999, 0.2788], test-ndcg=[0.1201, 0.1407]
2025-06-07 17:26:08,218 - Epoch 23 [18.9s + 4.1s]: train==[4.07776=0.16394 + 3.70337 + 0.20810 + 0.00235 ], test-recall=[0.2012, 0.2810], test-ndcg=[0.1211, 0.1420]
2025-06-07 17:26:30,985 - Epoch 24 [18.9s + 3.9s]: train==[4.06813=0.16437 + 3.69347 + 0.20793 + 0.00236 ], test-recall=[0.2029, 0.2828], test-ndcg=[0.1222, 0.1432]
2025-06-07 17:26:53,333 - Epoch 25 [20.7s + 1.7s]: train==[4.06094=0.16443 + 3.68636 + 0.20779 + 0.00236 ], test-recall=[0.2042, 0.2845], test-ndcg=[0.1232, 0.1442]
2025-06-07 17:27:05,523 - Epoch 26 [10.4s + 1.8s]: train==[4.05314=0.16463 + 3.67855 + 0.20760 + 0.00236 ], test-recall=[0.2059, 0.2856], test-ndcg=[0.1243, 0.1452]
2025-06-07 17:27:17,121 - Epoch 27 [9.9s + 1.6s]: train==[4.04665=0.16480 + 3.67212 + 0.20737 + 0.00237 ], test-recall=[0.2069, 0.2872], test-ndcg=[0.1250, 0.1461]
2025-06-07 17:27:29,967 - Epoch 28 [10.5s + 2.4s]: train==[4.04027=0.16447 + 3.66623 + 0.20720 + 0.00237 ], test-recall=[0.2081, 0.2885], test-ndcg=[0.1258, 0.1468]
2025-06-07 17:27:42,015 - Epoch 29 [10.2s + 1.9s]: train==[4.03542=0.16515 + 3.66076 + 0.20713 + 0.00237 ], test-recall=[0.2097, 0.2891], test-ndcg=[0.1265, 0.1474]
2025-06-07 17:27:53,482 - Epoch 30 [9.8s + 1.7s]: train==[4.03058=0.16451 + 3.65667 + 0.20702 + 0.00238 ], test-recall=[0.2103, 0.2898], test-ndcg=[0.1271, 0.1479]
2025-06-07 17:28:05,052 - Epoch 31 [9.5s + 2.1s]: train==[4.02593=0.16452 + 3.65212 + 0.20690 + 0.00238 ], test-recall=[0.2113, 0.2909], test-ndcg=[0.1277, 0.1486]
2025-06-07 17:28:29,544 - Epoch 32 [20.8s + 3.7s]: train==[4.02307=0.16467 + 3.64913 + 0.20689 + 0.00238 ], test-recall=[0.2121, 0.2923], test-ndcg=[0.1282, 0.1492]
2025-06-07 17:28:51,909 - Epoch 33 [18.9s + 3.5s]: train==[4.01802=0.16423 + 3.64440 + 0.20700 + 0.00239 ], test-recall=[0.2130, 0.2937], test-ndcg=[0.1287, 0.1498]
2025-06-07 17:29:19,397 - Epoch 34 [23.4s + 4.1s]: train==[4.01517=0.16421 + 3.64167 + 0.20690 + 0.00239 ], test-recall=[0.2141, 0.2945], test-ndcg=[0.1291, 0.1502]
2025-06-07 17:29:43,766 - Epoch 35 [20.1s + 4.3s]: train==[4.01175=0.16413 + 3.63830 + 0.20692 + 0.00240 ], test-recall=[0.2146, 0.2950], test-ndcg=[0.1296, 0.1507]
2025-06-07 17:30:06,870 - Epoch 36 [19.1s + 4.0s]: train==[4.00914=0.16396 + 3.63590 + 0.20688 + 0.00240 ], test-recall=[0.2151, 0.2959], test-ndcg=[0.1299, 0.1511]
2025-06-07 17:30:34,606 - Epoch 37 [24.2s + 3.6s]: train==[4.00594=0.16340 + 3.63323 + 0.20691 + 0.00240 ], test-recall=[0.2154, 0.2963], test-ndcg=[0.1303, 0.1516]
2025-06-07 17:30:57,981 - Epoch 38 [19.1s + 4.3s]: train==[4.00348=0.16362 + 3.63039 + 0.20706 + 0.00240 ], test-recall=[0.2160, 0.2974], test-ndcg=[0.1306, 0.1519]
2025-06-07 17:31:21,426 - Epoch 39 [19.1s + 4.3s]: train==[4.00073=0.16302 + 3.62837 + 0.20694 + 0.00241 ], test-recall=[0.2164, 0.2979], test-ndcg=[0.1308, 0.1522]
2025-06-07 17:31:48,749 - Epoch 40 [23.0s + 4.3s]: train==[3.99942=0.16320 + 3.62675 + 0.20707 + 0.00241 ], test-recall=[0.2168, 0.2982], test-ndcg=[0.1310, 0.1524]
2025-06-07 17:32:11,555 - Epoch 41 [18.9s + 3.9s]: train==[3.99674=0.16249 + 3.62471 + 0.20712 + 0.00241 ], test-recall=[0.2172, 0.2985], test-ndcg=[0.1315, 0.1528]
2025-06-07 17:32:32,341 - Epoch 42 [17.4s + 3.4s]: train==[3.99511=0.16253 + 3.62295 + 0.20722 + 0.00242 ], test-recall=[0.2175, 0.2986], test-ndcg=[0.1318, 0.1530]
2025-06-07 17:32:55,862 - Epoch 43 [19.5s + 4.0s]: train==[3.99330=0.16204 + 3.62157 + 0.20727 + 0.00242 ], test-recall=[0.2187, 0.2994], test-ndcg=[0.1322, 0.1534]
2025-06-07 17:33:18,330 - Epoch 44 [18.7s + 3.8s]: train==[3.99167=0.16211 + 3.61976 + 0.20738 + 0.00242 ], test-recall=[0.2185, 0.2996], test-ndcg=[0.1325, 0.1538]
2025-06-07 17:33:44,580 - Epoch 45 [21.8s + 4.5s]: train==[3.98937=0.16186 + 3.61760 + 0.20748 + 0.00242 ], test-recall=[0.2187, 0.3004], test-ndcg=[0.1327, 0.1541]
2025-06-07 17:34:13,425 - Epoch 46 [24.6s + 4.2s]: train==[3.98780=0.16141 + 3.61652 + 0.20745 + 0.00243 ], test-recall=[0.2189, 0.3007], test-ndcg=[0.1328, 0.1543]
2025-06-07 17:34:36,342 - Epoch 47 [19.0s + 3.9s]: train==[3.98654=0.16107 + 3.61550 + 0.20754 + 0.00243 ], test-recall=[0.2193, 0.3008], test-ndcg=[0.1332, 0.1546]
2025-06-07 17:34:59,153 - Epoch 48 [18.9s + 3.9s]: train==[3.98545=0.16105 + 3.61434 + 0.20762 + 0.00243 ], test-recall=[0.2201, 0.3018], test-ndcg=[0.1334, 0.1549]
2025-06-07 17:35:25,765 - Epoch 49 [22.2s + 4.4s]: train==[3.98406=0.16087 + 3.61315 + 0.20761 + 0.00243 ], test-recall=[0.2202, 0.3021], test-ndcg=[0.1335, 0.1550]
2025-06-07 17:35:48,767 - Epoch 50 [19.0s + 4.0s]: train==[3.98326=0.16065 + 3.61241 + 0.20776 + 0.00244 ], test-recall=[0.2201, 0.3026], test-ndcg=[0.1336, 0.1552]
2025-06-07 17:36:11,573 - Epoch 51 [18.9s + 3.9s]: train==[3.98245=0.16041 + 3.61174 + 0.20787 + 0.00244 ], test-recall=[0.2205, 0.3031], test-ndcg=[0.1338, 0.1555]
2025-06-07 17:36:35,867 - Epoch 52 [20.3s + 4.0s]: train==[3.98090=0.16026 + 3.61031 + 0.20788 + 0.00244 ], test-recall=[0.2210, 0.3030], test-ndcg=[0.1339, 0.1554]
2025-06-07 17:36:58,965 - Epoch 53 [19.1s + 4.0s]: train==[3.98046=0.16037 + 3.60967 + 0.20797 + 0.00244 ], test-recall=[0.2215, 0.3036], test-ndcg=[0.1341, 0.1557]
2025-06-07 17:37:20,092 - Epoch 54 [18.1s + 3.0s]: train==[3.97971=0.15981 + 3.60946 + 0.20800 + 0.00245 ], test-recall=[0.2215, 0.3040], test-ndcg=[0.1342, 0.1558]
2025-06-07 17:37:44,474 - Epoch 55 [20.3s + 4.1s]: train==[3.97792=0.15944 + 3.60795 + 0.20808 + 0.00245 ], test-recall=[0.2214, 0.3042], test-ndcg=[0.1344, 0.1561]
2025-06-07 17:38:07,122 - Epoch 56 [19.6s + 3.0s]: train==[3.97803=0.15939 + 3.60807 + 0.20812 + 0.00245 ], test-recall=[0.2218, 0.3054], test-ndcg=[0.1346, 0.1565]
2025-06-07 17:38:29,713 - Epoch 57 [19.0s + 3.5s]: train==[3.97723=0.15935 + 3.60726 + 0.20816 + 0.00245 ], test-recall=[0.2219, 0.3056], test-ndcg=[0.1346, 0.1565]
2025-06-07 17:38:42,314 - Epoch 58 [10.9s + 1.7s]: train==[3.97639=0.15898 + 3.60676 + 0.20820 + 0.00246 ], test-recall=[0.2222, 0.3059], test-ndcg=[0.1348, 0.1567]
2025-06-07 17:38:53,285 - Epoch 59 [9.4s + 1.6s]: train==[3.97609=0.15872 + 3.60670 + 0.20822 + 0.00246 ], test-recall=[0.2218, 0.3063], test-ndcg=[0.1348, 0.1569]
2025-06-07 17:39:04,647 - Epoch 60 [9.6s + 1.7s]: train==[3.97527=0.15830 + 3.60606 + 0.20844 + 0.00246 ], test-recall=[0.2221, 0.3070], test-ndcg=[0.1350, 0.1572]
2025-06-07 17:39:17,324 - Epoch 61 [10.5s + 2.1s]: train==[3.97395=0.15823 + 3.60488 + 0.20838 + 0.00246 ], test-recall=[0.2227, 0.3073], test-ndcg=[0.1352, 0.1573]
2025-06-07 17:39:30,077 - Epoch 62 [11.1s + 1.7s]: train==[3.97429=0.15834 + 3.60508 + 0.20840 + 0.00247 ], test-recall=[0.2231, 0.3067], test-ndcg=[0.1353, 0.1573]
2025-06-07 17:39:41,308 - Epoch 63 [9.5s + 1.8s]: train==[3.97341=0.15778 + 3.60464 + 0.20852 + 0.00247 ], test-recall=[0.2228, 0.3073], test-ndcg=[0.1353, 0.1574]
2025-06-07 17:39:52,777 - Epoch 64 [9.6s + 1.8s]: train==[3.97318=0.15789 + 3.60431 + 0.20851 + 0.00247 ], test-recall=[0.2233, 0.3076], test-ndcg=[0.1354, 0.1575]
2025-06-07 17:40:04,083 - Epoch 65 [9.5s + 1.8s]: train==[3.97310=0.15780 + 3.60426 + 0.20858 + 0.00247 ], test-recall=[0.2235, 0.3077], test-ndcg=[0.1355, 0.1576]
2025-06-07 17:40:15,000 - Epoch 66 [9.2s + 1.7s]: train==[3.97243=0.15754 + 3.60384 + 0.20857 + 0.00248 ], test-recall=[0.2238, 0.3079], test-ndcg=[0.1357, 0.1577]
2025-06-07 17:40:26,090 - Epoch 67 [9.5s + 1.6s]: train==[3.97203=0.15755 + 3.60341 + 0.20859 + 0.00248 ], test-recall=[0.2242, 0.3082], test-ndcg=[0.1358, 0.1577]
2025-06-07 17:40:37,032 - Epoch 68 [9.3s + 1.6s]: train==[3.97120=0.15712 + 3.60300 + 0.20860 + 0.00248 ], test-recall=[0.2243, 0.3086], test-ndcg=[0.1359, 0.1579]
2025-06-07 17:40:48,660 - Epoch 69 [9.6s + 2.0s]: train==[3.97129=0.15699 + 3.60313 + 0.20869 + 0.00248 ], test-recall=[0.2245, 0.3090], test-ndcg=[0.1361, 0.1583]
2025-06-07 17:41:00,423 - Epoch 70 [9.8s + 2.0s]: train==[3.97101=0.15685 + 3.60304 + 0.20863 + 0.00249 ], test-recall=[0.2245, 0.3089], test-ndcg=[0.1363, 0.1584]
2025-06-07 17:41:12,756 - Epoch 71 [9.9s + 2.5s]: train==[3.97055=0.15684 + 3.60265 + 0.20857 + 0.00249 ], test-recall=[0.2248, 0.3094], test-ndcg=[0.1364, 0.1586]
2025-06-07 17:41:24,522 - Epoch 72 [9.6s + 2.2s]: train==[3.97063=0.15686 + 3.60253 + 0.20876 + 0.00249 ], test-recall=[0.2251, 0.3098], test-ndcg=[0.1366, 0.1587]
2025-06-07 17:41:37,499 - Epoch 73 [10.8s + 2.2s]: train==[3.96981=0.15655 + 3.60218 + 0.20858 + 0.00249 ], test-recall=[0.2248, 0.3093], test-ndcg=[0.1363, 0.1585]
2025-06-07 17:41:50,378 - Epoch 74 [10.8s + 2.1s]: train==[3.96907=0.15608 + 3.60196 + 0.20854 + 0.00250 ], test-recall=[0.2253, 0.3099], test-ndcg=[0.1365, 0.1586]
2025-06-07 17:42:02,541 - Epoch 75 [10.1s + 2.1s]: train==[3.96986=0.15678 + 3.60196 + 0.20862 + 0.00250 ], test-recall=[0.2252, 0.3097], test-ndcg=[0.1365, 0.1586]
2025-06-07 17:42:14,354 - Epoch 76 [9.7s + 2.1s]: train==[3.96961=0.15620 + 3.60233 + 0.20858 + 0.00250 ], test-recall=[0.2258, 0.3104], test-ndcg=[0.1367, 0.1588]
2025-06-07 17:42:26,054 - Epoch 77 [9.9s + 1.8s]: train==[3.96910=0.15604 + 3.60192 + 0.20864 + 0.00250 ], test-recall=[0.2257, 0.3106], test-ndcg=[0.1366, 0.1589]
2025-06-07 17:42:38,147 - Epoch 78 [10.4s + 1.7s]: train==[3.96903=0.15574 + 3.60207 + 0.20871 + 0.00251 ], test-recall=[0.2254, 0.3106], test-ndcg=[0.1367, 0.1590]
2025-06-07 17:42:49,881 - Epoch 79 [10.1s + 1.6s]: train==[3.96893=0.15602 + 3.60173 + 0.20866 + 0.00251 ], test-recall=[0.2255, 0.3105], test-ndcg=[0.1367, 0.1590]
2025-06-07 17:43:01,384 - Epoch 80 [9.7s + 1.8s]: train==[3.96836=0.15573 + 3.60148 + 0.20864 + 0.00251 ], test-recall=[0.2256, 0.3100], test-ndcg=[0.1367, 0.1589]
2025-06-07 17:43:12,041 - Epoch 81 [9.2s + 1.5s]: train==[3.96827=0.15592 + 3.60124 + 0.20861 + 0.00251 ], test-recall=[0.2257, 0.3097], test-ndcg=[0.1368, 0.1589]
2025-06-07 17:43:23,853 - Epoch 82 [9.4s + 2.4s]: train==[3.96821=0.15552 + 3.60161 + 0.20857 + 0.00252 ], test-recall=[0.2258, 0.3100], test-ndcg=[0.1367, 0.1588]
2025-06-07 17:43:35,890 - Epoch 83 [10.2s + 1.8s]: train==[3.96809=0.15574 + 3.60119 + 0.20865 + 0.00252 ], test-recall=[0.2259, 0.3105], test-ndcg=[0.1369, 0.1591]
2025-06-07 17:43:47,189 - Epoch 84 [9.7s + 1.6s]: train==[3.96821=0.15557 + 3.60147 + 0.20865 + 0.00252 ], test-recall=[0.2260, 0.3104], test-ndcg=[0.1370, 0.1592]
2025-06-07 17:43:58,363 - Epoch 85 [9.7s + 1.5s]: train==[3.96821=0.15534 + 3.60172 + 0.20863 + 0.00252 ], test-recall=[0.2258, 0.3104], test-ndcg=[0.1369, 0.1592]
2025-06-07 17:44:09,615 - Epoch 86 [9.6s + 1.6s]: train==[3.96710=0.15493 + 3.60098 + 0.20866 + 0.00253 ], test-recall=[0.2261, 0.3111], test-ndcg=[0.1371, 0.1594]
2025-06-07 17:44:20,787 - Epoch 87 [9.4s + 1.8s]: train==[3.96727=0.15509 + 3.60103 + 0.20862 + 0.00253 ], test-recall=[0.2270, 0.3109], test-ndcg=[0.1374, 0.1594]
2025-06-07 17:44:31,990 - Epoch 88 [9.4s + 1.8s]: train==[3.96725=0.15511 + 3.60098 + 0.20864 + 0.00253 ], test-recall=[0.2263, 0.3112], test-ndcg=[0.1372, 0.1594]
2025-06-07 17:44:42,895 - Epoch 89 [9.4s + 1.5s]: train==[3.96729=0.15512 + 3.60104 + 0.20861 + 0.00253 ], test-recall=[0.2270, 0.3114], test-ndcg=[0.1374, 0.1595]
2025-06-07 17:44:53,732 - Epoch 90 [9.3s + 1.5s]: train==[3.96682=0.15472 + 3.60097 + 0.20860 + 0.00254 ], test-recall=[0.2266, 0.3116], test-ndcg=[0.1373, 0.1596]
2025-06-07 17:45:04,788 - Epoch 91 [9.5s + 1.6s]: train==[3.96647=0.15461 + 3.60066 + 0.20866 + 0.00254 ], test-recall=[0.2265, 0.3121], test-ndcg=[0.1373, 0.1598]
2025-06-07 17:45:15,676 - Epoch 92 [9.4s + 1.5s]: train==[3.96680=0.15507 + 3.60062 + 0.20858 + 0.00254 ], test-recall=[0.2267, 0.3123], test-ndcg=[0.1374, 0.1599]
2025-06-07 17:45:26,837 - Epoch 93 [9.5s + 1.7s]: train==[3.96605=0.15467 + 3.60030 + 0.20854 + 0.00254 ], test-recall=[0.2270, 0.3125], test-ndcg=[0.1376, 0.1599]
2025-06-07 17:45:38,017 - Epoch 94 [9.6s + 1.6s]: train==[3.96589=0.15475 + 3.60010 + 0.20849 + 0.00254 ], test-recall=[0.2270, 0.3124], test-ndcg=[0.1375, 0.1599]
2025-06-07 17:45:49,178 - Epoch 95 [9.5s + 1.6s]: train==[3.96557=0.15443 + 3.60012 + 0.20847 + 0.00255 ], test-recall=[0.2268, 0.3129], test-ndcg=[0.1375, 0.1600]
2025-06-07 17:46:00,495 - Epoch 96 [9.8s + 1.5s]: train==[3.96587=0.15463 + 3.60023 + 0.20846 + 0.00255 ], test-recall=[0.2277, 0.3128], test-ndcg=[0.1376, 0.1599]
2025-06-07 17:46:11,764 - Epoch 97 [9.7s + 1.6s]: train==[3.96582=0.15479 + 3.60002 + 0.20846 + 0.00255 ], test-recall=[0.2278, 0.3132], test-ndcg=[0.1376, 0.1600]
2025-06-07 17:46:23,051 - Epoch 98 [9.6s + 1.7s]: train==[3.96490=0.15424 + 3.59983 + 0.20827 + 0.00255 ], test-recall=[0.2278, 0.3134], test-ndcg=[0.1378, 0.1602]
2025-06-07 17:46:34,708 - Epoch 99 [9.9s + 1.7s]: train==[3.96486=0.15431 + 3.59971 + 0.20828 + 0.00256 ], test-recall=[0.2282, 0.3137], test-ndcg=[0.1379, 0.1603]
2025-06-07 17:46:46,394 - Epoch 100 [9.8s + 1.9s]: train==[3.96495=0.15441 + 3.59971 + 0.20828 + 0.00256 ], test-recall=[0.2280, 0.3139], test-ndcg=[0.1378, 0.1602]
2025-06-07 17:46:57,688 - Epoch 101 [9.5s + 1.8s]: train==[3.96537=0.15439 + 3.60011 + 0.20831 + 0.00256 ], test-recall=[0.2279, 0.3140], test-ndcg=[0.1379, 0.1603]
2025-06-07 17:47:09,668 - Epoch 102 [9.6s + 2.3s]: train==[3.96505=0.15423 + 3.59998 + 0.20828 + 0.00256 ], test-recall=[0.2282, 0.3139], test-ndcg=[0.1379, 0.1603]
2025-06-07 17:47:21,805 - Epoch 103 [10.1s + 2.0s]: train==[3.96520=0.15415 + 3.60018 + 0.20830 + 0.00256 ], test-recall=[0.2284, 0.3136], test-ndcg=[0.1381, 0.1604]
2025-06-07 17:47:34,501 - Epoch 104 [10.7s + 2.0s]: train==[3.96439=0.15417 + 3.59930 + 0.20835 + 0.00257 ], test-recall=[0.2287, 0.3139], test-ndcg=[0.1382, 0.1605]
2025-06-07 17:47:47,632 - Epoch 105 [10.6s + 2.6s]: train==[3.96439=0.15417 + 3.59948 + 0.20817 + 0.00257 ], test-recall=[0.2287, 0.3143], test-ndcg=[0.1383, 0.1607]
2025-06-07 17:48:00,981 - Epoch 106 [11.1s + 2.3s]: train==[3.96447=0.15425 + 3.59942 + 0.20822 + 0.00257 ], test-recall=[0.2281, 0.3146], test-ndcg=[0.1381, 0.1606]
2025-06-07 17:48:15,635 - Epoch 107 [12.1s + 2.5s]: train==[3.96409=0.15412 + 3.59924 + 0.20816 + 0.00257 ], test-recall=[0.2284, 0.3149], test-ndcg=[0.1383, 0.1608]
2025-06-07 17:48:30,522 - Epoch 108 [12.1s + 2.7s]: train==[3.96378=0.15397 + 3.59921 + 0.20803 + 0.00258 ], test-recall=[0.2282, 0.3143], test-ndcg=[0.1381, 0.1606]
2025-06-07 17:48:45,442 - Epoch 109 [12.4s + 2.6s]: train==[3.96431=0.15402 + 3.59966 + 0.20806 + 0.00258 ], test-recall=[0.2283, 0.3141], test-ndcg=[0.1381, 0.1605]
2025-06-07 17:49:00,516 - Epoch 110 [12.6s + 2.5s]: train==[3.96405=0.15388 + 3.59941 + 0.20818 + 0.00258 ], test-recall=[0.2283, 0.3143], test-ndcg=[0.1381, 0.1605]
2025-06-07 17:49:14,126 - Epoch 111 [11.2s + 2.4s]: train==[3.96422=0.15412 + 3.59936 + 0.20816 + 0.00258 ], test-recall=[0.2284, 0.3145], test-ndcg=[0.1381, 0.1606]
2025-06-07 17:49:29,363 - Epoch 112 [13.1s + 2.1s]: train==[3.96418=0.15395 + 3.59953 + 0.20811 + 0.00258 ], test-recall=[0.2283, 0.3143], test-ndcg=[0.1381, 0.1606]
2025-06-07 17:49:46,519 - Epoch 113 [14.2s + 3.0s]: train==[3.96442=0.15393 + 3.59976 + 0.20814 + 0.00259 ], test-recall=[0.2284, 0.3139], test-ndcg=[0.1381, 0.1606]
2025-06-07 17:50:02,640 - Epoch 114 [13.5s + 2.6s]: train==[3.96391=0.15370 + 3.59942 + 0.20820 + 0.00259 ], test-recall=[0.2286, 0.3141], test-ndcg=[0.1383, 0.1607]
2025-06-07 17:50:16,226 - Epoch 115 [11.8s + 1.7s]: train==[3.96432=0.15360 + 3.59993 + 0.20821 + 0.00259 ], test-recall=[0.2294, 0.3143], test-ndcg=[0.1385, 0.1608]
2025-06-07 17:50:28,119 - Epoch 116 [9.8s + 2.1s]: train==[3.96412=0.15376 + 3.59943 + 0.20834 + 0.00259 ], test-recall=[0.2291, 0.3143], test-ndcg=[0.1385, 0.1608]
2025-06-07 17:50:40,735 - Epoch 117 [10.1s + 2.5s]: train==[3.96407=0.15343 + 3.59977 + 0.20828 + 0.00260 ], test-recall=[0.2297, 0.3148], test-ndcg=[0.1387, 0.1610]
2025-06-07 17:50:52,877 - Epoch 118 [10.3s + 1.9s]: train==[3.96343=0.15354 + 3.59903 + 0.20827 + 0.00260 ], test-recall=[0.2295, 0.3147], test-ndcg=[0.1388, 0.1612]
2025-06-07 17:51:04,562 - Epoch 119 [9.6s + 2.1s]: train==[3.96286=0.15329 + 3.59882 + 0.20815 + 0.00260 ], test-recall=[0.2297, 0.3151], test-ndcg=[0.1387, 0.1611]
2025-06-07 17:51:16,501 - Epoch 120 [9.5s + 2.4s]: train==[3.96416=0.15395 + 3.59946 + 0.20815 + 0.00260 ], test-recall=[0.2301, 0.3157], test-ndcg=[0.1389, 0.1613]
2025-06-07 17:51:29,632 - Epoch 121 [11.1s + 2.1s]: train==[3.96344=0.15375 + 3.59893 + 0.20816 + 0.00261 ], test-recall=[0.2305, 0.3153], test-ndcg=[0.1391, 0.1613]
2025-06-07 17:51:42,098 - Epoch 122 [10.7s + 1.8s]: train==[3.96313=0.15362 + 3.59888 + 0.20802 + 0.00261 ], test-recall=[0.2293, 0.3154], test-ndcg=[0.1387, 0.1612]
2025-06-07 17:51:55,445 - Epoch 123 [10.8s + 2.6s]: train==[3.96303=0.15359 + 3.59882 + 0.20801 + 0.00261 ], test-recall=[0.2292, 0.3151], test-ndcg=[0.1386, 0.1611]
2025-06-07 17:52:09,061 - Epoch 124 [11.4s + 2.2s]: train==[3.96278=0.15337 + 3.59880 + 0.20800 + 0.00261 ], test-recall=[0.2295, 0.3149], test-ndcg=[0.1387, 0.1611]
2025-06-07 17:52:20,676 - Epoch 125 [9.9s + 1.7s]: train==[3.96288=0.15371 + 3.59858 + 0.20797 + 0.00261 ], test-recall=[0.2301, 0.3148], test-ndcg=[0.1389, 0.1611]
2025-06-07 17:52:32,526 - Epoch 126 [10.3s + 1.6s]: train==[3.96289=0.15347 + 3.59888 + 0.20792 + 0.00262 ], test-recall=[0.2300, 0.3151], test-ndcg=[0.1389, 0.1612]
2025-06-07 17:52:45,008 - Epoch 127 [10.1s + 2.4s]: train==[3.96321=0.15344 + 3.59925 + 0.20790 + 0.00262 ], test-recall=[0.2299, 0.3151], test-ndcg=[0.1387, 0.1611]
2025-06-07 17:52:57,135 - Epoch 128 [10.1s + 2.0s]: train==[3.96336=0.15306 + 3.59970 + 0.20798 + 0.00262 ], test-recall=[0.2300, 0.3152], test-ndcg=[0.1387, 0.1610]
2025-06-07 17:53:09,243 - Epoch 129 [9.7s + 2.4s]: train==[3.96306=0.15322 + 3.59907 + 0.20814 + 0.00262 ], test-recall=[0.2301, 0.3155], test-ndcg=[0.1389, 0.1613]
2025-06-07 17:53:24,603 - Epoch 130 [10.9s + 4.5s]: train==[3.96280=0.15335 + 3.59872 + 0.20810 + 0.00263 ], test-recall=[0.2300, 0.3149], test-ndcg=[0.1388, 0.1611]
2025-06-07 17:53:54,445 - Epoch 131 [25.6s + 4.2s]: train==[3.96274=0.15318 + 3.59887 + 0.20806 + 0.00263 ], test-recall=[0.2301, 0.3156], test-ndcg=[0.1389, 0.1613]
2025-06-07 17:54:21,750 - Epoch 132 [23.2s + 4.1s]: train==[3.96233=0.15296 + 3.59877 + 0.20798 + 0.00263 ], test-recall=[0.2302, 0.3153], test-ndcg=[0.1389, 0.1612]
2025-06-07 17:54:45,223 - Epoch 133 [19.2s + 4.2s]: train==[3.96215=0.15290 + 3.59868 + 0.20794 + 0.00263 ], test-recall=[0.2300, 0.3150], test-ndcg=[0.1391, 0.1614]
2025-06-07 17:55:08,343 - Epoch 134 [20.9s + 2.3s]: train==[3.96249=0.15302 + 3.59890 + 0.20793 + 0.00264 ], test-recall=[0.2300, 0.3153], test-ndcg=[0.1391, 0.1615]
2025-06-07 17:55:21,660 - Epoch 135 [10.7s + 2.6s]: train==[3.96296=0.15310 + 3.59929 + 0.20793 + 0.00264 ], test-recall=[0.2303, 0.3156], test-ndcg=[0.1390, 0.1613]
2025-06-07 17:55:33,773 - Epoch 136 [9.7s + 2.4s]: train==[3.96242=0.15331 + 3.59846 + 0.20801 + 0.00264 ], test-recall=[0.2306, 0.3157], test-ndcg=[0.1391, 0.1614]
2025-06-07 17:55:45,677 - Epoch 137 [10.2s + 1.8s]: train==[3.96179=0.15308 + 3.59818 + 0.20789 + 0.00264 ], test-recall=[0.2306, 0.3165], test-ndcg=[0.1390, 0.1615]
2025-06-07 17:55:58,326 - Epoch 138 [10.3s + 2.3s]: train==[3.96268=0.15290 + 3.59928 + 0.20786 + 0.00265 ], test-recall=[0.2306, 0.3167], test-ndcg=[0.1390, 0.1615]
2025-06-07 17:56:12,635 - Epoch 139 [11.8s + 2.5s]: train==[3.96218=0.15297 + 3.59862 + 0.20795 + 0.00265 ], test-recall=[0.2312, 0.3156], test-ndcg=[0.1393, 0.1615]
2025-06-07 17:56:24,627 - Epoch 140 [9.6s + 2.4s]: train==[3.96231=0.15303 + 3.59871 + 0.20792 + 0.00265 ], test-recall=[0.2306, 0.3159], test-ndcg=[0.1391, 0.1615]
2025-06-07 17:56:37,052 - Epoch 141 [10.0s + 2.4s]: train==[3.96224=0.15302 + 3.59870 + 0.20787 + 0.00265 ], test-recall=[0.2301, 0.3164], test-ndcg=[0.1389, 0.1615]
2025-06-07 17:56:50,585 - Epoch 142 [11.2s + 2.3s]: train==[3.96204=0.15301 + 3.59847 + 0.20790 + 0.00265 ], test-recall=[0.2301, 0.3161], test-ndcg=[0.1390, 0.1616]
2025-06-07 17:57:04,575 - Epoch 143 [11.6s + 2.4s]: train==[3.96257=0.15306 + 3.59897 + 0.20788 + 0.00266 ], test-recall=[0.2299, 0.3164], test-ndcg=[0.1391, 0.1618]
2025-06-07 17:57:16,862 - Epoch 144 [9.8s + 2.5s]: train==[3.96142=0.15287 + 3.59803 + 0.20787 + 0.00266 ], test-recall=[0.2301, 0.3163], test-ndcg=[0.1391, 0.1617]
2025-06-07 17:57:29,840 - Epoch 145 [10.8s + 2.2s]: train==[3.96158=0.15298 + 3.59818 + 0.20777 + 0.00266 ], test-recall=[0.2304, 0.3156], test-ndcg=[0.1390, 0.1614]
2025-06-07 17:57:43,063 - Epoch 146 [11.0s + 2.2s]: train==[3.96134=0.15298 + 3.59795 + 0.20776 + 0.00266 ], test-recall=[0.2301, 0.3160], test-ndcg=[0.1390, 0.1615]
2025-06-07 17:57:56,207 - Epoch 147 [10.6s + 2.6s]: train==[3.96142=0.15292 + 3.59821 + 0.20762 + 0.00267 ], test-recall=[0.2303, 0.3162], test-ndcg=[0.1392, 0.1618]
2025-06-07 17:58:09,054 - Epoch 148 [10.2s + 2.7s]: train==[3.96152=0.15326 + 3.59798 + 0.20761 + 0.00267 ], test-recall=[0.2304, 0.3158], test-ndcg=[0.1394, 0.1618]
2025-06-07 17:58:22,966 - Epoch 149 [11.4s + 2.6s]: train==[3.96185=0.15290 + 3.59867 + 0.20760 + 0.00267 ], test-recall=[0.2304, 0.3167], test-ndcg=[0.1395, 0.1621]
2025-06-07 17:58:35,602 - Epoch 150 [10.2s + 2.5s]: train==[3.96161=0.15267 + 3.59849 + 0.20777 + 0.00267 ], test-recall=[0.2297, 0.3169], test-ndcg=[0.1393, 0.1621]
2025-06-07 17:58:47,365 - Epoch 151 [10.1s + 1.7s]: train==[3.96133=0.15268 + 3.59825 + 0.20772 + 0.00267 ], test-recall=[0.2294, 0.3166], test-ndcg=[0.1391, 0.1619]
2025-06-07 17:58:59,949 - Epoch 152 [10.2s + 2.4s]: train==[3.96156=0.15271 + 3.59841 + 0.20777 + 0.00268 ], test-recall=[0.2298, 0.3160], test-ndcg=[0.1391, 0.1618]
2025-06-07 17:59:15,015 - Epoch 153 [12.3s + 2.7s]: train==[3.96123=0.15269 + 3.59815 + 0.20771 + 0.00268 ], test-recall=[0.2298, 0.3164], test-ndcg=[0.1392, 0.1619]
2025-06-07 17:59:29,217 - Epoch 154 [11.4s + 2.8s]: train==[3.96119=0.15287 + 3.59791 + 0.20773 + 0.00268 ], test-recall=[0.2297, 0.3168], test-ndcg=[0.1391, 0.1619]
2025-06-07 17:59:42,926 - Epoch 155 [11.0s + 2.7s]: train==[3.96137=0.15268 + 3.59838 + 0.20763 + 0.00268 ], test-recall=[0.2300, 0.3166], test-ndcg=[0.1392, 0.1619]
2025-06-07 17:59:56,356 - Epoch 156 [10.9s + 2.5s]: train==[3.96209=0.15286 + 3.59878 + 0.20776 + 0.00269 ], test-recall=[0.2297, 0.3165], test-ndcg=[0.1393, 0.1620]
2025-06-07 18:00:09,845 - Epoch 157 [11.2s + 2.3s]: train==[3.96129=0.15278 + 3.59801 + 0.20781 + 0.00269 ], test-recall=[0.2300, 0.3163], test-ndcg=[0.1394, 0.1620]
2025-06-07 18:00:23,437 - Epoch 158 [11.1s + 2.5s]: train==[3.96109=0.15261 + 3.59805 + 0.20773 + 0.00269 ], test-recall=[0.2305, 0.3168], test-ndcg=[0.1394, 0.1620]
2025-06-07 18:00:37,141 - Epoch 159 [11.3s + 2.4s]: train==[3.96127=0.15285 + 3.59800 + 0.20773 + 0.00269 ], test-recall=[0.2304, 0.3166], test-ndcg=[0.1393, 0.1619]
2025-06-07 18:00:50,503 - Epoch 160 [10.9s + 2.4s]: train==[3.96127=0.15271 + 3.59824 + 0.20762 + 0.00269 ], test-recall=[0.2301, 0.3169], test-ndcg=[0.1394, 0.1622]
2025-06-07 18:01:03,363 - Epoch 161 [11.2s + 1.6s]: train==[3.96112=0.15245 + 3.59831 + 0.20766 + 0.00270 ], test-recall=[0.2299, 0.3162], test-ndcg=[0.1394, 0.1620]
2025-06-07 18:01:14,876 - Epoch 162 [9.8s + 1.7s]: train==[3.96084=0.15269 + 3.59781 + 0.20764 + 0.00270 ], test-recall=[0.2301, 0.3163], test-ndcg=[0.1394, 0.1620]
2025-06-07 18:01:26,679 - Epoch 163 [10.0s + 1.8s]: train==[3.96081=0.15253 + 3.59806 + 0.20752 + 0.00270 ], test-recall=[0.2306, 0.3169], test-ndcg=[0.1396, 0.1622]
2025-06-07 18:01:38,661 - Epoch 164 [10.0s + 2.0s]: train==[3.96110=0.15294 + 3.59778 + 0.20767 + 0.00270 ], test-recall=[0.2300, 0.3161], test-ndcg=[0.1394, 0.1620]
2025-06-07 18:01:52,018 - Epoch 165 [11.0s + 2.3s]: train==[3.96096=0.15262 + 3.59811 + 0.20753 + 0.00271 ], test-recall=[0.2307, 0.3164], test-ndcg=[0.1396, 0.1621]
2025-06-07 18:02:04,240 - Epoch 166 [9.9s + 2.3s]: train==[3.96094=0.15256 + 3.59808 + 0.20759 + 0.00271 ], test-recall=[0.2310, 0.3165], test-ndcg=[0.1395, 0.1620]
2025-06-07 18:02:16,285 - Epoch 167 [9.8s + 2.2s]: train==[3.96061=0.15239 + 3.59797 + 0.20753 + 0.00271 ], test-recall=[0.2305, 0.3165], test-ndcg=[0.1395, 0.1620]
2025-06-07 18:02:28,056 - Epoch 168 [10.0s + 1.8s]: train==[3.96062=0.15241 + 3.59795 + 0.20755 + 0.00271 ], test-recall=[0.2301, 0.3168], test-ndcg=[0.1393, 0.1620]
2025-06-07 18:02:40,907 - Epoch 169 [10.6s + 2.2s]: train==[3.96082=0.15238 + 3.59823 + 0.20750 + 0.00271 ], test-recall=[0.2304, 0.3167], test-ndcg=[0.1393, 0.1620]
2025-06-07 18:02:54,320 - Epoch 170 [11.3s + 2.1s]: train==[3.96069=0.15260 + 3.59784 + 0.20754 + 0.00272 ], test-recall=[0.2302, 0.3167], test-ndcg=[0.1395, 0.1622]
2025-06-07 18:03:06,165 - Epoch 171 [9.9s + 1.9s]: train==[3.96042=0.15239 + 3.59786 + 0.20746 + 0.00272 ], test-recall=[0.2300, 0.3166], test-ndcg=[0.1394, 0.1621]
2025-06-07 18:03:19,128 - Epoch 172 [10.6s + 2.4s]: train==[3.95981=0.15217 + 3.59750 + 0.20742 + 0.00272 ], test-recall=[0.2299, 0.3166], test-ndcg=[0.1392, 0.1619]
2025-06-07 18:03:32,064 - Epoch 173 [10.9s + 2.0s]: train==[3.95986=0.15228 + 3.59753 + 0.20733 + 0.00272 ], test-recall=[0.2298, 0.3163], test-ndcg=[0.1392, 0.1619]
2025-06-07 18:03:44,074 - Epoch 174 [10.2s + 1.8s]: train==[3.96106=0.15307 + 3.59788 + 0.20739 + 0.00272 ], test-recall=[0.2297, 0.3169], test-ndcg=[0.1391, 0.1619]
2025-06-07 18:03:56,259 - Epoch 175 [10.3s + 1.9s]: train==[3.96108=0.15263 + 3.59822 + 0.20750 + 0.00273 ], test-recall=[0.2296, 0.3167], test-ndcg=[0.1391, 0.1619]
2025-06-07 18:04:08,533 - Epoch 176 [10.3s + 1.9s]: train==[3.96089=0.15263 + 3.59801 + 0.20752 + 0.00273 ], test-recall=[0.2299, 0.3167], test-ndcg=[0.1392, 0.1619]
2025-06-07 18:04:20,846 - Epoch 177 [10.2s + 2.1s]: train==[3.96046=0.15230 + 3.59785 + 0.20757 + 0.00273 ], test-recall=[0.2298, 0.3171], test-ndcg=[0.1392, 0.1620]
2025-06-07 18:04:34,461 - Epoch 178 [10.8s + 2.8s]: train==[3.96067=0.15243 + 3.59801 + 0.20749 + 0.00273 ], test-recall=[0.2303, 0.3170], test-ndcg=[0.1393, 0.1620]
2025-06-07 18:04:46,692 - Epoch 179 [10.4s + 1.8s]: train==[3.96018=0.15230 + 3.59768 + 0.20746 + 0.00274 ], test-recall=[0.2305, 0.3170], test-ndcg=[0.1395, 0.1621]
2025-06-07 18:04:58,910 - Epoch 180 [9.8s + 2.4s]: train==[3.96027=0.15244 + 3.59761 + 0.20748 + 0.00274 ], test-recall=[0.2307, 0.3171], test-ndcg=[0.1394, 0.1621]
2025-06-07 18:05:12,588 - Epoch 181 [11.7s + 2.0s]: train==[3.96091=0.15242 + 3.59828 + 0.20747 + 0.00274 ], test-recall=[0.2308, 0.3168], test-ndcg=[0.1397, 0.1622]
2025-06-07 18:05:25,767 - Epoch 182 [11.4s + 1.8s]: train==[3.96044=0.15215 + 3.59809 + 0.20746 + 0.00274 ], test-recall=[0.2311, 0.3169], test-ndcg=[0.1397, 0.1622]
2025-06-07 18:05:38,022 - Epoch 183 [10.3s + 2.0s]: train==[3.96065=0.15255 + 3.59777 + 0.20758 + 0.00275 ], test-recall=[0.2307, 0.3172], test-ndcg=[0.1396, 0.1622]
2025-06-07 18:05:50,745 - Epoch 184 [10.6s + 2.1s]: train==[3.96027=0.15243 + 3.59756 + 0.20753 + 0.00275 ], test-recall=[0.2311, 0.3170], test-ndcg=[0.1397, 0.1623]
2025-06-07 18:06:04,405 - Epoch 185 [11.5s + 2.1s]: train==[3.95981=0.15230 + 3.59732 + 0.20744 + 0.00275 ], test-recall=[0.2311, 0.3173], test-ndcg=[0.1398, 0.1624]
2025-06-07 18:06:16,818 - Epoch 186 [10.4s + 2.0s]: train==[3.95995=0.15236 + 3.59745 + 0.20739 + 0.00275 ], test-recall=[0.2308, 0.3169], test-ndcg=[0.1396, 0.1622]
2025-06-07 18:06:29,819 - Epoch 187 [11.1s + 1.9s]: train==[3.96017=0.15217 + 3.59793 + 0.20732 + 0.00275 ], test-recall=[0.2306, 0.3174], test-ndcg=[0.1396, 0.1623]
2025-06-07 18:06:43,066 - Epoch 188 [10.9s + 2.4s]: train==[3.95922=0.15199 + 3.59717 + 0.20730 + 0.00276 ], test-recall=[0.2308, 0.3173], test-ndcg=[0.1396, 0.1622]
2025-06-07 18:06:55,731 - Epoch 189 [10.6s + 2.1s]: train==[3.96012=0.15241 + 3.59773 + 0.20723 + 0.00276 ], test-recall=[0.2312, 0.3164], test-ndcg=[0.1398, 0.1622]
2025-06-07 18:07:08,332 - Epoch 190 [10.5s + 2.1s]: train==[3.95999=0.15202 + 3.59787 + 0.20734 + 0.00276 ], test-recall=[0.2309, 0.3166], test-ndcg=[0.1398, 0.1623]
2025-06-07 18:07:20,858 - Epoch 191 [10.5s + 2.0s]: train==[3.95993=0.15237 + 3.59749 + 0.20730 + 0.00276 ], test-recall=[0.2308, 0.3163], test-ndcg=[0.1396, 0.1622]
2025-06-07 18:07:33,306 - Epoch 192 [10.8s + 1.7s]: train==[3.95975=0.15230 + 3.59740 + 0.20728 + 0.00276 ], test-recall=[0.2303, 0.3162], test-ndcg=[0.1394, 0.1620]
2025-06-07 18:07:46,123 - Epoch 193 [10.7s + 2.1s]: train==[3.95991=0.15227 + 3.59765 + 0.20722 + 0.00277 ], test-recall=[0.2308, 0.3166], test-ndcg=[0.1397, 0.1622]
2025-06-07 18:07:58,141 - Epoch 194 [9.9s + 2.1s]: train==[3.96014=0.15243 + 3.59772 + 0.20722 + 0.00277 ], test-recall=[0.2305, 0.3170], test-ndcg=[0.1394, 0.1621]
2025-06-07 18:08:11,022 - Epoch 195 [11.3s + 1.6s]: train==[3.96063=0.15213 + 3.59836 + 0.20737 + 0.00277 ], test-recall=[0.2306, 0.3172], test-ndcg=[0.1397, 0.1624]
2025-06-07 18:08:24,764 - Epoch 196 [11.3s + 2.4s]: train==[3.96016=0.15193 + 3.59802 + 0.20743 + 0.00277 ], test-recall=[0.2308, 0.3168], test-ndcg=[0.1397, 0.1623]
2025-06-07 18:08:38,657 - Epoch 197 [11.7s + 2.2s]: train==[3.95974=0.15240 + 3.59715 + 0.20741 + 0.00278 ], test-recall=[0.2310, 0.3167], test-ndcg=[0.1400, 0.1624]
2025-06-07 18:08:50,085 - Epoch 198 [9.7s + 1.7s]: train==[3.96001=0.15211 + 3.59774 + 0.20738 + 0.00278 ], test-recall=[0.2311, 0.3165], test-ndcg=[0.1399, 0.1623]
2025-06-07 18:09:03,266 - Epoch 199 [10.7s + 2.5s]: train==[3.95936=0.15203 + 3.59723 + 0.20731 + 0.00278 ], test-recall=[0.2314, 0.3170], test-ndcg=[0.1399, 0.1623]
2025-06-07 18:09:03,266 - Best Test Set Result: Epoch 199 test-recall=[0.2314, 0.3173], test-ndcg=[0.1399, 0.1624]
