2025-06-05 14:49:34,474 - n_users=47939, n_items=41390	n_interactions=2619389	n_train=2357450, n_test=261939, sparsity=0.00119
2025-06-05 14:49:34,474 - Namespace(data_path='data/', seed=2024, dataset='tmall', verbose=1, save_model=False, epoch=200, n_batch=40, batch_size=10240, train_num=10000, sample_num=40, lr=0.001, embed_size=64, t_size=1, emb_reg=1e-05, int_reg=1e-05, ssl_reg=0.4, kl_reg=0.01, n_layers=2, n_intents=512, temp=0.2, show_step=1, Ks='[20, 40]')
2025-06-05 14:50:02,472 - Epoch  0 [13.1s + 7.1s]: train==[8.49289=1.12324 + 7.36581 + 0.00163 + 0.00221 ], test-recall=[0.0117, 0.0192], test-ndcg=[0.0082, 0.0108]
2025-06-05 14:50:29,104 - Epoch  1 [19.8s + 6.8s]: train==[8.35868=1.02611 + 7.32575 + 0.00459 + 0.00223 ], test-recall=[0.0151, 0.0250], test-ndcg=[0.0105, 0.0139]
2025-06-05 14:50:53,590 - Epoch  2 [19.2s + 5.3s]: train==[8.11586=0.93645 + 7.16629 + 0.01086 + 0.00226 ], test-recall=[0.0187, 0.0308], test-ndcg=[0.0129, 0.0172]
2025-06-05 14:51:20,544 - Epoch  3 [20.1s + 6.8s]: train==[7.57670=0.82132 + 6.72743 + 0.02564 + 0.00231 ], test-recall=[0.0201, 0.0332], test-ndcg=[0.0140, 0.0187]
2025-06-05 14:51:41,939 - Epoch  4 [18.6s + 2.8s]: train==[7.01020=0.69901 + 6.26040 + 0.04845 + 0.00234 ], test-recall=[0.0223, 0.0367], test-ndcg=[0.0154, 0.0205]
2025-06-05 14:51:56,415 - Epoch  5 [11.7s + 2.7s]: train==[6.50498=0.59782 + 5.82964 + 0.07518 + 0.00234 ], test-recall=[0.0247, 0.0406], test-ndcg=[0.0169, 0.0225]
2025-06-05 14:52:10,690 - Epoch  6 [11.4s + 2.8s]: train==[6.02746=0.51981 + 5.40175 + 0.10356 + 0.00235 ], test-recall=[0.0267, 0.0446], test-ndcg=[0.0182, 0.0245]
2025-06-05 14:52:25,769 - Epoch  7 [11.8s + 3.3s]: train==[5.60969=0.46479 + 5.01225 + 0.13031 + 0.00235 ], test-recall=[0.0290, 0.0485], test-ndcg=[0.0197, 0.0265]
2025-06-05 14:52:40,152 - Epoch  8 [11.5s + 2.8s]: train==[5.28236=0.42971 + 4.69806 + 0.15223 + 0.00235 ], test-recall=[0.0314, 0.0524], test-ndcg=[0.0214, 0.0287]
2025-06-05 14:52:54,288 - Epoch  9 [11.3s + 2.9s]: train==[5.04833=0.41029 + 4.46716 + 0.16851 + 0.00236 ], test-recall=[0.0342, 0.0567], test-ndcg=[0.0232, 0.0311]
2025-06-05 14:53:08,849 - Epoch 10 [11.7s + 2.9s]: train==[4.88620=0.40078 + 4.30271 + 0.18034 + 0.00236 ], test-recall=[0.0370, 0.0611], test-ndcg=[0.0251, 0.0335]
2025-06-05 14:53:23,240 - Epoch 11 [11.2s + 3.1s]: train==[4.77044=0.39753 + 4.18125 + 0.18930 + 0.00237 ], test-recall=[0.0397, 0.0652], test-ndcg=[0.0271, 0.0360]
2025-06-05 14:53:39,465 - Epoch 12 [11.9s + 4.3s]: train==[4.68377=0.39713 + 4.08804 + 0.19623 + 0.00237 ], test-recall=[0.0428, 0.0694], test-ndcg=[0.0291, 0.0384]
2025-06-05 14:53:56,992 - Epoch 13 [12.9s + 4.6s]: train==[4.61844=0.39863 + 4.01551 + 0.20192 + 0.00237 ], test-recall=[0.0451, 0.0728], test-ndcg=[0.0308, 0.0405]
2025-06-05 14:54:12,421 - Epoch 14 [12.5s + 3.0s]: train==[4.56571=0.40036 + 3.95647 + 0.20650 + 0.00238 ], test-recall=[0.0472, 0.0761], test-ndcg=[0.0323, 0.0424]
2025-06-05 14:54:28,238 - Epoch 15 [12.1s + 3.8s]: train==[4.52389=0.40239 + 3.90913 + 0.21000 + 0.00238 ], test-recall=[0.0490, 0.0790], test-ndcg=[0.0337, 0.0442]
2025-06-05 14:54:43,927 - Epoch 16 [12.8s + 2.9s]: train==[4.48886=0.40463 + 3.86919 + 0.21266 + 0.00238 ], test-recall=[0.0508, 0.0812], test-ndcg=[0.0351, 0.0456]
2025-06-05 14:54:58,996 - Epoch 17 [12.3s + 2.8s]: train==[4.46161=0.40675 + 3.83784 + 0.21463 + 0.00239 ], test-recall=[0.0521, 0.0829], test-ndcg=[0.0362, 0.0469]
2025-06-05 14:55:13,757 - Epoch 18 [11.7s + 3.1s]: train==[4.43732=0.40926 + 3.80985 + 0.21582 + 0.00239 ], test-recall=[0.0535, 0.0843], test-ndcg=[0.0373, 0.0480]
2025-06-05 14:55:27,810 - Epoch 19 [11.4s + 2.6s]: train==[4.41743=0.41121 + 3.78738 + 0.21645 + 0.00239 ], test-recall=[0.0547, 0.0860], test-ndcg=[0.0381, 0.0490]
2025-06-05 14:55:42,354 - Epoch 20 [11.6s + 2.9s]: train==[4.40058=0.41332 + 3.76810 + 0.21676 + 0.00240 ], test-recall=[0.0555, 0.0873], test-ndcg=[0.0388, 0.0498]
2025-06-05 14:55:58,061 - Epoch 21 [12.3s + 3.4s]: train==[4.38571=0.41469 + 3.75198 + 0.21663 + 0.00240 ], test-recall=[0.0565, 0.0886], test-ndcg=[0.0395, 0.0507]
2025-06-05 14:56:12,325 - Epoch 22 [11.3s + 3.0s]: train==[4.37335=0.41686 + 3.73777 + 0.21632 + 0.00240 ], test-recall=[0.0572, 0.0901], test-ndcg=[0.0402, 0.0516]
2025-06-05 14:56:27,260 - Epoch 23 [12.0s + 2.9s]: train==[4.36309=0.41817 + 3.72669 + 0.21582 + 0.00241 ], test-recall=[0.0582, 0.0909], test-ndcg=[0.0408, 0.0522]
2025-06-05 14:56:41,492 - Epoch 24 [11.5s + 2.8s]: train==[4.35167=0.41972 + 3.71438 + 0.21516 + 0.00241 ], test-recall=[0.0588, 0.0922], test-ndcg=[0.0414, 0.0529]
2025-06-05 14:56:55,939 - Epoch 25 [11.7s + 2.7s]: train==[4.34252=0.42128 + 3.70447 + 0.21435 + 0.00242 ], test-recall=[0.0596, 0.0929], test-ndcg=[0.0419, 0.0535]
2025-06-05 14:57:10,023 - Epoch 26 [11.4s + 2.6s]: train==[4.33440=0.42222 + 3.69631 + 0.21345 + 0.00242 ], test-recall=[0.0603, 0.0940], test-ndcg=[0.0424, 0.0541]
2025-06-05 14:57:24,544 - Epoch 27 [11.6s + 3.0s]: train==[4.32712=0.42353 + 3.68867 + 0.21250 + 0.00242 ], test-recall=[0.0606, 0.0949], test-ndcg=[0.0428, 0.0547]
2025-06-05 14:57:38,709 - Epoch 28 [11.5s + 2.7s]: train==[4.32015=0.42462 + 3.68155 + 0.21155 + 0.00243 ], test-recall=[0.0612, 0.0958], test-ndcg=[0.0433, 0.0552]
2025-06-05 14:57:53,450 - Epoch 29 [11.4s + 3.3s]: train==[4.31438=0.42579 + 3.67555 + 0.21061 + 0.00243 ], test-recall=[0.0617, 0.0962], test-ndcg=[0.0437, 0.0556]
2025-06-05 14:58:07,753 - Epoch 30 [11.6s + 2.7s]: train==[4.30821=0.42667 + 3.66950 + 0.20960 + 0.00243 ], test-recall=[0.0622, 0.0969], test-ndcg=[0.0441, 0.0561]
2025-06-05 14:58:21,865 - Epoch 31 [11.2s + 2.9s]: train==[4.30354=0.42716 + 3.66531 + 0.20863 + 0.00244 ], test-recall=[0.0627, 0.0978], test-ndcg=[0.0444, 0.0566]
2025-06-05 14:58:36,753 - Epoch 32 [12.1s + 2.7s]: train==[4.29973=0.42794 + 3.66159 + 0.20776 + 0.00244 ], test-recall=[0.0634, 0.0988], test-ndcg=[0.0449, 0.0571]
2025-06-05 14:58:50,895 - Epoch 33 [11.2s + 2.9s]: train==[4.29436=0.42810 + 3.65676 + 0.20706 + 0.00245 ], test-recall=[0.0638, 0.0996], test-ndcg=[0.0452, 0.0576]
2025-06-05 14:59:06,343 - Epoch 34 [11.8s + 3.6s]: train==[4.29139=0.42892 + 3.65373 + 0.20629 + 0.00245 ], test-recall=[0.0646, 0.1005], test-ndcg=[0.0458, 0.0582]
2025-06-05 14:59:21,470 - Epoch 35 [12.1s + 3.0s]: train==[4.28794=0.42931 + 3.65052 + 0.20565 + 0.00245 ], test-recall=[0.0650, 0.1014], test-ndcg=[0.0461, 0.0587]
2025-06-05 14:59:37,564 - Epoch 36 [12.7s + 3.4s]: train==[4.28389=0.42882 + 3.64749 + 0.20512 + 0.00246 ], test-recall=[0.0657, 0.1020], test-ndcg=[0.0465, 0.0591]
2025-06-05 14:59:52,609 - Epoch 37 [12.2s + 2.8s]: train==[4.27999=0.42921 + 3.64373 + 0.20459 + 0.00246 ], test-recall=[0.0662, 0.1027], test-ndcg=[0.0468, 0.0595]
2025-06-05 15:00:08,406 - Epoch 38 [12.4s + 3.4s]: train==[4.27778=0.42955 + 3.64172 + 0.20405 + 0.00246 ], test-recall=[0.0666, 0.1035], test-ndcg=[0.0472, 0.0600]
2025-06-05 15:00:33,739 - Epoch 39 [18.7s + 6.7s]: train==[4.27414=0.42918 + 3.63878 + 0.20371 + 0.00247 ], test-recall=[0.0670, 0.1042], test-ndcg=[0.0475, 0.0604]
2025-06-05 15:01:00,902 - Epoch 40 [20.1s + 7.1s]: train==[4.27205=0.42973 + 3.63668 + 0.20317 + 0.00247 ], test-recall=[0.0673, 0.1050], test-ndcg=[0.0477, 0.0608]
2025-06-05 15:01:28,595 - Epoch 41 [21.0s + 6.7s]: train==[4.26926=0.42981 + 3.63416 + 0.20281 + 0.00247 ], test-recall=[0.0678, 0.1056], test-ndcg=[0.0481, 0.0612]
2025-06-05 15:01:56,074 - Epoch 42 [20.3s + 7.1s]: train==[4.26745=0.42941 + 3.63296 + 0.20261 + 0.00248 ], test-recall=[0.0681, 0.1061], test-ndcg=[0.0484, 0.0616]
2025-06-05 15:02:21,976 - Epoch 43 [19.6s + 6.4s]: train==[4.26478=0.42855 + 3.63127 + 0.20247 + 0.00248 ], test-recall=[0.0686, 0.1068], test-ndcg=[0.0487, 0.0619]
2025-06-05 15:02:47,028 - Epoch 44 [19.1s + 5.9s]: train==[4.26283=0.42862 + 3.62938 + 0.20234 + 0.00249 ], test-recall=[0.0692, 0.1078], test-ndcg=[0.0490, 0.0624]
2025-06-05 15:03:12,565 - Epoch 45 [19.6s + 6.0s]: train==[4.25974=0.42790 + 3.62706 + 0.20229 + 0.00249 ], test-recall=[0.0694, 0.1082], test-ndcg=[0.0493, 0.0627]
2025-06-05 15:03:41,269 - Epoch 46 [21.9s + 6.8s]: train==[4.25800=0.42821 + 3.62521 + 0.20209 + 0.00249 ], test-recall=[0.0699, 0.1086], test-ndcg=[0.0496, 0.0630]
2025-06-05 15:04:07,890 - Epoch 47 [19.4s + 7.2s]: train==[4.25653=0.42761 + 3.62434 + 0.20208 + 0.00250 ], test-recall=[0.0704, 0.1093], test-ndcg=[0.0499, 0.0634]
2025-06-05 15:04:32,629 - Epoch 48 [19.7s + 5.0s]: train==[4.25441=0.42709 + 3.62280 + 0.20202 + 0.00250 ], test-recall=[0.0709, 0.1099], test-ndcg=[0.0502, 0.0638]
2025-06-05 15:04:58,961 - Epoch 49 [19.0s + 7.3s]: train==[4.25262=0.42720 + 3.62091 + 0.20200 + 0.00250 ], test-recall=[0.0715, 0.1102], test-ndcg=[0.0506, 0.0640]
2025-06-05 15:05:24,284 - Epoch 50 [19.8s + 5.5s]: train==[4.25019=0.42633 + 3.61935 + 0.20201 + 0.00251 ], test-recall=[0.0717, 0.1109], test-ndcg=[0.0509, 0.0645]
2025-06-05 15:05:57,171 - Epoch 51 [25.6s + 7.3s]: train==[4.24922=0.42607 + 3.61856 + 0.20208 + 0.00251 ], test-recall=[0.0721, 0.1111], test-ndcg=[0.0512, 0.0646]
2025-06-05 15:06:24,391 - Epoch 52 [20.2s + 7.0s]: train==[4.24815=0.42546 + 3.61797 + 0.20221 + 0.00251 ], test-recall=[0.0725, 0.1117], test-ndcg=[0.0514, 0.0650]
2025-06-05 15:06:50,736 - Epoch 53 [19.6s + 6.7s]: train==[4.24664=0.42525 + 3.61661 + 0.20227 + 0.00251 ], test-recall=[0.0728, 0.1124], test-ndcg=[0.0517, 0.0654]
2025-06-05 15:07:15,918 - Epoch 54 [19.3s + 5.9s]: train==[4.24427=0.42422 + 3.61513 + 0.20239 + 0.00252 ], test-recall=[0.0732, 0.1131], test-ndcg=[0.0520, 0.0658]
2025-06-05 15:07:41,200 - Epoch 55 [18.4s + 6.9s]: train==[4.24303=0.42365 + 3.61437 + 0.20249 + 0.00252 ], test-recall=[0.0734, 0.1134], test-ndcg=[0.0522, 0.0660]
2025-06-05 15:08:05,734 - Epoch 56 [19.7s + 4.9s]: train==[4.24168=0.42334 + 3.61314 + 0.20268 + 0.00252 ], test-recall=[0.0737, 0.1138], test-ndcg=[0.0525, 0.0663]
2025-06-05 15:08:33,344 - Epoch 57 [20.9s + 6.7s]: train==[4.24062=0.42249 + 3.61277 + 0.20283 + 0.00253 ], test-recall=[0.0743, 0.1142], test-ndcg=[0.0528, 0.0666]
2025-06-05 15:09:03,384 - Epoch 58 [22.8s + 7.2s]: train==[4.23966=0.42199 + 3.61206 + 0.20308 + 0.00253 ], test-recall=[0.0748, 0.1147], test-ndcg=[0.0531, 0.0669]
2025-06-05 15:09:30,160 - Epoch 59 [19.9s + 6.9s]: train==[4.23807=0.42132 + 3.61099 + 0.20323 + 0.00253 ], test-recall=[0.0750, 0.1152], test-ndcg=[0.0533, 0.0672]
2025-06-05 15:09:57,017 - Epoch 60 [20.3s + 6.6s]: train==[4.23696=0.42087 + 3.61017 + 0.20338 + 0.00253 ], test-recall=[0.0754, 0.1157], test-ndcg=[0.0536, 0.0675]
2025-06-05 15:10:24,133 - Epoch 61 [20.5s + 6.6s]: train==[4.23626=0.41964 + 3.61044 + 0.20364 + 0.00254 ], test-recall=[0.0756, 0.1159], test-ndcg=[0.0537, 0.0677]
2025-06-05 15:10:50,918 - Epoch 62 [20.0s + 6.7s]: train==[4.23460=0.41884 + 3.60926 + 0.20395 + 0.00254 ], test-recall=[0.0758, 0.1167], test-ndcg=[0.0539, 0.0681]
2025-06-05 15:11:21,780 - Epoch 63 [23.7s + 7.2s]: train==[4.23373=0.41868 + 3.60831 + 0.20420 + 0.00254 ], test-recall=[0.0762, 0.1173], test-ndcg=[0.0541, 0.0683]
2025-06-05 15:11:45,911 - Epoch 64 [19.0s + 5.1s]: train==[4.23255=0.41824 + 3.60735 + 0.20441 + 0.00255 ], test-recall=[0.0762, 0.1176], test-ndcg=[0.0542, 0.0685]
2025-06-05 15:12:14,038 - Epoch 65 [21.1s + 7.1s]: train==[4.23213=0.41742 + 3.60755 + 0.20460 + 0.00255 ], test-recall=[0.0765, 0.1177], test-ndcg=[0.0544, 0.0687]
2025-06-05 15:12:41,304 - Epoch 66 [20.9s + 6.3s]: train==[4.23230=0.41680 + 3.60806 + 0.20489 + 0.00255 ], test-recall=[0.0766, 0.1180], test-ndcg=[0.0545, 0.0689]
2025-06-05 15:13:07,812 - Epoch 67 [19.2s + 7.3s]: train==[4.23000=0.41590 + 3.60623 + 0.20532 + 0.00255 ], test-recall=[0.0770, 0.1186], test-ndcg=[0.0549, 0.0693]
2025-06-05 15:13:31,572 - Epoch 68 [18.8s + 5.0s]: train==[4.22960=0.41558 + 3.60593 + 0.20554 + 0.00256 ], test-recall=[0.0772, 0.1189], test-ndcg=[0.0551, 0.0695]
2025-06-05 15:13:58,289 - Epoch 69 [19.8s + 6.9s]: train==[4.22871=0.41472 + 3.60562 + 0.20582 + 0.00256 ], test-recall=[0.0775, 0.1193], test-ndcg=[0.0552, 0.0697]
2025-06-05 15:14:22,484 - Epoch 70 [17.3s + 6.9s]: train==[4.22784=0.41409 + 3.60508 + 0.20612 + 0.00256 ], test-recall=[0.0778, 0.1196], test-ndcg=[0.0554, 0.0699]
2025-06-05 15:14:47,967 - Epoch 71 [20.2s + 5.3s]: train==[4.22679=0.41333 + 3.60459 + 0.20631 + 0.00256 ], test-recall=[0.0779, 0.1200], test-ndcg=[0.0556, 0.0702]
2025-06-05 15:15:14,507 - Epoch 72 [19.6s + 6.9s]: train==[4.22648=0.41315 + 3.60426 + 0.20651 + 0.00257 ], test-recall=[0.0782, 0.1201], test-ndcg=[0.0558, 0.0703]
2025-06-05 15:15:41,504 - Epoch 73 [20.5s + 6.5s]: train==[4.22751=0.41264 + 3.60544 + 0.20686 + 0.00257 ], test-recall=[0.0783, 0.1204], test-ndcg=[0.0559, 0.0704]
2025-06-05 15:16:09,028 - Epoch 74 [20.5s + 7.0s]: train==[4.22570=0.41175 + 3.60412 + 0.20726 + 0.00257 ], test-recall=[0.0785, 0.1208], test-ndcg=[0.0560, 0.0707]
2025-06-05 15:16:38,501 - Epoch 75 [22.8s + 6.7s]: train==[4.22492=0.41169 + 3.60318 + 0.20747 + 0.00258 ], test-recall=[0.0788, 0.1213], test-ndcg=[0.0562, 0.0709]
2025-06-05 15:17:03,536 - Epoch 76 [19.6s + 5.4s]: train==[4.22388=0.41075 + 3.60285 + 0.20770 + 0.00258 ], test-recall=[0.0791, 0.1212], test-ndcg=[0.0564, 0.0710]
2025-06-05 15:17:30,709 - Epoch 77 [20.1s + 7.1s]: train==[4.22392=0.41061 + 3.60288 + 0.20784 + 0.00258 ], test-recall=[0.0792, 0.1214], test-ndcg=[0.0565, 0.0711]
2025-06-05 15:17:58,115 - Epoch 78 [20.3s + 7.1s]: train==[4.22316=0.40995 + 3.60251 + 0.20812 + 0.00258 ], test-recall=[0.0794, 0.1216], test-ndcg=[0.0566, 0.0712]
2025-06-05 15:18:24,647 - Epoch 79 [19.5s + 7.0s]: train==[4.22292=0.40900 + 3.60291 + 0.20842 + 0.00258 ], test-recall=[0.0795, 0.1219], test-ndcg=[0.0567, 0.0714]
2025-06-05 15:18:51,746 - Epoch 80 [20.4s + 6.7s]: train==[4.22221=0.40856 + 3.60238 + 0.20867 + 0.00259 ], test-recall=[0.0796, 0.1222], test-ndcg=[0.0568, 0.0716]
2025-06-05 15:19:19,618 - Epoch 81 [20.6s + 7.3s]: train==[4.22158=0.40794 + 3.60214 + 0.20891 + 0.00259 ], test-recall=[0.0796, 0.1225], test-ndcg=[0.0569, 0.0717]
2025-06-05 15:19:46,188 - Epoch 82 [19.4s + 7.1s]: train==[4.22126=0.40759 + 3.60194 + 0.20915 + 0.00259 ], test-recall=[0.0796, 0.1224], test-ndcg=[0.0571, 0.0718]
2025-06-05 15:20:12,709 - Epoch 83 [19.7s + 6.8s]: train==[4.22089=0.40710 + 3.60185 + 0.20935 + 0.00259 ], test-recall=[0.0801, 0.1226], test-ndcg=[0.0573, 0.0720]
2025-06-05 15:20:40,978 - Epoch 84 [21.8s + 6.5s]: train==[4.22039=0.40661 + 3.60154 + 0.20964 + 0.00260 ], test-recall=[0.0802, 0.1229], test-ndcg=[0.0573, 0.0721]
2025-06-05 15:21:06,732 - Epoch 85 [19.4s + 6.3s]: train==[4.21964=0.40594 + 3.60128 + 0.20982 + 0.00260 ], test-recall=[0.0803, 0.1231], test-ndcg=[0.0575, 0.0723]
2025-06-05 15:21:33,277 - Epoch 86 [21.1s + 5.4s]: train==[4.21972=0.40532 + 3.60167 + 0.21013 + 0.00260 ], test-recall=[0.0803, 0.1231], test-ndcg=[0.0576, 0.0724]
2025-06-05 15:21:58,450 - Epoch 87 [18.6s + 6.6s]: train==[4.21905=0.40519 + 3.60100 + 0.21025 + 0.00260 ], test-recall=[0.0807, 0.1232], test-ndcg=[0.0577, 0.0725]
2025-06-05 15:22:13,356 - Epoch 88 [11.3s + 3.6s]: train==[4.21904=0.40475 + 3.60120 + 0.21048 + 0.00261 ], test-recall=[0.0809, 0.1236], test-ndcg=[0.0579, 0.0727]
2025-06-05 15:22:28,992 - Epoch 89 [12.3s + 3.3s]: train==[4.21850=0.40417 + 3.60103 + 0.21069 + 0.00261 ], test-recall=[0.0807, 0.1236], test-ndcg=[0.0579, 0.0727]
2025-06-05 15:22:43,859 - Epoch 90 [11.8s + 3.1s]: train==[4.21815=0.40322 + 3.60141 + 0.21091 + 0.00261 ], test-recall=[0.0807, 0.1235], test-ndcg=[0.0579, 0.0727]
2025-06-05 15:22:59,541 - Epoch 91 [11.8s + 3.9s]: train==[4.21823=0.40338 + 3.60111 + 0.21113 + 0.00261 ], test-recall=[0.0810, 0.1238], test-ndcg=[0.0581, 0.0729]
2025-06-05 15:23:14,967 - Epoch 92 [12.0s + 3.5s]: train==[4.21794=0.40275 + 3.60128 + 0.21130 + 0.00262 ], test-recall=[0.0811, 0.1243], test-ndcg=[0.0581, 0.0731]
2025-06-05 15:23:32,849 - Epoch 93 [13.6s + 4.3s]: train==[4.21732=0.40243 + 3.60079 + 0.21148 + 0.00262 ], test-recall=[0.0813, 0.1243], test-ndcg=[0.0582, 0.0732]
2025-06-05 15:23:49,866 - Epoch 94 [12.6s + 4.4s]: train==[4.21776=0.40214 + 3.60124 + 0.21175 + 0.00262 ], test-recall=[0.0814, 0.1245], test-ndcg=[0.0583, 0.0733]
2025-06-05 15:24:05,701 - Epoch 95 [12.7s + 3.1s]: train==[4.21703=0.40104 + 3.60141 + 0.21196 + 0.00262 ], test-recall=[0.0817, 0.1248], test-ndcg=[0.0585, 0.0734]
2025-06-05 15:24:22,678 - Epoch 96 [13.1s + 3.9s]: train==[4.21700=0.40106 + 3.60112 + 0.21219 + 0.00263 ], test-recall=[0.0818, 0.1249], test-ndcg=[0.0585, 0.0735]
2025-06-05 15:24:38,240 - Epoch 97 [12.3s + 3.2s]: train==[4.21626=0.40028 + 3.60091 + 0.21245 + 0.00263 ], test-recall=[0.0820, 0.1249], test-ndcg=[0.0586, 0.0735]
2025-06-05 15:24:53,564 - Epoch 98 [12.3s + 3.1s]: train==[4.21646=0.40016 + 3.60115 + 0.21253 + 0.00263 ], test-recall=[0.0823, 0.1250], test-ndcg=[0.0587, 0.0736]
2025-06-05 15:25:08,037 - Epoch 99 [11.3s + 3.2s]: train==[4.21581=0.39962 + 3.60077 + 0.21279 + 0.00263 ], test-recall=[0.0822, 0.1254], test-ndcg=[0.0588, 0.0737]
2025-06-05 15:25:22,614 - Epoch 100 [11.8s + 2.7s]: train==[4.21579=0.39933 + 3.60090 + 0.21294 + 0.00264 ], test-recall=[0.0821, 0.1254], test-ndcg=[0.0588, 0.0738]
2025-06-05 15:25:37,446 - Epoch 101 [11.3s + 3.5s]: train==[4.21582=0.39909 + 3.60100 + 0.21309 + 0.00264 ], test-recall=[0.0824, 0.1255], test-ndcg=[0.0588, 0.0738]
2025-06-05 15:25:52,799 - Epoch 102 [12.5s + 2.9s]: train==[4.21540=0.39851 + 3.60098 + 0.21327 + 0.00264 ], test-recall=[0.0822, 0.1259], test-ndcg=[0.0589, 0.0740]
2025-06-05 15:26:07,685 - Epoch 103 [12.0s + 2.9s]: train==[4.21526=0.39845 + 3.60070 + 0.21347 + 0.00264 ], test-recall=[0.0825, 0.1261], test-ndcg=[0.0590, 0.0741]
2025-06-05 15:26:23,126 - Epoch 104 [12.3s + 3.1s]: train==[4.21452=0.39787 + 3.60045 + 0.21355 + 0.00264 ], test-recall=[0.0828, 0.1262], test-ndcg=[0.0591, 0.0742]
2025-06-05 15:26:38,731 - Epoch 105 [12.3s + 3.3s]: train==[4.21502=0.39770 + 3.60102 + 0.21365 + 0.00265 ], test-recall=[0.0829, 0.1263], test-ndcg=[0.0592, 0.0742]
2025-06-05 15:26:54,277 - Epoch 106 [12.4s + 3.2s]: train==[4.21398=0.39700 + 3.60051 + 0.21382 + 0.00265 ], test-recall=[0.0830, 0.1265], test-ndcg=[0.0592, 0.0743]
2025-06-05 15:27:10,054 - Epoch 107 [12.2s + 3.5s]: train==[4.21438=0.39700 + 3.60075 + 0.21398 + 0.00265 ], test-recall=[0.0829, 0.1267], test-ndcg=[0.0592, 0.0744]
2025-06-05 15:27:24,706 - Epoch 108 [11.6s + 3.1s]: train==[4.21450=0.39690 + 3.60079 + 0.21416 + 0.00265 ], test-recall=[0.0832, 0.1267], test-ndcg=[0.0594, 0.0745]
2025-06-05 15:27:41,765 - Epoch 109 [12.6s + 4.4s]: train==[4.21412=0.39627 + 3.60085 + 0.21434 + 0.00266 ], test-recall=[0.0836, 0.1270], test-ndcg=[0.0596, 0.0746]
2025-06-05 15:27:58,746 - Epoch 110 [12.7s + 4.3s]: train==[4.21420=0.39637 + 3.60060 + 0.21457 + 0.00266 ], test-recall=[0.0833, 0.1268], test-ndcg=[0.0595, 0.0746]
2025-06-05 15:28:15,406 - Epoch 111 [12.1s + 4.6s]: train==[4.21404=0.39592 + 3.60086 + 0.21461 + 0.00266 ], test-recall=[0.0834, 0.1273], test-ndcg=[0.0596, 0.0748]
2025-06-05 15:28:32,042 - Epoch 112 [12.8s + 3.8s]: train==[4.21299=0.39510 + 3.60039 + 0.21484 + 0.00266 ], test-recall=[0.0832, 0.1273], test-ndcg=[0.0595, 0.0748]
2025-06-05 15:28:49,814 - Epoch 113 [13.8s + 4.0s]: train==[4.21270=0.39505 + 3.60005 + 0.21494 + 0.00267 ], test-recall=[0.0833, 0.1273], test-ndcg=[0.0596, 0.0748]
2025-06-05 15:29:06,633 - Epoch 114 [11.9s + 4.9s]: train==[4.21290=0.39518 + 3.60006 + 0.21500 + 0.00267 ], test-recall=[0.0836, 0.1276], test-ndcg=[0.0598, 0.0750]
2025-06-05 15:29:26,418 - Epoch 115 [15.5s + 4.3s]: train==[4.21312=0.39465 + 3.60059 + 0.21521 + 0.00267 ], test-recall=[0.0838, 0.1278], test-ndcg=[0.0599, 0.0752]
2025-06-05 15:29:45,016 - Epoch 116 [14.2s + 4.4s]: train==[4.21320=0.39438 + 3.60072 + 0.21543 + 0.00267 ], test-recall=[0.0838, 0.1282], test-ndcg=[0.0600, 0.0754]
2025-06-05 15:30:03,263 - Epoch 117 [12.4s + 5.9s]: train==[4.21227=0.39410 + 3.59990 + 0.21559 + 0.00268 ], test-recall=[0.0840, 0.1278], test-ndcg=[0.0600, 0.0752]
2025-06-05 15:30:21,299 - Epoch 118 [14.4s + 3.6s]: train==[4.21191=0.39380 + 3.59977 + 0.21566 + 0.00268 ], test-recall=[0.0841, 0.1278], test-ndcg=[0.0602, 0.0753]
2025-06-05 15:30:35,862 - Epoch 119 [11.7s + 2.9s]: train==[4.21202=0.39380 + 3.59980 + 0.21574 + 0.00268 ], test-recall=[0.0837, 0.1277], test-ndcg=[0.0601, 0.0754]
2025-06-05 15:30:51,279 - Epoch 120 [12.0s + 3.4s]: train==[4.21175=0.39350 + 3.59970 + 0.21586 + 0.00268 ], test-recall=[0.0838, 0.1280], test-ndcg=[0.0601, 0.0754]
2025-06-05 15:31:05,864 - Epoch 121 [11.7s + 2.9s]: train==[4.21118=0.39334 + 3.59920 + 0.21596 + 0.00269 ], test-recall=[0.0840, 0.1282], test-ndcg=[0.0601, 0.0754]
2025-06-05 15:31:21,143 - Epoch 122 [12.2s + 3.1s]: train==[4.21066=0.39296 + 3.59894 + 0.21606 + 0.00269 ], test-recall=[0.0841, 0.1283], test-ndcg=[0.0602, 0.0756]
2025-06-05 15:31:40,358 - Epoch 123 [11.9s + 7.3s]: train==[4.21087=0.39245 + 3.59953 + 0.21621 + 0.00269 ], test-recall=[0.0842, 0.1283], test-ndcg=[0.0604, 0.0756]
2025-06-05 15:32:07,320 - Epoch 124 [20.3s + 6.6s]: train==[4.21092=0.39246 + 3.59941 + 0.21636 + 0.00269 ], test-recall=[0.0842, 0.1286], test-ndcg=[0.0604, 0.0758]
2025-06-05 15:32:36,507 - Epoch 125 [22.7s + 6.5s]: train==[4.21062=0.39210 + 3.59933 + 0.21649 + 0.00269 ], test-recall=[0.0842, 0.1287], test-ndcg=[0.0604, 0.0758]
2025-06-05 15:33:00,808 - Epoch 126 [19.0s + 5.3s]: train==[4.21107=0.39175 + 3.59995 + 0.21667 + 0.00270 ], test-recall=[0.0844, 0.1288], test-ndcg=[0.0605, 0.0759]
2025-06-05 15:33:30,135 - Epoch 127 [22.4s + 6.9s]: train==[4.21045=0.39191 + 3.59904 + 0.21680 + 0.00270 ], test-recall=[0.0846, 0.1289], test-ndcg=[0.0606, 0.0759]
2025-06-05 15:33:57,046 - Epoch 128 [19.7s + 7.2s]: train==[4.21066=0.39156 + 3.59947 + 0.21693 + 0.00270 ], test-recall=[0.0846, 0.1285], test-ndcg=[0.0606, 0.0759]
2025-06-05 15:34:21,776 - Epoch 129 [19.4s + 5.3s]: train==[4.20951=0.39123 + 3.59856 + 0.21701 + 0.00271 ], test-recall=[0.0846, 0.1285], test-ndcg=[0.0607, 0.0759]
2025-06-05 15:34:49,931 - Epoch 130 [21.0s + 7.2s]: train==[4.20953=0.39113 + 3.59863 + 0.21707 + 0.00271 ], test-recall=[0.0847, 0.1284], test-ndcg=[0.0607, 0.0758]
2025-06-05 15:35:18,172 - Epoch 131 [21.6s + 6.7s]: train==[4.20977=0.39100 + 3.59894 + 0.21711 + 0.00271 ], test-recall=[0.0845, 0.1286], test-ndcg=[0.0606, 0.0759]
2025-06-05 15:35:49,451 - Epoch 132 [24.9s + 6.4s]: train==[4.20887=0.39018 + 3.59876 + 0.21722 + 0.00271 ], test-recall=[0.0845, 0.1285], test-ndcg=[0.0606, 0.0759]
2025-06-05 15:36:17,839 - Epoch 133 [22.2s + 6.1s]: train==[4.20931=0.39042 + 3.59878 + 0.21739 + 0.00271 ], test-recall=[0.0847, 0.1288], test-ndcg=[0.0607, 0.0760]
2025-06-05 15:36:45,391 - Epoch 134 [21.0s + 6.5s]: train==[4.20942=0.39047 + 3.59878 + 0.21746 + 0.00272 ], test-recall=[0.0847, 0.1288], test-ndcg=[0.0606, 0.0760]
2025-06-05 15:37:12,729 - Epoch 135 [20.5s + 6.8s]: train==[4.20906=0.39014 + 3.59874 + 0.21746 + 0.00272 ], test-recall=[0.0846, 0.1290], test-ndcg=[0.0607, 0.0761]
2025-06-05 15:37:38,689 - Epoch 136 [20.2s + 5.8s]: train==[4.20945=0.39013 + 3.59903 + 0.21756 + 0.00272 ], test-recall=[0.0849, 0.1295], test-ndcg=[0.0609, 0.0763]
2025-06-05 15:38:07,409 - Epoch 137 [25.3s + 3.5s]: train==[4.20909=0.38938 + 3.59918 + 0.21780 + 0.00272 ], test-recall=[0.0850, 0.1297], test-ndcg=[0.0609, 0.0764]
2025-06-05 15:38:23,189 - Epoch 138 [12.2s + 3.6s]: train==[4.20853=0.38931 + 3.59865 + 0.21784 + 0.00273 ], test-recall=[0.0852, 0.1297], test-ndcg=[0.0609, 0.0764]
2025-06-05 15:38:38,240 - Epoch 139 [11.8s + 3.2s]: train==[4.20820=0.38906 + 3.59848 + 0.21792 + 0.00273 ], test-recall=[0.0850, 0.1297], test-ndcg=[0.0609, 0.0764]
2025-06-05 15:38:53,537 - Epoch 140 [12.3s + 2.9s]: train==[4.20807=0.38901 + 3.59843 + 0.21791 + 0.00273 ], test-recall=[0.0850, 0.1300], test-ndcg=[0.0610, 0.0766]
2025-06-05 15:39:09,899 - Epoch 141 [12.6s + 3.8s]: train==[4.20830=0.38880 + 3.59876 + 0.21801 + 0.00273 ], test-recall=[0.0850, 0.1299], test-ndcg=[0.0610, 0.0765]
2025-06-05 15:39:26,012 - Epoch 142 [12.8s + 3.3s]: train==[4.20884=0.38897 + 3.59905 + 0.21809 + 0.00274 ], test-recall=[0.0851, 0.1299], test-ndcg=[0.0610, 0.0765]
2025-06-05 15:39:40,935 - Epoch 143 [12.0s + 3.0s]: train==[4.20868=0.38911 + 3.59875 + 0.21808 + 0.00274 ], test-recall=[0.0851, 0.1300], test-ndcg=[0.0610, 0.0766]
2025-06-05 15:39:55,473 - Epoch 144 [11.6s + 3.0s]: train==[4.20832=0.38844 + 3.59892 + 0.21822 + 0.00274 ], test-recall=[0.0852, 0.1300], test-ndcg=[0.0610, 0.0766]
2025-06-05 15:40:11,006 - Epoch 145 [11.9s + 3.6s]: train==[4.20768=0.38844 + 3.59826 + 0.21823 + 0.00274 ], test-recall=[0.0851, 0.1301], test-ndcg=[0.0611, 0.0767]
2025-06-05 15:40:25,564 - Epoch 146 [11.8s + 2.8s]: train==[4.20784=0.38800 + 3.59882 + 0.21827 + 0.00275 ], test-recall=[0.0854, 0.1300], test-ndcg=[0.0613, 0.0767]
2025-06-05 15:40:40,479 - Epoch 147 [11.3s + 3.6s]: train==[4.20809=0.38791 + 3.59913 + 0.21830 + 0.00275 ], test-recall=[0.0855, 0.1300], test-ndcg=[0.0613, 0.0768]
2025-06-05 15:40:56,054 - Epoch 148 [11.8s + 3.8s]: train==[4.20838=0.38818 + 3.59903 + 0.21842 + 0.00275 ], test-recall=[0.0854, 0.1300], test-ndcg=[0.0613, 0.0768]
2025-06-05 15:41:12,376 - Epoch 149 [11.9s + 4.4s]: train==[4.20849=0.38838 + 3.59886 + 0.21849 + 0.00275 ], test-recall=[0.0855, 0.1302], test-ndcg=[0.0613, 0.0769]
2025-06-05 15:41:29,467 - Epoch 150 [12.2s + 4.9s]: train==[4.20827=0.38795 + 3.59900 + 0.21856 + 0.00276 ], test-recall=[0.0855, 0.1302], test-ndcg=[0.0614, 0.0768]
2025-06-05 15:41:45,000 - Epoch 151 [12.7s + 2.8s]: train==[4.20669=0.38717 + 3.59821 + 0.21856 + 0.00276 ], test-recall=[0.0856, 0.1306], test-ndcg=[0.0614, 0.0769]
2025-06-05 15:41:59,897 - Epoch 152 [11.9s + 3.0s]: train==[4.20743=0.38718 + 3.59887 + 0.21862 + 0.00276 ], test-recall=[0.0856, 0.1306], test-ndcg=[0.0614, 0.0770]
2025-06-05 15:42:16,004 - Epoch 153 [12.3s + 3.8s]: train==[4.20739=0.38665 + 3.59925 + 0.21873 + 0.00276 ], test-recall=[0.0858, 0.1307], test-ndcg=[0.0615, 0.0770]
2025-06-05 15:42:31,730 - Epoch 154 [12.0s + 3.7s]: train==[4.20781=0.38706 + 3.59921 + 0.21878 + 0.00277 ], test-recall=[0.0855, 0.1305], test-ndcg=[0.0614, 0.0770]
2025-06-05 15:42:46,275 - Epoch 155 [11.6s + 2.9s]: train==[4.20717=0.38687 + 3.59861 + 0.21893 + 0.00277 ], test-recall=[0.0854, 0.1304], test-ndcg=[0.0613, 0.0769]
2025-06-05 15:43:02,061 - Epoch 156 [12.2s + 3.6s]: train==[4.20743=0.38617 + 3.59952 + 0.21897 + 0.00277 ], test-recall=[0.0853, 0.1305], test-ndcg=[0.0613, 0.0770]
2025-06-05 15:43:17,591 - Epoch 157 [11.9s + 3.6s]: train==[4.20686=0.38631 + 3.59871 + 0.21907 + 0.00277 ], test-recall=[0.0855, 0.1306], test-ndcg=[0.0613, 0.0770]
2025-06-05 15:43:34,593 - Epoch 158 [12.4s + 4.6s]: train==[4.20739=0.38612 + 3.59936 + 0.21912 + 0.00278 ], test-recall=[0.0855, 0.1311], test-ndcg=[0.0613, 0.0771]
2025-06-05 15:43:54,820 - Epoch 159 [15.2s + 5.0s]: train==[4.20716=0.38614 + 3.59908 + 0.21917 + 0.00278 ], test-recall=[0.0857, 0.1309], test-ndcg=[0.0613, 0.0770]
2025-06-05 15:44:12,281 - Epoch 160 [13.6s + 3.9s]: train==[4.20717=0.38623 + 3.59890 + 0.21926 + 0.00278 ], test-recall=[0.0857, 0.1309], test-ndcg=[0.0614, 0.0771]
2025-06-05 15:44:30,411 - Epoch 161 [14.5s + 3.6s]: train==[4.20670=0.38583 + 3.59884 + 0.21925 + 0.00278 ], test-recall=[0.0856, 0.1307], test-ndcg=[0.0614, 0.0771]
2025-06-05 15:44:47,915 - Epoch 162 [12.4s + 5.1s]: train==[4.20649=0.38506 + 3.59928 + 0.21936 + 0.00279 ], test-recall=[0.0857, 0.1308], test-ndcg=[0.0614, 0.0770]
2025-06-05 15:45:05,670 - Epoch 163 [15.0s + 2.7s]: train==[4.20726=0.38517 + 3.59983 + 0.21947 + 0.00279 ], test-recall=[0.0860, 0.1311], test-ndcg=[0.0616, 0.0772]
2025-06-05 15:45:22,780 - Epoch 164 [11.8s + 5.3s]: train==[4.20663=0.38546 + 3.59885 + 0.21953 + 0.00279 ], test-recall=[0.0862, 0.1311], test-ndcg=[0.0616, 0.0772]
2025-06-05 15:45:50,430 - Epoch 165 [21.1s + 6.6s]: train==[4.20667=0.38504 + 3.59921 + 0.21963 + 0.00279 ], test-recall=[0.0861, 0.1312], test-ndcg=[0.0616, 0.0772]
2025-06-05 15:46:15,583 - Epoch 166 [19.7s + 5.4s]: train==[4.20613=0.38504 + 3.59870 + 0.21958 + 0.00280 ], test-recall=[0.0860, 0.1313], test-ndcg=[0.0616, 0.0773]
2025-06-05 15:46:41,902 - Epoch 167 [19.9s + 6.4s]: train==[4.20606=0.38498 + 3.59865 + 0.21963 + 0.00280 ], test-recall=[0.0860, 0.1312], test-ndcg=[0.0616, 0.0772]
2025-06-05 15:47:10,273 - Epoch 168 [21.3s + 7.1s]: train==[4.20606=0.38456 + 3.59906 + 0.21965 + 0.00280 ], test-recall=[0.0860, 0.1312], test-ndcg=[0.0616, 0.0772]
2025-06-05 15:47:37,261 - Epoch 169 [20.5s + 6.5s]: train==[4.20571=0.38433 + 3.59892 + 0.21966 + 0.00280 ], test-recall=[0.0861, 0.1311], test-ndcg=[0.0616, 0.0773]
2025-06-05 15:48:03,235 - Epoch 170 [19.7s + 6.2s]: train==[4.20566=0.38435 + 3.59884 + 0.21966 + 0.00281 ], test-recall=[0.0861, 0.1309], test-ndcg=[0.0617, 0.0773]
2025-06-05 15:48:28,775 - Epoch 171 [18.9s + 6.7s]: train==[4.20585=0.38442 + 3.59893 + 0.21969 + 0.00281 ], test-recall=[0.0862, 0.1310], test-ndcg=[0.0618, 0.0773]
2025-06-05 15:48:52,728 - Epoch 172 [18.8s + 5.2s]: train==[4.20553=0.38402 + 3.59901 + 0.21968 + 0.00281 ], test-recall=[0.0860, 0.1312], test-ndcg=[0.0616, 0.0773]
2025-06-05 15:49:18,278 - Epoch 173 [19.6s + 6.0s]: train==[4.20539=0.38401 + 3.59886 + 0.21971 + 0.00281 ], test-recall=[0.0859, 0.1313], test-ndcg=[0.0616, 0.0774]
2025-06-05 15:49:42,216 - Epoch 174 [19.2s + 4.8s]: train==[4.20533=0.38368 + 3.59908 + 0.21976 + 0.00281 ], test-recall=[0.0859, 0.1312], test-ndcg=[0.0617, 0.0773]
2025-06-05 15:49:56,246 - Epoch 175 [11.1s + 2.9s]: train==[4.20548=0.38352 + 3.59932 + 0.21983 + 0.00282 ], test-recall=[0.0858, 0.1313], test-ndcg=[0.0616, 0.0774]
2025-06-05 15:50:10,584 - Epoch 176 [11.7s + 2.6s]: train==[4.20533=0.38312 + 3.59952 + 0.21987 + 0.00282 ], test-recall=[0.0860, 0.1312], test-ndcg=[0.0617, 0.0774]
2025-06-05 15:50:24,731 - Epoch 177 [11.3s + 2.9s]: train==[4.20472=0.38258 + 3.59926 + 0.22006 + 0.00282 ], test-recall=[0.0857, 0.1312], test-ndcg=[0.0616, 0.0774]
2025-06-05 15:50:38,737 - Epoch 178 [11.3s + 2.7s]: train==[4.20450=0.38262 + 3.59898 + 0.22008 + 0.00282 ], test-recall=[0.0857, 0.1313], test-ndcg=[0.0616, 0.0774]
2025-06-05 15:50:52,834 - Epoch 179 [11.3s + 2.8s]: train==[4.20510=0.38254 + 3.59965 + 0.22009 + 0.00283 ], test-recall=[0.0858, 0.1310], test-ndcg=[0.0616, 0.0773]
2025-06-05 15:51:07,049 - Epoch 180 [11.3s + 2.9s]: train==[4.20452=0.38269 + 3.59885 + 0.22016 + 0.00283 ], test-recall=[0.0859, 0.1310], test-ndcg=[0.0617, 0.0773]
2025-06-05 15:51:21,152 - Epoch 181 [11.4s + 2.7s]: train==[4.20526=0.38256 + 3.59970 + 0.22017 + 0.00283 ], test-recall=[0.0860, 0.1316], test-ndcg=[0.0617, 0.0775]
2025-06-05 15:51:35,754 - Epoch 182 [11.6s + 3.0s]: train==[4.20475=0.38209 + 3.59956 + 0.22026 + 0.00283 ], test-recall=[0.0863, 0.1312], test-ndcg=[0.0617, 0.0773]
2025-06-05 15:51:50,196 - Epoch 183 [11.7s + 2.7s]: train==[4.20449=0.38190 + 3.59946 + 0.22030 + 0.00284 ], test-recall=[0.0861, 0.1310], test-ndcg=[0.0617, 0.0774]
2025-06-05 15:52:04,367 - Epoch 184 [11.3s + 2.9s]: train==[4.20444=0.38172 + 3.59961 + 0.22027 + 0.00284 ], test-recall=[0.0859, 0.1311], test-ndcg=[0.0617, 0.0774]
2025-06-05 15:52:18,710 - Epoch 185 [11.6s + 2.8s]: train==[4.20485=0.38196 + 3.59971 + 0.22034 + 0.00284 ], test-recall=[0.0858, 0.1311], test-ndcg=[0.0615, 0.0773]
2025-06-05 15:52:34,053 - Epoch 186 [12.4s + 2.9s]: train==[4.20454=0.38144 + 3.59989 + 0.22037 + 0.00284 ], test-recall=[0.0855, 0.1310], test-ndcg=[0.0615, 0.0773]
2025-06-05 15:52:49,670 - Epoch 187 [12.9s + 2.7s]: train==[4.20421=0.38120 + 3.59963 + 0.22053 + 0.00285 ], test-recall=[0.0856, 0.1309], test-ndcg=[0.0616, 0.0773]
2025-06-05 15:53:05,270 - Epoch 188 [12.4s + 3.2s]: train==[4.20409=0.38121 + 3.59957 + 0.22046 + 0.00285 ], test-recall=[0.0857, 0.1313], test-ndcg=[0.0617, 0.0774]
2025-06-05 15:53:19,961 - Epoch 189 [11.7s + 3.0s]: train==[4.20446=0.38084 + 3.60024 + 0.22053 + 0.00285 ], test-recall=[0.0856, 0.1310], test-ndcg=[0.0616, 0.0773]
2025-06-05 15:53:34,917 - Epoch 190 [12.2s + 2.7s]: train==[4.20414=0.38053 + 3.60012 + 0.22063 + 0.00285 ], test-recall=[0.0858, 0.1308], test-ndcg=[0.0616, 0.0773]
2025-06-05 15:53:49,689 - Epoch 191 [11.4s + 3.3s]: train==[4.20379=0.38045 + 3.59978 + 0.22070 + 0.00285 ], test-recall=[0.0857, 0.1309], test-ndcg=[0.0616, 0.0773]
2025-06-05 15:54:04,217 - Epoch 192 [11.8s + 2.7s]: train==[4.20385=0.38037 + 3.59993 + 0.22069 + 0.00286 ], test-recall=[0.0858, 0.1309], test-ndcg=[0.0617, 0.0774]
2025-06-05 15:54:21,122 - Epoch 193 [11.9s + 5.0s]: train==[4.20391=0.38004 + 3.60026 + 0.22075 + 0.00286 ], test-recall=[0.0859, 0.1308], test-ndcg=[0.0617, 0.0773]
2025-06-05 15:54:38,249 - Epoch 194 [14.0s + 3.1s]: train==[4.20392=0.38007 + 3.60021 + 0.22077 + 0.00286 ], test-recall=[0.0858, 0.1310], test-ndcg=[0.0616, 0.0773]
2025-06-05 15:54:53,131 - Epoch 195 [11.8s + 3.0s]: train==[4.20399=0.37995 + 3.60036 + 0.22082 + 0.00286 ], test-recall=[0.0859, 0.1308], test-ndcg=[0.0616, 0.0772]
2025-06-05 15:55:07,870 - Epoch 196 [12.0s + 2.8s]: train==[4.20366=0.37990 + 3.60008 + 0.22081 + 0.00287 ], test-recall=[0.0860, 0.1311], test-ndcg=[0.0617, 0.0773]
2025-06-05 15:55:23,696 - Epoch 197 [11.9s + 3.9s]: train==[4.20321=0.37900 + 3.60041 + 0.22093 + 0.00287 ], test-recall=[0.0861, 0.1311], test-ndcg=[0.0617, 0.0773]
2025-06-05 15:55:39,659 - Epoch 198 [12.9s + 3.1s]: train==[4.20279=0.37894 + 3.59996 + 0.22102 + 0.00287 ], test-recall=[0.0858, 0.1311], test-ndcg=[0.0616, 0.0773]
2025-06-05 15:55:56,628 - Epoch 199 [12.4s + 4.6s]: train==[4.20284=0.37875 + 3.60020 + 0.22102 + 0.00287 ], test-recall=[0.0862, 0.1309], test-ndcg=[0.0617, 0.0772]
2025-06-05 15:55:56,628 - Best Test Set Result: Epoch 181 test-recall=[0.0862, 0.1316], test-ndcg=[0.0618, 0.0775]


2025-06-07 18:09:36,536 - n_users=47939, n_items=41390	n_interactions=2619389	n_train=2357450, n_test=261939, sparsity=0.00119
2025-06-07 18:09:36,536 - Namespace(data_path='data/', seed=2024, dataset='tmall', verbose=1, save_model=False, epoch=200, n_batch=40, batch_size=10240, train_num=10000, sample_num=40, lr=0.001, embed_size=64, t_size=1, emb_reg=1e-05, int_reg=1e-05, ssl_reg=0.4, kl_reg=0.01, n_layers=2, n_intents=512, temp=0.2, show_step=1, Ks='[20, 40]')
2025-06-07 18:10:04,410 - Epoch  0 [12.6s + 4.5s]: train==[8.49633=1.12326 + 7.36923 + 0.00162 + 0.00221 ], test-recall=[0.0116, 0.0190], test-ndcg=[0.0081, 0.0107]
2025-06-07 18:10:20,683 - Epoch  1 [12.3s + 4.0s]: train==[8.36235=1.02662 + 7.32899 + 0.00452 + 0.00223 ], test-recall=[0.0155, 0.0252], test-ndcg=[0.0107, 0.0141]
2025-06-07 18:10:36,577 - Epoch  2 [11.6s + 4.3s]: train==[8.06568=0.93804 + 7.11444 + 0.01095 + 0.00226 ], test-recall=[0.0193, 0.0316], test-ndcg=[0.0133, 0.0177]
2025-06-07 18:10:53,661 - Epoch  3 [13.1s + 3.9s]: train==[7.53227=0.82380 + 6.67934 + 0.02684 + 0.00229 ], test-recall=[0.0207, 0.0339], test-ndcg=[0.0143, 0.0190]
2025-06-07 18:11:09,459 - Epoch  4 [11.7s + 4.1s]: train==[6.99779=0.70682 + 6.23908 + 0.04960 + 0.00230 ], test-recall=[0.0229, 0.0375], test-ndcg=[0.0158, 0.0209]
2025-06-07 18:11:26,164 - Epoch  5 [12.6s + 4.1s]: train==[6.50510=0.60742 + 5.81887 + 0.07651 + 0.00230 ], test-recall=[0.0251, 0.0414], test-ndcg=[0.0172, 0.0229]
2025-06-07 18:11:44,719 - Epoch  6 [13.4s + 5.2s]: train==[6.03273=0.52956 + 5.39563 + 0.10524 + 0.00230 ], test-recall=[0.0273, 0.0455], test-ndcg=[0.0186, 0.0250]
2025-06-07 18:12:02,535 - Epoch  7 [13.6s + 4.2s]: train==[5.61563=0.47419 + 5.00685 + 0.13229 + 0.00230 ], test-recall=[0.0294, 0.0494], test-ndcg=[0.0200, 0.0270]
2025-06-07 18:12:18,985 - Epoch  8 [12.9s + 3.6s]: train==[5.28502=0.43878 + 4.68947 + 0.15447 + 0.00231 ], test-recall=[0.0319, 0.0529], test-ndcg=[0.0217, 0.0291]
2025-06-07 18:12:35,398 - Epoch  9 [12.3s + 4.1s]: train==[5.04816=0.41915 + 4.45589 + 0.17082 + 0.00231 ], test-recall=[0.0346, 0.0569], test-ndcg=[0.0235, 0.0313]
2025-06-07 18:12:53,289 - Epoch 10 [13.4s + 4.5s]: train==[4.88556=0.40983 + 4.29101 + 0.18241 + 0.00231 ], test-recall=[0.0372, 0.0612], test-ndcg=[0.0253, 0.0337]
2025-06-07 18:13:09,428 - Epoch 11 [12.1s + 4.0s]: train==[4.77051=0.40684 + 4.17046 + 0.19090 + 0.00231 ], test-recall=[0.0398, 0.0656], test-ndcg=[0.0272, 0.0361]
2025-06-07 18:13:25,029 - Epoch 12 [11.8s + 3.8s]: train==[4.68504=0.40679 + 4.07867 + 0.19726 + 0.00232 ], test-recall=[0.0424, 0.0691], test-ndcg=[0.0289, 0.0382]
2025-06-07 18:13:41,843 - Epoch 13 [12.6s + 4.2s]: train==[4.62057=0.40853 + 4.00748 + 0.20224 + 0.00232 ], test-recall=[0.0446, 0.0725], test-ndcg=[0.0305, 0.0402]
2025-06-07 18:13:58,396 - Epoch 14 [12.2s + 4.4s]: train==[4.56915=0.41046 + 3.95027 + 0.20610 + 0.00232 ], test-recall=[0.0465, 0.0756], test-ndcg=[0.0319, 0.0420]
2025-06-07 18:14:13,233 - Epoch 15 [11.6s + 3.2s]: train==[4.52796=0.41270 + 3.90402 + 0.20892 + 0.00233 ], test-recall=[0.0483, 0.0781], test-ndcg=[0.0333, 0.0437]
2025-06-07 18:14:28,956 - Epoch 16 [11.9s + 3.8s]: train==[4.49348=0.41508 + 3.86515 + 0.21093 + 0.00233 ], test-recall=[0.0501, 0.0801], test-ndcg=[0.0346, 0.0450]
2025-06-07 18:14:44,663 - Epoch 17 [12.0s + 3.7s]: train==[4.46608=0.41728 + 3.83420 + 0.21226 + 0.00233 ], test-recall=[0.0513, 0.0821], test-ndcg=[0.0356, 0.0462]
2025-06-07 18:15:00,070 - Epoch 18 [11.7s + 3.7s]: train==[4.44221=0.41991 + 3.80711 + 0.21286 + 0.00234 ], test-recall=[0.0526, 0.0833], test-ndcg=[0.0365, 0.0472]
2025-06-07 18:15:16,888 - Epoch 19 [12.5s + 4.3s]: train==[4.42204=0.42189 + 3.78486 + 0.21295 + 0.00234 ], test-recall=[0.0537, 0.0845], test-ndcg=[0.0374, 0.0481]
2025-06-07 18:15:32,410 - Epoch 20 [12.3s + 3.2s]: train==[4.40552=0.42409 + 3.76631 + 0.21277 + 0.00234 ], test-recall=[0.0542, 0.0862], test-ndcg=[0.0380, 0.0491]
2025-06-07 18:15:47,293 - Epoch 21 [11.7s + 3.1s]: train==[4.39053=0.42551 + 3.75046 + 0.21222 + 0.00235 ], test-recall=[0.0549, 0.0876], test-ndcg=[0.0386, 0.0499]
2025-06-07 18:16:04,481 - Epoch 22 [12.4s + 4.8s]: train==[4.37787=0.42771 + 3.73633 + 0.21149 + 0.00235 ], test-recall=[0.0558, 0.0886], test-ndcg=[0.0393, 0.0506]
2025-06-07 18:16:20,113 - Epoch 23 [11.9s + 3.7s]: train==[4.36692=0.42898 + 3.72495 + 0.21063 + 0.00235 ], test-recall=[0.0566, 0.0898], test-ndcg=[0.0399, 0.0514]
2025-06-07 18:16:35,095 - Epoch 24 [11.9s + 3.1s]: train==[4.35618=0.43064 + 3.71354 + 0.20964 + 0.00236 ], test-recall=[0.0575, 0.0908], test-ndcg=[0.0405, 0.0520]
2025-06-07 18:16:52,175 - Epoch 25 [12.9s + 4.2s]: train==[4.34701=0.43227 + 3.70380 + 0.20858 + 0.00236 ], test-recall=[0.0582, 0.0917], test-ndcg=[0.0410, 0.0526]
2025-06-07 18:17:08,653 - Epoch 26 [12.0s + 4.5s]: train==[4.33825=0.43315 + 3.69528 + 0.20745 + 0.00237 ], test-recall=[0.0588, 0.0925], test-ndcg=[0.0414, 0.0531]
2025-06-07 18:17:24,936 - Epoch 27 [12.1s + 4.2s]: train==[4.33124=0.43441 + 3.68815 + 0.20632 + 0.00237 ], test-recall=[0.0594, 0.0931], test-ndcg=[0.0419, 0.0536]
2025-06-07 18:17:42,019 - Epoch 28 [13.2s + 3.9s]: train==[4.32410=0.43552 + 3.68100 + 0.20520 + 0.00237 ], test-recall=[0.0601, 0.0938], test-ndcg=[0.0424, 0.0540]
2025-06-07 18:17:59,795 - Epoch 29 [13.6s + 4.2s]: train==[4.31837=0.43659 + 3.67523 + 0.20416 + 0.00238 ], test-recall=[0.0605, 0.0947], test-ndcg=[0.0427, 0.0546]
2025-06-07 18:18:15,846 - Epoch 30 [12.7s + 3.4s]: train==[4.31216=0.43745 + 3.66925 + 0.20307 + 0.00238 ], test-recall=[0.0609, 0.0956], test-ndcg=[0.0430, 0.0550]
2025-06-07 18:18:33,417 - Epoch 31 [13.5s + 4.0s]: train==[4.30748=0.43784 + 3.66521 + 0.20205 + 0.00238 ], test-recall=[0.0615, 0.0966], test-ndcg=[0.0435, 0.0557]
2025-06-07 18:18:49,601 - Epoch 32 [12.3s + 3.9s]: train==[4.30319=0.43847 + 3.66119 + 0.20114 + 0.00239 ], test-recall=[0.0621, 0.0973], test-ndcg=[0.0440, 0.0561]
2025-06-07 18:19:05,763 - Epoch 33 [12.1s + 4.1s]: train==[4.29780=0.43856 + 3.65644 + 0.20041 + 0.00239 ], test-recall=[0.0627, 0.0981], test-ndcg=[0.0443, 0.0566]
2025-06-07 18:19:21,583 - Epoch 34 [13.0s + 2.8s]: train==[4.29465=0.43931 + 3.65333 + 0.19961 + 0.00239 ], test-recall=[0.0632, 0.0988], test-ndcg=[0.0447, 0.0570]
2025-06-07 18:19:37,255 - Epoch 35 [12.1s + 3.6s]: train==[4.29108=0.43961 + 3.65011 + 0.19896 + 0.00240 ], test-recall=[0.0637, 0.0995], test-ndcg=[0.0451, 0.0575]
2025-06-07 18:19:54,627 - Epoch 36 [13.3s + 4.1s]: train==[4.28728=0.43909 + 3.64734 + 0.19844 + 0.00240 ], test-recall=[0.0642, 0.1003], test-ndcg=[0.0455, 0.0580]
2025-06-07 18:20:09,625 - Epoch 37 [12.1s + 2.9s]: train==[4.28272=0.43936 + 3.64301 + 0.19793 + 0.00241 ], test-recall=[0.0647, 0.1010], test-ndcg=[0.0458, 0.0584]
2025-06-07 18:20:24,376 - Epoch 38 [11.7s + 3.1s]: train==[4.28062=0.43954 + 3.64128 + 0.19740 + 0.00241 ], test-recall=[0.0655, 0.1018], test-ndcg=[0.0463, 0.0589]
2025-06-07 18:20:38,954 - Epoch 39 [11.7s + 2.9s]: train==[4.27721=0.43912 + 3.63860 + 0.19708 + 0.00241 ], test-recall=[0.0659, 0.1026], test-ndcg=[0.0466, 0.0594]
2025-06-07 18:20:55,632 - Epoch 40 [13.6s + 3.1s]: train==[4.27489=0.43949 + 3.63638 + 0.19660 + 0.00242 ], test-recall=[0.0664, 0.1033], test-ndcg=[0.0469, 0.0597]
2025-06-07 18:21:12,541 - Epoch 41 [12.7s + 4.2s]: train==[4.27205=0.43950 + 3.63386 + 0.19627 + 0.00242 ], test-recall=[0.0667, 0.1041], test-ndcg=[0.0473, 0.0602]
2025-06-07 18:21:27,139 - Epoch 42 [11.6s + 3.0s]: train==[4.27029=0.43897 + 3.63278 + 0.19612 + 0.00242 ], test-recall=[0.0671, 0.1048], test-ndcg=[0.0476, 0.0606]
2025-06-07 18:21:44,591 - Epoch 43 [13.2s + 4.2s]: train==[4.26774=0.43802 + 3.63124 + 0.19605 + 0.00243 ], test-recall=[0.0678, 0.1052], test-ndcg=[0.0480, 0.0609]
2025-06-07 18:21:59,932 - Epoch 44 [11.9s + 3.5s]: train==[4.26544=0.43794 + 3.62908 + 0.19599 + 0.00243 ], test-recall=[0.0681, 0.1059], test-ndcg=[0.0483, 0.0614]
2025-06-07 18:22:14,954 - Epoch 45 [12.1s + 2.9s]: train==[4.26262=0.43716 + 3.62704 + 0.19598 + 0.00243 ], test-recall=[0.0687, 0.1065], test-ndcg=[0.0486, 0.0618]
2025-06-07 18:22:30,734 - Epoch 46 [12.3s + 3.4s]: train==[4.26073=0.43734 + 3.62509 + 0.19585 + 0.00244 ], test-recall=[0.0690, 0.1070], test-ndcg=[0.0490, 0.0621]
2025-06-07 18:22:47,044 - Epoch 47 [11.9s + 4.4s]: train==[4.25930=0.43661 + 3.62434 + 0.19590 + 0.00244 ], test-recall=[0.0696, 0.1076], test-ndcg=[0.0493, 0.0625]
2025-06-07 18:23:03,247 - Epoch 48 [12.4s + 3.8s]: train==[4.25714=0.43590 + 3.62286 + 0.19594 + 0.00244 ], test-recall=[0.0700, 0.1082], test-ndcg=[0.0497, 0.0629]
2025-06-07 18:23:20,714 - Epoch 49 [12.6s + 4.9s]: train==[4.25508=0.43587 + 3.62080 + 0.19597 + 0.00245 ], test-recall=[0.0706, 0.1090], test-ndcg=[0.0499, 0.0632]
2025-06-07 18:23:37,784 - Epoch 50 [12.9s + 4.1s]: train==[4.25300=0.43487 + 3.61962 + 0.19606 + 0.00245 ], test-recall=[0.0710, 0.1093], test-ndcg=[0.0503, 0.0636]
2025-06-07 18:23:56,627 - Epoch 51 [14.1s + 4.8s]: train==[4.25186=0.43438 + 3.61875 + 0.19627 + 0.00245 ], test-recall=[0.0714, 0.1100], test-ndcg=[0.0506, 0.0640]
2025-06-07 18:24:14,199 - Epoch 52 [13.4s + 4.2s]: train==[4.25034=0.43367 + 3.61773 + 0.19648 + 0.00246 ], test-recall=[0.0715, 0.1105], test-ndcg=[0.0507, 0.0642]
2025-06-07 18:24:31,454 - Epoch 53 [13.4s + 3.9s]: train==[4.24923=0.43332 + 3.61684 + 0.19661 + 0.00246 ], test-recall=[0.0721, 0.1108], test-ndcg=[0.0511, 0.0645]
2025-06-07 18:24:47,885 - Epoch 54 [12.8s + 3.7s]: train==[4.24667=0.43206 + 3.61530 + 0.19686 + 0.00246 ], test-recall=[0.0723, 0.1114], test-ndcg=[0.0514, 0.0649]
2025-06-07 18:25:05,410 - Epoch 55 [13.1s + 4.4s]: train==[4.24547=0.43149 + 3.61447 + 0.19705 + 0.00247 ], test-recall=[0.0729, 0.1118], test-ndcg=[0.0517, 0.0651]
2025-06-07 18:25:21,773 - Epoch 56 [11.6s + 4.8s]: train==[4.24425=0.43099 + 3.61346 + 0.19733 + 0.00247 ], test-recall=[0.0731, 0.1123], test-ndcg=[0.0520, 0.0656]
2025-06-07 18:25:36,759 - Epoch 57 [11.6s + 3.4s]: train==[4.24315=0.42993 + 3.61315 + 0.19760 + 0.00247 ], test-recall=[0.0734, 0.1130], test-ndcg=[0.0522, 0.0658]
2025-06-07 18:25:52,796 - Epoch 58 [12.2s + 3.9s]: train==[4.24154=0.42922 + 3.61188 + 0.19796 + 0.00247 ], test-recall=[0.0737, 0.1132], test-ndcg=[0.0524, 0.0661]
2025-06-07 18:26:09,553 - Epoch 59 [12.4s + 4.3s]: train==[4.24002=0.42848 + 3.61087 + 0.19820 + 0.00248 ], test-recall=[0.0742, 0.1139], test-ndcg=[0.0526, 0.0664]
2025-06-07 18:26:25,775 - Epoch 60 [12.9s + 3.4s]: train==[4.23924=0.42793 + 3.61038 + 0.19846 + 0.00248 ], test-recall=[0.0747, 0.1142], test-ndcg=[0.0530, 0.0666]
2025-06-07 18:26:41,961 - Epoch 61 [11.9s + 4.2s]: train==[4.23849=0.42653 + 3.61066 + 0.19882 + 0.00248 ], test-recall=[0.0749, 0.1148], test-ndcg=[0.0531, 0.0669]
2025-06-07 18:26:58,276 - Epoch 62 [12.0s + 4.3s]: train==[4.23644=0.42556 + 3.60914 + 0.19926 + 0.00249 ], test-recall=[0.0750, 0.1151], test-ndcg=[0.0532, 0.0671]
2025-06-07 18:27:13,419 - Epoch 63 [12.0s + 3.2s]: train==[4.23555=0.42522 + 3.60826 + 0.19959 + 0.00249 ], test-recall=[0.0756, 0.1155], test-ndcg=[0.0536, 0.0674]
2025-06-07 18:27:28,489 - Epoch 64 [12.2s + 2.8s]: train==[4.23455=0.42471 + 3.60743 + 0.19992 + 0.00249 ], test-recall=[0.0759, 0.1158], test-ndcg=[0.0538, 0.0676]
2025-06-07 18:27:46,555 - Epoch 65 [13.1s + 4.9s]: train==[4.23403=0.42383 + 3.60747 + 0.20023 + 0.00249 ], test-recall=[0.0760, 0.1163], test-ndcg=[0.0540, 0.0679]
2025-06-07 18:28:02,490 - Epoch 66 [12.2s + 3.7s]: train==[4.23395=0.42293 + 3.60790 + 0.20062 + 0.00250 ], test-recall=[0.0761, 0.1166], test-ndcg=[0.0541, 0.0681]
2025-06-07 18:28:17,819 - Epoch 67 [11.6s + 3.7s]: train==[4.23171=0.42204 + 3.60602 + 0.20115 + 0.00250 ], test-recall=[0.0763, 0.1172], test-ndcg=[0.0543, 0.0684]
2025-06-07 18:28:33,556 - Epoch 68 [12.9s + 2.8s]: train==[4.23094=0.42144 + 3.60553 + 0.20147 + 0.00250 ], test-recall=[0.0768, 0.1173], test-ndcg=[0.0545, 0.0686]
2025-06-07 18:28:48,977 - Epoch 69 [11.5s + 3.9s]: train==[4.23019=0.42056 + 3.60529 + 0.20184 + 0.00250 ], test-recall=[0.0770, 0.1177], test-ndcg=[0.0547, 0.0688]
2025-06-07 18:29:06,878 - Epoch 70 [13.2s + 4.7s]: train==[4.22915=0.41975 + 3.60465 + 0.20223 + 0.00251 ], test-recall=[0.0771, 0.1180], test-ndcg=[0.0549, 0.0690]
2025-06-07 18:29:25,133 - Epoch 71 [13.9s + 4.4s]: train==[4.22822=0.41887 + 3.60431 + 0.20253 + 0.00251 ], test-recall=[0.0775, 0.1182], test-ndcg=[0.0551, 0.0693]
2025-06-07 18:29:41,873 - Epoch 72 [12.8s + 3.9s]: train==[4.22782=0.41860 + 3.60387 + 0.20283 + 0.00251 ], test-recall=[0.0777, 0.1186], test-ndcg=[0.0553, 0.0695]
2025-06-07 18:29:59,414 - Epoch 73 [13.3s + 4.3s]: train==[4.22864=0.41796 + 3.60489 + 0.20328 + 0.00251 ], test-recall=[0.0777, 0.1187], test-ndcg=[0.0554, 0.0697]
2025-06-07 18:30:16,477 - Epoch 74 [13.4s + 3.6s]: train==[4.22691=0.41692 + 3.60370 + 0.20377 + 0.00252 ], test-recall=[0.0780, 0.1194], test-ndcg=[0.0557, 0.0700]
2025-06-07 18:30:33,094 - Epoch 75 [13.2s + 3.4s]: train==[4.22626=0.41679 + 3.60286 + 0.20409 + 0.00252 ], test-recall=[0.0782, 0.1198], test-ndcg=[0.0558, 0.0702]
2025-06-07 18:30:49,808 - Epoch 76 [12.6s + 4.1s]: train==[4.22503=0.41565 + 3.60244 + 0.20442 + 0.00252 ], test-recall=[0.0781, 0.1202], test-ndcg=[0.0559, 0.0704]
2025-06-07 18:31:07,671 - Epoch 77 [13.8s + 4.1s]: train==[4.22508=0.41544 + 3.60245 + 0.20466 + 0.00252 ], test-recall=[0.0784, 0.1202], test-ndcg=[0.0560, 0.0705]
2025-06-07 18:31:24,028 - Epoch 78 [12.0s + 4.4s]: train==[4.22432=0.41464 + 3.60214 + 0.20502 + 0.00253 ], test-recall=[0.0786, 0.1206], test-ndcg=[0.0561, 0.0706]
2025-06-07 18:31:39,008 - Epoch 79 [11.9s + 3.1s]: train==[4.22417=0.41364 + 3.60259 + 0.20541 + 0.00253 ], test-recall=[0.0789, 0.1213], test-ndcg=[0.0562, 0.0709]
2025-06-07 18:31:56,138 - Epoch 80 [13.1s + 4.0s]: train==[4.22342=0.41302 + 3.60211 + 0.20575 + 0.00253 ], test-recall=[0.0790, 0.1215], test-ndcg=[0.0563, 0.0710]
2025-06-07 18:32:11,400 - Epoch 81 [11.9s + 3.3s]: train==[4.22258=0.41218 + 3.60177 + 0.20609 + 0.00253 ], test-recall=[0.0795, 0.1217], test-ndcg=[0.0566, 0.0713]
2025-06-07 18:32:26,015 - Epoch 82 [11.7s + 3.0s]: train==[4.22225=0.41176 + 3.60154 + 0.20642 + 0.00254 ], test-recall=[0.0794, 0.1219], test-ndcg=[0.0567, 0.0714]
2025-06-07 18:32:40,795 - Epoch 83 [11.8s + 3.0s]: train==[4.22197=0.41118 + 3.60154 + 0.20671 + 0.00254 ], test-recall=[0.0796, 0.1224], test-ndcg=[0.0568, 0.0716]
2025-06-07 18:32:57,005 - Epoch 84 [12.3s + 3.9s]: train==[4.22134=0.41052 + 3.60120 + 0.20707 + 0.00254 ], test-recall=[0.0797, 0.1223], test-ndcg=[0.0569, 0.0716]
2025-06-07 18:33:13,925 - Epoch 85 [12.3s + 4.7s]: train==[4.22070=0.40971 + 3.60111 + 0.20734 + 0.00254 ], test-recall=[0.0799, 0.1223], test-ndcg=[0.0570, 0.0717]
2025-06-07 18:33:30,214 - Epoch 86 [12.0s + 4.3s]: train==[4.22091=0.40905 + 3.60155 + 0.20776 + 0.00255 ], test-recall=[0.0801, 0.1225], test-ndcg=[0.0573, 0.0720]
2025-06-07 18:33:48,211 - Epoch 87 [13.5s + 4.5s]: train==[4.22007=0.40878 + 3.60076 + 0.20798 + 0.00255 ], test-recall=[0.0803, 0.1228], test-ndcg=[0.0573, 0.0721]
2025-06-07 18:34:04,431 - Epoch 88 [13.2s + 3.0s]: train==[4.21976=0.40821 + 3.60071 + 0.20828 + 0.00255 ], test-recall=[0.0806, 0.1231], test-ndcg=[0.0575, 0.0723]
2025-06-07 18:34:19,370 - Epoch 89 [11.9s + 3.0s]: train==[4.21953=0.40752 + 3.60089 + 0.20857 + 0.00255 ], test-recall=[0.0804, 0.1232], test-ndcg=[0.0575, 0.0723]
2025-06-07 18:34:35,984 - Epoch 90 [13.0s + 3.6s]: train==[4.21878=0.40650 + 3.60087 + 0.20886 + 0.00256 ], test-recall=[0.0807, 0.1236], test-ndcg=[0.0575, 0.0724]
2025-06-07 18:34:51,904 - Epoch 91 [12.2s + 3.7s]: train==[4.21906=0.40656 + 3.60080 + 0.20915 + 0.00256 ], test-recall=[0.0808, 0.1237], test-ndcg=[0.0577, 0.0725]
2025-06-07 18:35:07,621 - Epoch 92 [11.8s + 3.9s]: train==[4.21852=0.40587 + 3.60071 + 0.20938 + 0.00256 ], test-recall=[0.0811, 0.1239], test-ndcg=[0.0579, 0.0727]
2025-06-07 18:35:24,641 - Epoch 93 [13.6s + 3.4s]: train==[4.21824=0.40546 + 3.60058 + 0.20964 + 0.00256 ], test-recall=[0.0811, 0.1240], test-ndcg=[0.0579, 0.0728]
2025-06-07 18:35:41,807 - Epoch 94 [12.8s + 4.4s]: train==[4.21854=0.40507 + 3.60091 + 0.21000 + 0.00257 ], test-recall=[0.0814, 0.1243], test-ndcg=[0.0581, 0.0729]
2025-06-07 18:35:59,050 - Epoch 95 [12.2s + 5.0s]: train==[4.21759=0.40381 + 3.60090 + 0.21031 + 0.00257 ], test-recall=[0.0813, 0.1248], test-ndcg=[0.0582, 0.0732]
2025-06-07 18:36:16,361 - Epoch 96 [13.6s + 3.8s]: train==[4.21770=0.40378 + 3.60073 + 0.21062 + 0.00257 ], test-recall=[0.0815, 0.1250], test-ndcg=[0.0583, 0.0733]
2025-06-07 18:36:33,762 - Epoch 97 [13.3s + 4.1s]: train==[4.21655=0.40280 + 3.60022 + 0.21096 + 0.00257 ], test-recall=[0.0817, 0.1247], test-ndcg=[0.0584, 0.0733]
2025-06-07 18:36:50,471 - Epoch 98 [12.2s + 4.5s]: train==[4.21686=0.40268 + 3.60050 + 0.21111 + 0.00258 ], test-recall=[0.0818, 0.1249], test-ndcg=[0.0585, 0.0734]
2025-06-07 18:37:08,197 - Epoch 99 [13.4s + 4.4s]: train==[4.21588=0.40205 + 3.59983 + 0.21142 + 0.00258 ], test-recall=[0.0816, 0.1252], test-ndcg=[0.0585, 0.0736]
2025-06-07 18:37:24,733 - Epoch 100 [12.2s + 4.4s]: train==[4.21580=0.40173 + 3.59986 + 0.21163 + 0.00258 ], test-recall=[0.0821, 0.1254], test-ndcg=[0.0586, 0.0736]
2025-06-07 18:37:41,588 - Epoch 101 [12.1s + 4.8s]: train==[4.21589=0.40150 + 3.59999 + 0.21182 + 0.00258 ], test-recall=[0.0818, 0.1256], test-ndcg=[0.0586, 0.0738]
2025-06-07 18:37:57,867 - Epoch 102 [12.0s + 4.3s]: train==[4.21549=0.40075 + 3.60008 + 0.21208 + 0.00258 ], test-recall=[0.0822, 0.1260], test-ndcg=[0.0588, 0.0739]
2025-06-07 18:38:14,897 - Epoch 103 [12.7s + 4.3s]: train==[4.21510=0.40065 + 3.59950 + 0.21236 + 0.00259 ], test-recall=[0.0820, 0.1263], test-ndcg=[0.0587, 0.0740]
2025-06-07 18:38:31,066 - Epoch 104 [12.1s + 4.1s]: train==[4.21445=0.40006 + 3.59931 + 0.21250 + 0.00259 ], test-recall=[0.0825, 0.1261], test-ndcg=[0.0590, 0.0741]
2025-06-07 18:38:48,092 - Epoch 105 [13.1s + 3.9s]: train==[4.21457=0.39970 + 3.59961 + 0.21266 + 0.00259 ], test-recall=[0.0825, 0.1264], test-ndcg=[0.0591, 0.0743]
2025-06-07 18:39:04,555 - Epoch 106 [12.2s + 4.2s]: train==[4.21360=0.39905 + 3.59906 + 0.21289 + 0.00259 ], test-recall=[0.0827, 0.1265], test-ndcg=[0.0591, 0.0742]
2025-06-07 18:39:21,002 - Epoch 107 [12.0s + 4.4s]: train==[4.21383=0.39891 + 3.59923 + 0.21309 + 0.00260 ], test-recall=[0.0829, 0.1267], test-ndcg=[0.0593, 0.0745]
2025-06-07 18:39:38,663 - Epoch 108 [13.0s + 4.7s]: train==[4.21395=0.39889 + 3.59916 + 0.21331 + 0.00260 ], test-recall=[0.0831, 0.1268], test-ndcg=[0.0593, 0.0745]
2025-06-07 18:39:56,037 - Epoch 109 [12.9s + 4.5s]: train==[4.21339=0.39824 + 3.59904 + 0.21351 + 0.00260 ], test-recall=[0.0834, 0.1269], test-ndcg=[0.0595, 0.0746]
2025-06-07 18:40:12,128 - Epoch 110 [12.1s + 4.0s]: train==[4.21349=0.39832 + 3.59881 + 0.21376 + 0.00260 ], test-recall=[0.0833, 0.1272], test-ndcg=[0.0596, 0.0748]
2025-06-07 18:40:27,241 - Epoch 111 [11.6s + 3.5s]: train==[4.21358=0.39778 + 3.59938 + 0.21382 + 0.00261 ], test-recall=[0.0834, 0.1273], test-ndcg=[0.0597, 0.0749]
2025-06-07 18:40:42,801 - Epoch 112 [11.9s + 3.7s]: train==[4.21229=0.39685 + 3.59873 + 0.21410 + 0.00261 ], test-recall=[0.0832, 0.1274], test-ndcg=[0.0596, 0.0749]
2025-06-07 18:40:57,647 - Epoch 113 [11.9s + 2.9s]: train==[4.21213=0.39690 + 3.59839 + 0.21423 + 0.00261 ], test-recall=[0.0834, 0.1275], test-ndcg=[0.0597, 0.0750]
2025-06-07 18:41:13,982 - Epoch 114 [11.8s + 4.6s]: train==[4.21222=0.39693 + 3.59839 + 0.21429 + 0.00261 ], test-recall=[0.0836, 0.1279], test-ndcg=[0.0598, 0.0752]
2025-06-07 18:41:31,314 - Epoch 115 [13.4s + 4.0s]: train==[4.21243=0.39637 + 3.59893 + 0.21451 + 0.00262 ], test-recall=[0.0836, 0.1281], test-ndcg=[0.0598, 0.0752]
2025-06-07 18:41:47,750 - Epoch 116 [12.2s + 4.3s]: train==[4.21284=0.39624 + 3.59925 + 0.21473 + 0.00262 ], test-recall=[0.0837, 0.1278], test-ndcg=[0.0600, 0.0753]
2025-06-07 18:42:05,359 - Epoch 117 [13.6s + 4.0s]: train==[4.21180=0.39574 + 3.59852 + 0.21491 + 0.00262 ], test-recall=[0.0836, 0.1280], test-ndcg=[0.0599, 0.0753]
2025-06-07 18:42:22,067 - Epoch 118 [12.6s + 4.2s]: train==[4.21143=0.39546 + 3.59836 + 0.21499 + 0.00262 ], test-recall=[0.0836, 0.1279], test-ndcg=[0.0600, 0.0753]
2025-06-07 18:42:39,243 - Epoch 119 [13.6s + 3.6s]: train==[4.21156=0.39546 + 3.59842 + 0.21505 + 0.00263 ], test-recall=[0.0838, 0.1279], test-ndcg=[0.0601, 0.0754]
2025-06-07 18:42:55,565 - Epoch 120 [13.2s + 3.2s]: train==[4.21154=0.39509 + 3.59866 + 0.21517 + 0.00263 ], test-recall=[0.0839, 0.1280], test-ndcg=[0.0602, 0.0755]
2025-06-07 18:43:12,427 - Epoch 121 [12.5s + 4.3s]: train==[4.21103=0.39489 + 3.59823 + 0.21528 + 0.00263 ], test-recall=[0.0838, 0.1280], test-ndcg=[0.0601, 0.0755]
2025-06-07 18:43:28,359 - Epoch 122 [11.9s + 4.1s]: train==[4.21070=0.39448 + 3.59819 + 0.21539 + 0.00263 ], test-recall=[0.0839, 0.1280], test-ndcg=[0.0602, 0.0755]
2025-06-07 18:43:44,405 - Epoch 123 [11.5s + 4.5s]: train==[4.21083=0.39387 + 3.59877 + 0.21555 + 0.00263 ], test-recall=[0.0840, 0.1283], test-ndcg=[0.0602, 0.0756]
2025-06-07 18:43:59,755 - Epoch 124 [11.8s + 3.5s]: train==[4.21079=0.39380 + 3.59863 + 0.21572 + 0.00264 ], test-recall=[0.0841, 0.1285], test-ndcg=[0.0603, 0.0757]
2025-06-07 18:44:16,497 - Epoch 125 [12.9s + 3.9s]: train==[4.21053=0.39347 + 3.59858 + 0.21585 + 0.00264 ], test-recall=[0.0840, 0.1285], test-ndcg=[0.0603, 0.0757]
2025-06-07 18:44:31,754 - Epoch 126 [11.5s + 3.8s]: train==[4.21106=0.39310 + 3.59930 + 0.21602 + 0.00264 ], test-recall=[0.0842, 0.1285], test-ndcg=[0.0604, 0.0758]
2025-06-07 18:44:48,811 - Epoch 127 [12.9s + 4.2s]: train==[4.21044=0.39319 + 3.59845 + 0.21615 + 0.00264 ], test-recall=[0.0842, 0.1285], test-ndcg=[0.0605, 0.0758]
2025-06-07 18:45:05,231 - Epoch 128 [11.8s + 4.6s]: train==[4.21071=0.39286 + 3.59893 + 0.21628 + 0.00265 ], test-recall=[0.0843, 0.1285], test-ndcg=[0.0606, 0.0759]
2025-06-07 18:45:19,952 - Epoch 129 [11.8s + 2.9s]: train==[4.20977=0.39246 + 3.59828 + 0.21638 + 0.00265 ], test-recall=[0.0845, 0.1284], test-ndcg=[0.0606, 0.0758]
2025-06-07 18:45:37,246 - Epoch 130 [12.5s + 4.8s]: train==[4.20977=0.39231 + 3.59833 + 0.21648 + 0.00265 ], test-recall=[0.0845, 0.1283], test-ndcg=[0.0606, 0.0758]
2025-06-07 18:45:53,393 - Epoch 131 [12.0s + 4.1s]: train==[4.21013=0.39217 + 3.59875 + 0.21656 + 0.00265 ], test-recall=[0.0844, 0.1287], test-ndcg=[0.0605, 0.0759]
2025-06-07 18:46:08,205 - Epoch 132 [11.8s + 3.0s]: train==[4.20927=0.39127 + 3.59867 + 0.21668 + 0.00266 ], test-recall=[0.0842, 0.1286], test-ndcg=[0.0606, 0.0760]
2025-06-07 18:46:23,069 - Epoch 133 [11.7s + 3.2s]: train==[4.20976=0.39142 + 3.59878 + 0.21691 + 0.00266 ], test-recall=[0.0842, 0.1287], test-ndcg=[0.0606, 0.0761]
2025-06-07 18:46:39,129 - Epoch 134 [12.1s + 3.9s]: train==[4.20965=0.39142 + 3.59856 + 0.21701 + 0.00266 ], test-recall=[0.0844, 0.1289], test-ndcg=[0.0607, 0.0762]
2025-06-07 18:46:55,448 - Epoch 135 [12.1s + 4.3s]: train==[4.20954=0.39118 + 3.59866 + 0.21703 + 0.00266 ], test-recall=[0.0847, 0.1291], test-ndcg=[0.0608, 0.0762]
2025-06-07 18:47:12,090 - Epoch 136 [11.9s + 4.7s]: train==[4.20965=0.39100 + 3.59884 + 0.21714 + 0.00267 ], test-recall=[0.0847, 0.1292], test-ndcg=[0.0608, 0.0762]
2025-06-07 18:47:30,835 - Epoch 137 [14.7s + 4.1s]: train==[4.20943=0.39030 + 3.59905 + 0.21741 + 0.00267 ], test-recall=[0.0849, 0.1291], test-ndcg=[0.0609, 0.0762]
2025-06-07 18:47:49,272 - Epoch 138 [13.6s + 4.9s]: train==[4.20871=0.39016 + 3.59843 + 0.21745 + 0.00267 ], test-recall=[0.0851, 0.1293], test-ndcg=[0.0610, 0.0763]
2025-06-07 18:48:07,009 - Epoch 139 [13.7s + 4.0s]: train==[4.20845=0.38994 + 3.59831 + 0.21753 + 0.00267 ], test-recall=[0.0849, 0.1294], test-ndcg=[0.0609, 0.0763]
2025-06-07 18:48:24,174 - Epoch 140 [13.0s + 4.2s]: train==[4.20871=0.38983 + 3.59867 + 0.21754 + 0.00268 ], test-recall=[0.0850, 0.1296], test-ndcg=[0.0610, 0.0764]
2025-06-07 18:48:40,618 - Epoch 141 [12.6s + 3.9s]: train==[4.20859=0.38953 + 3.59869 + 0.21769 + 0.00268 ], test-recall=[0.0854, 0.1297], test-ndcg=[0.0612, 0.0765]
2025-06-07 18:48:58,346 - Epoch 142 [13.5s + 4.3s]: train==[4.20912=0.38979 + 3.59886 + 0.21779 + 0.00268 ], test-recall=[0.0850, 0.1296], test-ndcg=[0.0611, 0.0765]
2025-06-07 18:49:13,889 - Epoch 143 [12.4s + 3.2s]: train==[4.20883=0.38983 + 3.59852 + 0.21779 + 0.00268 ], test-recall=[0.0851, 0.1298], test-ndcg=[0.0611, 0.0766]
2025-06-07 18:49:29,694 - Epoch 144 [11.6s + 4.2s]: train==[4.20843=0.38918 + 3.59866 + 0.21791 + 0.00269 ], test-recall=[0.0852, 0.1298], test-ndcg=[0.0611, 0.0766]
2025-06-07 18:49:46,111 - Epoch 145 [12.5s + 3.9s]: train==[4.20797=0.38916 + 3.59819 + 0.21794 + 0.00269 ], test-recall=[0.0853, 0.1300], test-ndcg=[0.0613, 0.0768]
2025-06-07 18:50:02,724 - Epoch 146 [12.3s + 4.4s]: train==[4.20803=0.38868 + 3.59867 + 0.21799 + 0.00269 ], test-recall=[0.0853, 0.1302], test-ndcg=[0.0614, 0.0769]
2025-06-07 18:50:19,860 - Epoch 147 [13.0s + 4.1s]: train==[4.20833=0.38857 + 3.59902 + 0.21804 + 0.00269 ], test-recall=[0.0856, 0.1301], test-ndcg=[0.0615, 0.0769]
2025-06-07 18:50:36,483 - Epoch 148 [11.9s + 4.8s]: train==[4.20850=0.38888 + 3.59876 + 0.21816 + 0.00270 ], test-recall=[0.0856, 0.1301], test-ndcg=[0.0614, 0.0769]
2025-06-07 18:50:52,670 - Epoch 149 [12.4s + 3.8s]: train==[4.20873=0.38900 + 3.59879 + 0.21824 + 0.00270 ], test-recall=[0.0854, 0.1304], test-ndcg=[0.0613, 0.0770]
2025-06-07 18:51:09,616 - Epoch 150 [12.6s + 4.3s]: train==[4.20838=0.38860 + 3.59874 + 0.21833 + 0.00270 ], test-recall=[0.0857, 0.1303], test-ndcg=[0.0615, 0.0770]
2025-06-07 18:51:26,964 - Epoch 151 [12.7s + 4.7s]: train==[4.20701=0.38785 + 3.59813 + 0.21832 + 0.00270 ], test-recall=[0.0856, 0.1303], test-ndcg=[0.0615, 0.0770]
2025-06-07 18:51:42,736 - Epoch 152 [12.2s + 3.6s]: train==[4.20773=0.38779 + 3.59883 + 0.21841 + 0.00271 ], test-recall=[0.0857, 0.1303], test-ndcg=[0.0615, 0.0769]
2025-06-07 18:51:59,956 - Epoch 153 [13.0s + 4.3s]: train==[4.20760=0.38725 + 3.59910 + 0.21854 + 0.00271 ], test-recall=[0.0857, 0.1303], test-ndcg=[0.0614, 0.0769]
2025-06-07 18:52:15,559 - Epoch 154 [11.9s + 3.7s]: train==[4.20784=0.38760 + 3.59894 + 0.21860 + 0.00271 ], test-recall=[0.0857, 0.1304], test-ndcg=[0.0615, 0.0770]
2025-06-07 18:52:30,169 - Epoch 155 [11.5s + 3.1s]: train==[4.20737=0.38748 + 3.59843 + 0.21875 + 0.00271 ], test-recall=[0.0857, 0.1305], test-ndcg=[0.0615, 0.0771]
2025-06-07 18:52:45,488 - Epoch 156 [11.8s + 3.5s]: train==[4.20745=0.38668 + 3.59925 + 0.21880 + 0.00272 ], test-recall=[0.0855, 0.1304], test-ndcg=[0.0614, 0.0770]
2025-06-07 18:53:00,126 - Epoch 157 [11.6s + 3.1s]: train==[4.20709=0.38684 + 3.59862 + 0.21892 + 0.00272 ], test-recall=[0.0857, 0.1305], test-ndcg=[0.0615, 0.0771]
2025-06-07 18:53:17,061 - Epoch 158 [13.0s + 4.0s]: train==[4.20776=0.38667 + 3.59937 + 0.21900 + 0.00272 ], test-recall=[0.0861, 0.1309], test-ndcg=[0.0617, 0.0772]
2025-06-07 18:53:33,303 - Epoch 159 [12.6s + 3.6s]: train==[4.20750=0.38658 + 3.59910 + 0.21909 + 0.00272 ], test-recall=[0.0860, 0.1305], test-ndcg=[0.0617, 0.0771]
2025-06-07 18:53:51,463 - Epoch 160 [14.4s + 3.8s]: train==[4.20702=0.38667 + 3.59841 + 0.21921 + 0.00273 ], test-recall=[0.0861, 0.1304], test-ndcg=[0.0617, 0.0771]
2025-06-07 18:54:09,815 - Epoch 161 [14.0s + 4.4s]: train==[4.20683=0.38631 + 3.59860 + 0.21920 + 0.00273 ], test-recall=[0.0859, 0.1302], test-ndcg=[0.0616, 0.0770]
2025-06-07 18:54:27,408 - Epoch 162 [13.2s + 4.4s]: train==[4.20653=0.38544 + 3.59903 + 0.21932 + 0.00273 ], test-recall=[0.0860, 0.1303], test-ndcg=[0.0616, 0.0770]
2025-06-07 18:54:44,135 - Epoch 163 [12.4s + 4.3s]: train==[4.20709=0.38557 + 3.59934 + 0.21944 + 0.00273 ], test-recall=[0.0860, 0.1306], test-ndcg=[0.0617, 0.0772]
2025-06-07 18:55:01,417 - Epoch 164 [12.7s + 4.5s]: train==[4.20655=0.38593 + 3.59839 + 0.21949 + 0.00274 ], test-recall=[0.0858, 0.1307], test-ndcg=[0.0616, 0.0771]
2025-06-07 18:55:17,324 - Epoch 165 [13.1s + 2.8s]: train==[4.20637=0.38549 + 3.59855 + 0.21958 + 0.00274 ], test-recall=[0.0859, 0.1308], test-ndcg=[0.0616, 0.0772]
2025-06-07 18:55:32,405 - Epoch 166 [11.4s + 3.7s]: train==[4.20609=0.38552 + 3.59828 + 0.21955 + 0.00274 ], test-recall=[0.0862, 0.1307], test-ndcg=[0.0618, 0.0772]
2025-06-07 18:55:49,504 - Epoch 167 [13.2s + 3.9s]: train==[4.20595=0.38529 + 3.59827 + 0.21964 + 0.00274 ], test-recall=[0.0862, 0.1310], test-ndcg=[0.0617, 0.0772]
2025-06-07 18:56:05,175 - Epoch 168 [12.3s + 3.4s]: train==[4.20584=0.38496 + 3.59845 + 0.21969 + 0.00275 ], test-recall=[0.0859, 0.1310], test-ndcg=[0.0615, 0.0771]
2025-06-07 18:56:19,877 - Epoch 169 [11.9s + 2.8s]: train==[4.20557=0.38468 + 3.59841 + 0.21974 + 0.00275 ], test-recall=[0.0862, 0.1310], test-ndcg=[0.0617, 0.0773]
2025-06-07 18:56:35,986 - Epoch 170 [11.7s + 4.5s]: train==[4.20517=0.38474 + 3.59790 + 0.21977 + 0.00275 ], test-recall=[0.0861, 0.1310], test-ndcg=[0.0618, 0.0774]
2025-06-07 18:56:52,097 - Epoch 171 [11.8s + 4.3s]: train==[4.20539=0.38480 + 3.59804 + 0.21980 + 0.00275 ], test-recall=[0.0861, 0.1310], test-ndcg=[0.0618, 0.0774]
2025-06-07 18:57:09,080 - Epoch 172 [12.5s + 4.5s]: train==[4.20494=0.38437 + 3.59800 + 0.21982 + 0.00276 ], test-recall=[0.0861, 0.1309], test-ndcg=[0.0617, 0.0773]
2025-06-07 18:57:25,108 - Epoch 173 [11.9s + 4.1s]: train==[4.20467=0.38437 + 3.59770 + 0.21985 + 0.00276 ], test-recall=[0.0861, 0.1312], test-ndcg=[0.0619, 0.0775]
2025-06-07 18:57:41,203 - Epoch 174 [11.9s + 4.2s]: train==[4.20446=0.38414 + 3.59767 + 0.21990 + 0.00276 ], test-recall=[0.0860, 0.1311], test-ndcg=[0.0618, 0.0775]
2025-06-07 18:57:58,525 - Epoch 175 [12.5s + 4.8s]: train==[4.20440=0.38394 + 3.59774 + 0.21996 + 0.00276 ], test-recall=[0.0860, 0.1313], test-ndcg=[0.0618, 0.0775]
2025-06-07 18:58:15,134 - Epoch 176 [12.0s + 4.6s]: train==[4.20427=0.38359 + 3.59792 + 0.21999 + 0.00277 ], test-recall=[0.0862, 0.1313], test-ndcg=[0.0618, 0.0775]
2025-06-07 18:58:31,576 - Epoch 177 [11.9s + 4.6s]: train==[4.20358=0.38305 + 3.59760 + 0.22016 + 0.00277 ], test-recall=[0.0860, 0.1311], test-ndcg=[0.0618, 0.0774]
2025-06-07 18:58:47,608 - Epoch 178 [11.7s + 4.3s]: train==[4.20347=0.38312 + 3.59740 + 0.22019 + 0.00277 ], test-recall=[0.0861, 0.1313], test-ndcg=[0.0617, 0.0774]
2025-06-07 18:59:02,978 - Epoch 179 [12.2s + 3.2s]: train==[4.20384=0.38306 + 3.59780 + 0.22021 + 0.00277 ], test-recall=[0.0859, 0.1312], test-ndcg=[0.0617, 0.0774]
2025-06-07 18:59:21,789 - Epoch 180 [13.6s + 5.2s]: train==[4.20322=0.38315 + 3.59703 + 0.22027 + 0.00278 ], test-recall=[0.0861, 0.1311], test-ndcg=[0.0618, 0.0774]
2025-06-07 18:59:40,949 - Epoch 181 [14.8s + 4.4s]: train==[4.20387=0.38311 + 3.59770 + 0.22028 + 0.00278 ], test-recall=[0.0861, 0.1310], test-ndcg=[0.0618, 0.0774]
2025-06-07 18:59:58,217 - Epoch 182 [12.8s + 4.5s]: train==[4.20337=0.38266 + 3.59757 + 0.22036 + 0.00278 ], test-recall=[0.0861, 0.1310], test-ndcg=[0.0618, 0.0774]
2025-06-07 19:00:15,665 - Epoch 183 [12.9s + 4.6s]: train==[4.20324=0.38254 + 3.59753 + 0.22039 + 0.00278 ], test-recall=[0.0862, 0.1310], test-ndcg=[0.0618, 0.0773]
2025-06-07 19:00:32,802 - Epoch 184 [12.7s + 4.5s]: train==[4.20315=0.38230 + 3.59769 + 0.22037 + 0.00279 ], test-recall=[0.0862, 0.1309], test-ndcg=[0.0619, 0.0774]
2025-06-07 19:00:50,451 - Epoch 185 [13.1s + 4.5s]: train==[4.20340=0.38251 + 3.59765 + 0.22046 + 0.00279 ], test-recall=[0.0861, 0.1308], test-ndcg=[0.0619, 0.0774]
2025-06-07 19:01:05,999 - Epoch 186 [12.3s + 3.3s]: train==[4.20304=0.38198 + 3.59777 + 0.22049 + 0.00279 ], test-recall=[0.0861, 0.1309], test-ndcg=[0.0618, 0.0774]
2025-06-07 19:01:23,061 - Epoch 187 [13.1s + 4.0s]: train==[4.20269=0.38181 + 3.59745 + 0.22064 + 0.00279 ], test-recall=[0.0861, 0.1307], test-ndcg=[0.0618, 0.0773]
2025-06-07 19:01:40,117 - Epoch 188 [13.3s + 3.8s]: train==[4.20275=0.38177 + 3.59761 + 0.22057 + 0.00279 ], test-recall=[0.0861, 0.1308], test-ndcg=[0.0618, 0.0774]
2025-06-07 19:01:56,413 - Epoch 189 [11.8s + 4.5s]: train==[4.20294=0.38139 + 3.59811 + 0.22065 + 0.00280 ], test-recall=[0.0861, 0.1308], test-ndcg=[0.0619, 0.0774]
2025-06-07 19:02:12,280 - Epoch 190 [12.1s + 3.8s]: train==[4.20242=0.38112 + 3.59775 + 0.22075 + 0.00280 ], test-recall=[0.0858, 0.1309], test-ndcg=[0.0617, 0.0774]
2025-06-07 19:02:28,826 - Epoch 191 [12.2s + 4.3s]: train==[4.20218=0.38112 + 3.59747 + 0.22079 + 0.00280 ], test-recall=[0.0859, 0.1308], test-ndcg=[0.0618, 0.0774]
2025-06-07 19:02:43,434 - Epoch 192 [11.6s + 3.0s]: train==[4.20226=0.38093 + 3.59776 + 0.22077 + 0.00280 ], test-recall=[0.0860, 0.1310], test-ndcg=[0.0619, 0.0775]
2025-06-07 19:02:59,529 - Epoch 193 [13.0s + 3.1s]: train==[4.20243=0.38068 + 3.59811 + 0.22084 + 0.00281 ], test-recall=[0.0860, 0.1307], test-ndcg=[0.0618, 0.0773]
2025-06-07 19:03:15,306 - Epoch 194 [11.9s + 3.9s]: train==[4.20212=0.38065 + 3.59780 + 0.22086 + 0.00281 ], test-recall=[0.0860, 0.1307], test-ndcg=[0.0617, 0.0773]
2025-06-07 19:03:32,243 - Epoch 195 [12.6s + 4.3s]: train==[4.20260=0.38057 + 3.59831 + 0.22091 + 0.00281 ], test-recall=[0.0861, 0.1310], test-ndcg=[0.0617, 0.0773]
2025-06-07 19:03:48,949 - Epoch 196 [12.0s + 4.7s]: train==[4.20206=0.38048 + 3.59786 + 0.22091 + 0.00281 ], test-recall=[0.0864, 0.1310], test-ndcg=[0.0618, 0.0773]
2025-06-07 19:04:05,185 - Epoch 197 [12.0s + 4.2s]: train==[4.20165=0.37960 + 3.59822 + 0.22102 + 0.00282 ], test-recall=[0.0861, 0.1312], test-ndcg=[0.0617, 0.0774]
2025-06-07 19:04:21,402 - Epoch 198 [12.8s + 3.4s]: train==[4.20133=0.37954 + 3.59785 + 0.22112 + 0.00282 ], test-recall=[0.0860, 0.1309], test-ndcg=[0.0618, 0.0773]
2025-06-07 19:04:37,547 - Epoch 199 [12.0s + 4.1s]: train==[4.20129=0.37931 + 3.59802 + 0.22114 + 0.00282 ], test-recall=[0.0861, 0.1308], test-ndcg=[0.0617, 0.0773]
2025-06-07 19:04:37,547 - Best Test Set Result: Epoch 196 test-recall=[0.0864, 0.1313], test-ndcg=[0.0618, 0.0775]
